--------------- Build Started: 05/23/2023 08:20:53 Project: Liquid Crystal Display, Configuration: ARM GCC 5.4-2016-q2-update Debug ---------------
cydsfit.exe -.appdatapath "C:\Users\Arturo\AppData\Local\Cypress Semiconductor\PSoC Creator\4.2" -.fdsnotice -.fdswarpdepfile=warp_dependencies.txt -.fdselabdepfile=elab_dependencies.txt -.fdsbldfile=generated_files.txt -.fdsreffile=referenced_files.txt -p "C:\Users\Arturo\Documents\MSC\Subjects\MDiscretas\Test\Liquid Crystal Display.cydsn\Liquid Crystal Display.cyprj" -d CY8C4245AXI-483 -s "C:\Users\Arturo\Documents\MSC\Subjects\MDiscretas\Test\Liquid Crystal Display.cydsn\Generated_Source\PSoC4" -- -yv2 -q10 -ygs -o2 -v3 -.fftcfgtype=LE
Elaborating Design...
HDL Generation...
Synthesis...
Tech Mapping...
Analog Placement...
Analog Routing...
Analog Code Generation...
Digital Placement...
Digital Routing...
Bitstream Generation...
Bitstream Verification...
Static timing analysis...
API Generation...
Dependency Generation...
Cleanup...
arm-none-eabi-gcc.exe -mcpu=cortex-m0 -mthumb -I. -IGenerated_Source\PSoC4 -Wa,-alh=.\CortexM0\ARM_GCC_541\Debug/cybootloader.lst -g -D DEBUG -Wall -ffunction-sections -ffat-lto-objects -O0 -c Generated_Source\PSoC4\cybootloader.c -o .\CortexM0\ARM_GCC_541\Debug\cybootloader.o
arm-none-eabi-ar.exe -rs ".\CortexM0\ARM_GCC_541\Debug\Liquid Crystal Display.a" .\CortexM0\ARM_GCC_541\Debug\Bootloadable_1.o .\CortexM0\ARM_GCC_541\Debug\CyFlash.o .\CortexM0\ARM_GCC_541\Debug\CyLib.o .\CortexM0\ARM_GCC_541\Debug\cyPm.o .\CortexM0\ARM_GCC_541\Debug\cyutils.o .\CortexM0\ARM_GCC_541\Debug\Clock_1.o .\CortexM0\ARM_GCC_541\Debug\cy_em_eeprom.o .\CortexM0\ARM_GCC_541\Debug\CyLFClk.o .\CortexM0\ARM_GCC_541\Debug\Yellow_LED.o .\CortexM0\ARM_GCC_541\Debug\Yellow_LED_PM.o .\CortexM0\ARM_GCC_541\Debug\Red_LED.o .\CortexM0\ARM_GCC_541\Debug\Red_LED_PM.o .\CortexM0\ARM_GCC_541\Debug\Green_LED.o .\CortexM0\ARM_GCC_541\Debug\Green_LED_PM.o .\CortexM0\ARM_GCC_541\Debug\CyBootAsmGnu.o
arm-none-eabi-ar.exe: creating .\CortexM0\ARM_GCC_541\Debug\Liquid Crystal Display.a
arm-none-eabi-gcc.exe -Wl,--start-group -o "C:\Users\Arturo\Documents\MSC\Subjects\MDiscretas\Test\Liquid Crystal Display.cydsn\CortexM0\ARM_GCC_541\Debug\Liquid Crystal Display.elf" .\CortexM0\ARM_GCC_541\Debug\main.o .\CortexM0\ARM_GCC_541\Debug\cyfitter_cfg.o .\CortexM0\ARM_GCC_541\Debug\cybootloader.o .\CortexM0\ARM_GCC_541\Debug\cymetadata.o .\CortexM0\ARM_GCC_541\Debug\Cm0Start.o ".\CortexM0\ARM_GCC_541\Debug\Liquid Crystal Display.a" -mcpu=cortex-m0 -mthumb -L Generated_Source\PSoC4 "-Wl,-Map,.\CortexM0\ARM_GCC_541\Debug/Liquid Crystal Display.map" -T Generated_Source\PSoC4\cm0gcc.ld -specs=nano.specs -Wl,--gc-sections -g -ffunction-sections -O0 -ffat-lto-objects -Wl,--end-group
cyelftool.exe -B "C:\Users\Arturo\Documents\MSC\Subjects\MDiscretas\Test\Liquid Crystal Display.cydsn\CortexM0\ARM_GCC_541\Debug\Liquid Crystal Display.elf" --flash_row_size 128 --flash_size 32768 --flash_offset 0x00000000 --flash_array_size 32768
No ELF section .cychecksum found, creating one
Application checksum calculated and stored in ELF section .cychecksum
Checksum calculated and stored in ELF section .cymeta
cyelftool.exe -S "C:\Users\Arturo\Documents\MSC\Subjects\MDiscretas\Test\Liquid Crystal Display.cydsn\CortexM0\ARM_GCC_541\Debug\Liquid Crystal Display.elf"
Flash used: 26392 of 32768 bytes (80.5 %). Bootloader: 24192 bytes. Application: 2072 bytes. Metadata: 128 bytes.
SRAM used: 1640 of 4096 bytes (40.0 %). Stack: 1024 bytes. Heap: 256 bytes.
--------------- Build Succeeded: 05/23/2023 08:20:58 ---------------
