ARM GAS  C:\Users\Arturo\AppData\Local\Temp\cceUXB2G.s 			page 1


   1              		.syntax unified
   2              		.cpu cortex-m0
   3              		.fpu softvfp
   4              		.eabi_attribute 20, 1
   5              		.eabi_attribute 21, 1
   6              		.eabi_attribute 23, 3
   7              		.eabi_attribute 24, 1
   8              		.eabi_attribute 25, 1
   9              		.eabi_attribute 26, 1
  10              		.eabi_attribute 30, 6
  11              		.eabi_attribute 34, 0
  12              		.eabi_attribute 18, 4
  13              		.thumb
  14              		.syntax unified
  15              		.file	"cyfitter_cfg.c"
  16              		.text
  17              	.Ltext0:
  18              		.cfi_sections	.debug_frame
  19              		.section	.text.CYMEMZERO,"ax",%progbits
  20              		.align	2
  21              		.code	16
  22              		.thumb_func
  23              		.type	CYMEMZERO, %function
  24              	CYMEMZERO:
  25              	.LFB0:
  26              		.file 1 "Generated_Source\\PSoC4\\cyfitter_cfg.c"
   1:Generated_Source\PSoC4/cyfitter_cfg.c **** 
   2:Generated_Source\PSoC4/cyfitter_cfg.c **** /*******************************************************************************
   3:Generated_Source\PSoC4/cyfitter_cfg.c **** * File Name: cyfitter_cfg.c
   4:Generated_Source\PSoC4/cyfitter_cfg.c **** * 
   5:Generated_Source\PSoC4/cyfitter_cfg.c **** * PSoC Creator  4.2
   6:Generated_Source\PSoC4/cyfitter_cfg.c **** *
   7:Generated_Source\PSoC4/cyfitter_cfg.c **** * Description:
   8:Generated_Source\PSoC4/cyfitter_cfg.c **** * This file contains device initialization code.
   9:Generated_Source\PSoC4/cyfitter_cfg.c **** * Except for the user defined sections in CyClockStartupError(), this file should not be modified.
  10:Generated_Source\PSoC4/cyfitter_cfg.c **** * This file is automatically generated by PSoC Creator.
  11:Generated_Source\PSoC4/cyfitter_cfg.c **** *
  12:Generated_Source\PSoC4/cyfitter_cfg.c **** ********************************************************************************
  13:Generated_Source\PSoC4/cyfitter_cfg.c **** * Copyright (c) 2007-2018 Cypress Semiconductor.  All rights reserved.
  14:Generated_Source\PSoC4/cyfitter_cfg.c **** * You may use this file only in accordance with the license, terms, conditions, 
  15:Generated_Source\PSoC4/cyfitter_cfg.c **** * disclaimers, and limitations in the end user license agreement accompanying 
  16:Generated_Source\PSoC4/cyfitter_cfg.c **** * the software package with which this file was provided.
  17:Generated_Source\PSoC4/cyfitter_cfg.c **** ********************************************************************************/
  18:Generated_Source\PSoC4/cyfitter_cfg.c **** 
  19:Generated_Source\PSoC4/cyfitter_cfg.c **** #include <string.h>
  20:Generated_Source\PSoC4/cyfitter_cfg.c **** #include "cytypes.h"
  21:Generated_Source\PSoC4/cyfitter_cfg.c **** #include "cydevice_trm.h"
  22:Generated_Source\PSoC4/cyfitter_cfg.c **** #include "cyfitter.h"
  23:Generated_Source\PSoC4/cyfitter_cfg.c **** #include "CyLib.h"
  24:Generated_Source\PSoC4/cyfitter_cfg.c **** #include "cyfitter_cfg.h"
  25:Generated_Source\PSoC4/cyfitter_cfg.c **** 
  26:Generated_Source\PSoC4/cyfitter_cfg.c **** 
  27:Generated_Source\PSoC4/cyfitter_cfg.c **** #if defined(__GNUC__) || defined(__ARMCC_VERSION)
  28:Generated_Source\PSoC4/cyfitter_cfg.c ****     #define CYPACKED 
  29:Generated_Source\PSoC4/cyfitter_cfg.c ****     #define CYPACKED_ATTR __attribute__ ((packed))
  30:Generated_Source\PSoC4/cyfitter_cfg.c ****     #define CYALIGNED __attribute__ ((aligned))
  31:Generated_Source\PSoC4/cyfitter_cfg.c ****     #define CY_CFG_UNUSED __attribute__ ((unused))
ARM GAS  C:\Users\Arturo\AppData\Local\Temp\cceUXB2G.s 			page 2


  32:Generated_Source\PSoC4/cyfitter_cfg.c ****     #ifndef CY_CFG_SECTION
  33:Generated_Source\PSoC4/cyfitter_cfg.c ****         #define CY_CFG_SECTION __attribute__ ((section(".psocinit")))
  34:Generated_Source\PSoC4/cyfitter_cfg.c ****     #endif
  35:Generated_Source\PSoC4/cyfitter_cfg.c ****     
  36:Generated_Source\PSoC4/cyfitter_cfg.c ****     #if defined(__ARMCC_VERSION)
  37:Generated_Source\PSoC4/cyfitter_cfg.c ****         #define CY_CFG_MEMORY_BARRIER() __memory_changed()
  38:Generated_Source\PSoC4/cyfitter_cfg.c ****     #else
  39:Generated_Source\PSoC4/cyfitter_cfg.c ****         #define CY_CFG_MEMORY_BARRIER() __sync_synchronize()
  40:Generated_Source\PSoC4/cyfitter_cfg.c ****     #endif
  41:Generated_Source\PSoC4/cyfitter_cfg.c ****     
  42:Generated_Source\PSoC4/cyfitter_cfg.c **** #elif defined(__ICCARM__)
  43:Generated_Source\PSoC4/cyfitter_cfg.c ****     #include <intrinsics.h>
  44:Generated_Source\PSoC4/cyfitter_cfg.c **** 
  45:Generated_Source\PSoC4/cyfitter_cfg.c ****     #define CYPACKED __packed
  46:Generated_Source\PSoC4/cyfitter_cfg.c ****     #define CYPACKED_ATTR 
  47:Generated_Source\PSoC4/cyfitter_cfg.c ****     #define CYALIGNED _Pragma("data_alignment=4")
  48:Generated_Source\PSoC4/cyfitter_cfg.c ****     #define CY_CFG_UNUSED _Pragma("diag_suppress=Pe177")
  49:Generated_Source\PSoC4/cyfitter_cfg.c ****     #define CY_CFG_SECTION _Pragma("location=\".psocinit\"")
  50:Generated_Source\PSoC4/cyfitter_cfg.c ****     
  51:Generated_Source\PSoC4/cyfitter_cfg.c ****     #define CY_CFG_MEMORY_BARRIER() __DMB()
  52:Generated_Source\PSoC4/cyfitter_cfg.c ****     
  53:Generated_Source\PSoC4/cyfitter_cfg.c **** #else
  54:Generated_Source\PSoC4/cyfitter_cfg.c ****     #error Unsupported toolchain
  55:Generated_Source\PSoC4/cyfitter_cfg.c **** #endif
  56:Generated_Source\PSoC4/cyfitter_cfg.c **** 
  57:Generated_Source\PSoC4/cyfitter_cfg.c **** #ifndef CYCODE
  58:Generated_Source\PSoC4/cyfitter_cfg.c ****     #define CYCODE
  59:Generated_Source\PSoC4/cyfitter_cfg.c **** #endif
  60:Generated_Source\PSoC4/cyfitter_cfg.c **** #ifndef CYDATA
  61:Generated_Source\PSoC4/cyfitter_cfg.c ****     #define CYDATA
  62:Generated_Source\PSoC4/cyfitter_cfg.c **** #endif
  63:Generated_Source\PSoC4/cyfitter_cfg.c **** #ifndef CYFAR
  64:Generated_Source\PSoC4/cyfitter_cfg.c ****     #define CYFAR
  65:Generated_Source\PSoC4/cyfitter_cfg.c **** #endif
  66:Generated_Source\PSoC4/cyfitter_cfg.c **** #ifndef CYXDATA
  67:Generated_Source\PSoC4/cyfitter_cfg.c ****     #define CYXDATA
  68:Generated_Source\PSoC4/cyfitter_cfg.c **** #endif
  69:Generated_Source\PSoC4/cyfitter_cfg.c **** 
  70:Generated_Source\PSoC4/cyfitter_cfg.c **** 
  71:Generated_Source\PSoC4/cyfitter_cfg.c **** CY_CFG_UNUSED
  72:Generated_Source\PSoC4/cyfitter_cfg.c **** static void CYMEMZERO(void *s, size_t n);
  73:Generated_Source\PSoC4/cyfitter_cfg.c **** CY_CFG_UNUSED
  74:Generated_Source\PSoC4/cyfitter_cfg.c **** static void CYMEMZERO(void *s, size_t n)
  75:Generated_Source\PSoC4/cyfitter_cfg.c **** {
  27              		.loc 1 75 0
  28              		.cfi_startproc
  29              		@ args = 0, pretend = 0, frame = 8
  30              		@ frame_needed = 1, uses_anonymous_args = 0
  31 0000 80B5     		push	{r7, lr}
  32              		.cfi_def_cfa_offset 8
  33              		.cfi_offset 7, -8
  34              		.cfi_offset 14, -4
  35 0002 82B0     		sub	sp, sp, #8
  36              		.cfi_def_cfa_offset 16
  37 0004 00AF     		add	r7, sp, #0
  38              		.cfi_def_cfa_register 7
  39 0006 7860     		str	r0, [r7, #4]
ARM GAS  C:\Users\Arturo\AppData\Local\Temp\cceUXB2G.s 			page 3


  40 0008 3960     		str	r1, [r7]
  76:Generated_Source\PSoC4/cyfitter_cfg.c **** 	(void)memset(s, 0, n);
  41              		.loc 1 76 0
  42 000a 3A68     		ldr	r2, [r7]
  43 000c 7B68     		ldr	r3, [r7, #4]
  44 000e 0021     		movs	r1, #0
  45 0010 1800     		movs	r0, r3
  46 0012 FFF7FEFF 		bl	memset
  77:Generated_Source\PSoC4/cyfitter_cfg.c **** }
  47              		.loc 1 77 0
  48 0016 C046     		nop
  49 0018 BD46     		mov	sp, r7
  50 001a 02B0     		add	sp, sp, #8
  51              		@ sp needed
  52 001c 80BD     		pop	{r7, pc}
  53              		.cfi_endproc
  54              	.LFE0:
  55              		.size	CYMEMZERO, .-CYMEMZERO
  56 001e C046     		.section	.text.CYCONFIGCPY,"ax",%progbits
  57              		.align	2
  58              		.code	16
  59              		.thumb_func
  60              		.type	CYCONFIGCPY, %function
  61              	CYCONFIGCPY:
  62              	.LFB1:
  78:Generated_Source\PSoC4/cyfitter_cfg.c **** CY_CFG_UNUSED
  79:Generated_Source\PSoC4/cyfitter_cfg.c **** static void CYCONFIGCPY(void *dest, const void *src, size_t n);
  80:Generated_Source\PSoC4/cyfitter_cfg.c **** CY_CFG_UNUSED
  81:Generated_Source\PSoC4/cyfitter_cfg.c **** static void CYCONFIGCPY(void *dest, const void *src, size_t n)
  82:Generated_Source\PSoC4/cyfitter_cfg.c **** {
  63              		.loc 1 82 0
  64              		.cfi_startproc
  65              		@ args = 0, pretend = 0, frame = 16
  66              		@ frame_needed = 1, uses_anonymous_args = 0
  67 0000 80B5     		push	{r7, lr}
  68              		.cfi_def_cfa_offset 8
  69              		.cfi_offset 7, -8
  70              		.cfi_offset 14, -4
  71 0002 84B0     		sub	sp, sp, #16
  72              		.cfi_def_cfa_offset 24
  73 0004 00AF     		add	r7, sp, #0
  74              		.cfi_def_cfa_register 7
  75 0006 F860     		str	r0, [r7, #12]
  76 0008 B960     		str	r1, [r7, #8]
  77 000a 7A60     		str	r2, [r7, #4]
  83:Generated_Source\PSoC4/cyfitter_cfg.c **** 	(void)memcpy(dest, src, n);
  78              		.loc 1 83 0
  79 000c 7A68     		ldr	r2, [r7, #4]
  80 000e B968     		ldr	r1, [r7, #8]
  81 0010 FB68     		ldr	r3, [r7, #12]
  82 0012 1800     		movs	r0, r3
  83 0014 FFF7FEFF 		bl	memcpy
  84:Generated_Source\PSoC4/cyfitter_cfg.c **** }
  84              		.loc 1 84 0
  85 0018 C046     		nop
  86 001a BD46     		mov	sp, r7
  87 001c 04B0     		add	sp, sp, #16
ARM GAS  C:\Users\Arturo\AppData\Local\Temp\cceUXB2G.s 			page 4


  88              		@ sp needed
  89 001e 80BD     		pop	{r7, pc}
  90              		.cfi_endproc
  91              	.LFE1:
  92              		.size	CYCONFIGCPY, .-CYCONFIGCPY
  93              		.section	.text.CYCONFIGCPYCODE,"ax",%progbits
  94              		.align	2
  95              		.code	16
  96              		.thumb_func
  97              		.type	CYCONFIGCPYCODE, %function
  98              	CYCONFIGCPYCODE:
  99              	.LFB2:
  85:Generated_Source\PSoC4/cyfitter_cfg.c **** CY_CFG_UNUSED
  86:Generated_Source\PSoC4/cyfitter_cfg.c **** static void CYCONFIGCPYCODE(void *dest, const void *src, size_t n);
  87:Generated_Source\PSoC4/cyfitter_cfg.c **** CY_CFG_UNUSED
  88:Generated_Source\PSoC4/cyfitter_cfg.c **** static void CYCONFIGCPYCODE(void *dest, const void *src, size_t n)
  89:Generated_Source\PSoC4/cyfitter_cfg.c **** {
 100              		.loc 1 89 0
 101              		.cfi_startproc
 102              		@ args = 0, pretend = 0, frame = 16
 103              		@ frame_needed = 1, uses_anonymous_args = 0
 104 0000 80B5     		push	{r7, lr}
 105              		.cfi_def_cfa_offset 8
 106              		.cfi_offset 7, -8
 107              		.cfi_offset 14, -4
 108 0002 84B0     		sub	sp, sp, #16
 109              		.cfi_def_cfa_offset 24
 110 0004 00AF     		add	r7, sp, #0
 111              		.cfi_def_cfa_register 7
 112 0006 F860     		str	r0, [r7, #12]
 113 0008 B960     		str	r1, [r7, #8]
 114 000a 7A60     		str	r2, [r7, #4]
  90:Generated_Source\PSoC4/cyfitter_cfg.c **** 	(void)memcpy(dest, src, n);
 115              		.loc 1 90 0
 116 000c 7A68     		ldr	r2, [r7, #4]
 117 000e B968     		ldr	r1, [r7, #8]
 118 0010 FB68     		ldr	r3, [r7, #12]
 119 0012 1800     		movs	r0, r3
 120 0014 FFF7FEFF 		bl	memcpy
  91:Generated_Source\PSoC4/cyfitter_cfg.c **** }
 121              		.loc 1 91 0
 122 0018 C046     		nop
 123 001a BD46     		mov	sp, r7
 124 001c 04B0     		add	sp, sp, #16
 125              		@ sp needed
 126 001e 80BD     		pop	{r7, pc}
 127              		.cfi_endproc
 128              	.LFE2:
 129              		.size	CYCONFIGCPYCODE, .-CYCONFIGCPYCODE
 130              		.section	.text.cfg_write_bytes32,"ax",%progbits
 131              		.align	2
 132              		.code	16
 133              		.thumb_func
 134              		.type	cfg_write_bytes32, %function
 135              	cfg_write_bytes32:
 136              	.LFB3:
  92:Generated_Source\PSoC4/cyfitter_cfg.c **** 
ARM GAS  C:\Users\Arturo\AppData\Local\Temp\cceUXB2G.s 			page 5


  93:Generated_Source\PSoC4/cyfitter_cfg.c **** 
  94:Generated_Source\PSoC4/cyfitter_cfg.c **** 
  95:Generated_Source\PSoC4/cyfitter_cfg.c **** 
  96:Generated_Source\PSoC4/cyfitter_cfg.c **** /* Clock startup error codes                                                   */
  97:Generated_Source\PSoC4/cyfitter_cfg.c **** #define CYCLOCKSTART_NO_ERROR    0u
  98:Generated_Source\PSoC4/cyfitter_cfg.c **** #define CYCLOCKSTART_XTAL_ERROR  1u
  99:Generated_Source\PSoC4/cyfitter_cfg.c **** #define CYCLOCKSTART_32KHZ_ERROR 2u
 100:Generated_Source\PSoC4/cyfitter_cfg.c **** #define CYCLOCKSTART_PLL_ERROR   3u
 101:Generated_Source\PSoC4/cyfitter_cfg.c **** #define CYCLOCKSTART_FLL_ERROR   4u
 102:Generated_Source\PSoC4/cyfitter_cfg.c **** #define CYCLOCKSTART_WCO_ERROR   5u
 103:Generated_Source\PSoC4/cyfitter_cfg.c **** 
 104:Generated_Source\PSoC4/cyfitter_cfg.c **** 
 105:Generated_Source\PSoC4/cyfitter_cfg.c **** #ifdef CY_NEED_CYCLOCKSTARTUPERROR
 106:Generated_Source\PSoC4/cyfitter_cfg.c **** /*******************************************************************************
 107:Generated_Source\PSoC4/cyfitter_cfg.c **** * Function Name: CyClockStartupError
 108:Generated_Source\PSoC4/cyfitter_cfg.c **** ********************************************************************************
 109:Generated_Source\PSoC4/cyfitter_cfg.c **** * Summary:
 110:Generated_Source\PSoC4/cyfitter_cfg.c **** *  If an error is encountered during clock configuration (crystal startup error,
 111:Generated_Source\PSoC4/cyfitter_cfg.c **** *  PLL lock error, etc.), the system will end up here.  Unless reimplemented by
 112:Generated_Source\PSoC4/cyfitter_cfg.c **** *  the customer, this function will stop in an infinite loop.
 113:Generated_Source\PSoC4/cyfitter_cfg.c **** *
 114:Generated_Source\PSoC4/cyfitter_cfg.c **** * Parameters:
 115:Generated_Source\PSoC4/cyfitter_cfg.c **** *   void
 116:Generated_Source\PSoC4/cyfitter_cfg.c **** *
 117:Generated_Source\PSoC4/cyfitter_cfg.c **** * Return:
 118:Generated_Source\PSoC4/cyfitter_cfg.c **** *   void
 119:Generated_Source\PSoC4/cyfitter_cfg.c **** *
 120:Generated_Source\PSoC4/cyfitter_cfg.c **** *******************************************************************************/
 121:Generated_Source\PSoC4/cyfitter_cfg.c **** CY_CFG_UNUSED
 122:Generated_Source\PSoC4/cyfitter_cfg.c **** static void CyClockStartupError(uint8 errorCode);
 123:Generated_Source\PSoC4/cyfitter_cfg.c **** CY_CFG_UNUSED
 124:Generated_Source\PSoC4/cyfitter_cfg.c **** static void CyClockStartupError(uint8 errorCode)
 125:Generated_Source\PSoC4/cyfitter_cfg.c **** {
 126:Generated_Source\PSoC4/cyfitter_cfg.c ****     /* To remove the compiler warning if errorCode not used.                */
 127:Generated_Source\PSoC4/cyfitter_cfg.c ****     errorCode = errorCode;
 128:Generated_Source\PSoC4/cyfitter_cfg.c **** 
 129:Generated_Source\PSoC4/cyfitter_cfg.c ****     /* If we have a clock startup error (bad MHz crystal, PLL lock, etc.),  */
 130:Generated_Source\PSoC4/cyfitter_cfg.c ****     /* we will end up here to allow the customer to implement something to  */
 131:Generated_Source\PSoC4/cyfitter_cfg.c ****     /* deal with the clock condition.                                       */
 132:Generated_Source\PSoC4/cyfitter_cfg.c **** 
 133:Generated_Source\PSoC4/cyfitter_cfg.c **** #ifdef CY_CFG_CLOCK_STARTUP_ERROR_CALLBACK
 134:Generated_Source\PSoC4/cyfitter_cfg.c ****     CY_CFG_Clock_Startup_ErrorCallback();
 135:Generated_Source\PSoC4/cyfitter_cfg.c **** #else
 136:Generated_Source\PSoC4/cyfitter_cfg.c ****     /*  If not using CY_CFG_CLOCK_STARTUP_ERROR_CALLBACK, place your clock startup code here. */
 137:Generated_Source\PSoC4/cyfitter_cfg.c ****     /* `#START CyClockStartupError` */
 138:Generated_Source\PSoC4/cyfitter_cfg.c **** 
 139:Generated_Source\PSoC4/cyfitter_cfg.c ****     /* If we have a clock startup error (bad MHz crystal, PLL lock, etc.),  */
 140:Generated_Source\PSoC4/cyfitter_cfg.c ****     /* we will end up here to allow the customer to implement something to  */
 141:Generated_Source\PSoC4/cyfitter_cfg.c ****     /* deal with the clock condition.                                       */
 142:Generated_Source\PSoC4/cyfitter_cfg.c **** 
 143:Generated_Source\PSoC4/cyfitter_cfg.c ****     /* `#END` */
 144:Generated_Source\PSoC4/cyfitter_cfg.c **** 
 145:Generated_Source\PSoC4/cyfitter_cfg.c ****     while(1) {}
 146:Generated_Source\PSoC4/cyfitter_cfg.c **** #endif /* CY_CFG_CLOCK_STARTUP_ERROR_CALLBACK */
 147:Generated_Source\PSoC4/cyfitter_cfg.c **** }
 148:Generated_Source\PSoC4/cyfitter_cfg.c **** #endif
 149:Generated_Source\PSoC4/cyfitter_cfg.c **** 
ARM GAS  C:\Users\Arturo\AppData\Local\Temp\cceUXB2G.s 			page 6


 150:Generated_Source\PSoC4/cyfitter_cfg.c **** #define CY_CFG_BASE_ADDR_COUNT 5u
 151:Generated_Source\PSoC4/cyfitter_cfg.c **** CYPACKED typedef struct
 152:Generated_Source\PSoC4/cyfitter_cfg.c **** {
 153:Generated_Source\PSoC4/cyfitter_cfg.c **** 	uint8 offset;
 154:Generated_Source\PSoC4/cyfitter_cfg.c **** 	uint8 value;
 155:Generated_Source\PSoC4/cyfitter_cfg.c **** } CYPACKED_ATTR cy_cfg_addrvalue_t;
 156:Generated_Source\PSoC4/cyfitter_cfg.c **** 
 157:Generated_Source\PSoC4/cyfitter_cfg.c **** 
 158:Generated_Source\PSoC4/cyfitter_cfg.c **** 
 159:Generated_Source\PSoC4/cyfitter_cfg.c **** /*******************************************************************************
 160:Generated_Source\PSoC4/cyfitter_cfg.c **** * Function Name: cfg_write_bytes32
 161:Generated_Source\PSoC4/cyfitter_cfg.c **** ********************************************************************************
 162:Generated_Source\PSoC4/cyfitter_cfg.c **** * Summary:
 163:Generated_Source\PSoC4/cyfitter_cfg.c **** *  This function is used for setting up the chip configuration areas that
 164:Generated_Source\PSoC4/cyfitter_cfg.c **** *  contain relatively sparse data.
 165:Generated_Source\PSoC4/cyfitter_cfg.c **** *
 166:Generated_Source\PSoC4/cyfitter_cfg.c **** * Parameters:
 167:Generated_Source\PSoC4/cyfitter_cfg.c **** *   void
 168:Generated_Source\PSoC4/cyfitter_cfg.c **** *
 169:Generated_Source\PSoC4/cyfitter_cfg.c **** * Return:
 170:Generated_Source\PSoC4/cyfitter_cfg.c **** *   void
 171:Generated_Source\PSoC4/cyfitter_cfg.c **** *
 172:Generated_Source\PSoC4/cyfitter_cfg.c **** *******************************************************************************/
 173:Generated_Source\PSoC4/cyfitter_cfg.c **** static void cfg_write_bytes32(const uint32 addr_table[], const cy_cfg_addrvalue_t data_table[]);
 174:Generated_Source\PSoC4/cyfitter_cfg.c **** static void cfg_write_bytes32(const uint32 addr_table[], const cy_cfg_addrvalue_t data_table[])
 175:Generated_Source\PSoC4/cyfitter_cfg.c **** {
 137              		.loc 1 175 0
 138              		.cfi_startproc
 139              		@ args = 0, pretend = 0, frame = 24
 140              		@ frame_needed = 1, uses_anonymous_args = 0
 141 0000 80B5     		push	{r7, lr}
 142              		.cfi_def_cfa_offset 8
 143              		.cfi_offset 7, -8
 144              		.cfi_offset 14, -4
 145 0002 86B0     		sub	sp, sp, #24
 146              		.cfi_def_cfa_offset 32
 147 0004 00AF     		add	r7, sp, #0
 148              		.cfi_def_cfa_register 7
 149 0006 7860     		str	r0, [r7, #4]
 150 0008 3960     		str	r1, [r7]
 176:Generated_Source\PSoC4/cyfitter_cfg.c **** 	/* For 32-bit little-endian architectures */
 177:Generated_Source\PSoC4/cyfitter_cfg.c **** 	uint32 i, j = 0u;
 151              		.loc 1 177 0
 152 000a 0023     		movs	r3, #0
 153 000c 3B61     		str	r3, [r7, #16]
 178:Generated_Source\PSoC4/cyfitter_cfg.c **** 	for (i = 0u; i < CY_CFG_BASE_ADDR_COUNT; i++)
 154              		.loc 1 178 0
 155 000e 0023     		movs	r3, #0
 156 0010 7B61     		str	r3, [r7, #20]
 157 0012 2FE0     		b	.L5
 158              	.L8:
 159              	.LBB2:
 179:Generated_Source\PSoC4/cyfitter_cfg.c **** 	{
 180:Generated_Source\PSoC4/cyfitter_cfg.c **** 		uint32 baseAddr = addr_table[i];
 160              		.loc 1 180 0
 161 0014 7B69     		ldr	r3, [r7, #20]
 162 0016 9B00     		lsls	r3, r3, #2
ARM GAS  C:\Users\Arturo\AppData\Local\Temp\cceUXB2G.s 			page 7


 163 0018 7A68     		ldr	r2, [r7, #4]
 164 001a D318     		adds	r3, r2, r3
 165 001c 1B68     		ldr	r3, [r3]
 166 001e BB60     		str	r3, [r7, #8]
 181:Generated_Source\PSoC4/cyfitter_cfg.c **** 		uint8 count = (uint8)baseAddr;
 167              		.loc 1 181 0
 168 0020 0F23     		movs	r3, #15
 169 0022 FB18     		adds	r3, r7, r3
 170 0024 BA68     		ldr	r2, [r7, #8]
 171 0026 1A70     		strb	r2, [r3]
 182:Generated_Source\PSoC4/cyfitter_cfg.c **** 		baseAddr &= 0xFFFFFF00u;
 172              		.loc 1 182 0
 173 0028 BB68     		ldr	r3, [r7, #8]
 174 002a FF22     		movs	r2, #255
 175 002c 9343     		bics	r3, r2
 176 002e BB60     		str	r3, [r7, #8]
 183:Generated_Source\PSoC4/cyfitter_cfg.c **** 		while (count != 0u)
 177              		.loc 1 183 0
 178 0030 18E0     		b	.L6
 179              	.L7:
 184:Generated_Source\PSoC4/cyfitter_cfg.c **** 		{
 185:Generated_Source\PSoC4/cyfitter_cfg.c **** 			CY_SET_REG8((void *)(baseAddr + data_table[j].offset), data_table[j].value);
 180              		.loc 1 185 0
 181 0032 3B69     		ldr	r3, [r7, #16]
 182 0034 5B00     		lsls	r3, r3, #1
 183 0036 3A68     		ldr	r2, [r7]
 184 0038 D318     		adds	r3, r2, r3
 185 003a 1B78     		ldrb	r3, [r3]
 186 003c 1A00     		movs	r2, r3
 187 003e BB68     		ldr	r3, [r7, #8]
 188 0040 D318     		adds	r3, r2, r3
 189 0042 1900     		movs	r1, r3
 190 0044 3B69     		ldr	r3, [r7, #16]
 191 0046 5B00     		lsls	r3, r3, #1
 192 0048 3A68     		ldr	r2, [r7]
 193 004a D318     		adds	r3, r2, r3
 194 004c 5B78     		ldrb	r3, [r3, #1]
 195 004e 0B70     		strb	r3, [r1]
 186:Generated_Source\PSoC4/cyfitter_cfg.c **** 			j++;
 196              		.loc 1 186 0
 197 0050 3B69     		ldr	r3, [r7, #16]
 198 0052 0133     		adds	r3, r3, #1
 199 0054 3B61     		str	r3, [r7, #16]
 187:Generated_Source\PSoC4/cyfitter_cfg.c **** 			count--;
 200              		.loc 1 187 0
 201 0056 0F23     		movs	r3, #15
 202 0058 FB18     		adds	r3, r7, r3
 203 005a 1A78     		ldrb	r2, [r3]
 204 005c 0F23     		movs	r3, #15
 205 005e FB18     		adds	r3, r7, r3
 206 0060 013A     		subs	r2, r2, #1
 207 0062 1A70     		strb	r2, [r3]
 208              	.L6:
 183:Generated_Source\PSoC4/cyfitter_cfg.c **** 		{
 209              		.loc 1 183 0
 210 0064 0F23     		movs	r3, #15
 211 0066 FB18     		adds	r3, r7, r3
ARM GAS  C:\Users\Arturo\AppData\Local\Temp\cceUXB2G.s 			page 8


 212 0068 1B78     		ldrb	r3, [r3]
 213 006a 002B     		cmp	r3, #0
 214 006c E1D1     		bne	.L7
 215              	.LBE2:
 178:Generated_Source\PSoC4/cyfitter_cfg.c **** 	{
 216              		.loc 1 178 0 discriminator 2
 217 006e 7B69     		ldr	r3, [r7, #20]
 218 0070 0133     		adds	r3, r3, #1
 219 0072 7B61     		str	r3, [r7, #20]
 220              	.L5:
 178:Generated_Source\PSoC4/cyfitter_cfg.c **** 	{
 221              		.loc 1 178 0 is_stmt 0 discriminator 1
 222 0074 7B69     		ldr	r3, [r7, #20]
 223 0076 042B     		cmp	r3, #4
 224 0078 CCD9     		bls	.L8
 188:Generated_Source\PSoC4/cyfitter_cfg.c **** 		}
 189:Generated_Source\PSoC4/cyfitter_cfg.c **** 	}
 190:Generated_Source\PSoC4/cyfitter_cfg.c **** }
 225              		.loc 1 190 0 is_stmt 1
 226 007a C046     		nop
 227 007c BD46     		mov	sp, r7
 228 007e 06B0     		add	sp, sp, #24
 229              		@ sp needed
 230 0080 80BD     		pop	{r7, pc}
 231              		.cfi_endproc
 232              	.LFE3:
 233              		.size	cfg_write_bytes32, .-cfg_write_bytes32
 234 0082 C046     		.section	.psocinit,"ax",%progbits
 235              		.align	2
 236              		.code	16
 237              		.thumb_func
 238              		.type	ClockSetup, %function
 239              	ClockSetup:
 240              	.LFB4:
 191:Generated_Source\PSoC4/cyfitter_cfg.c **** 
 192:Generated_Source\PSoC4/cyfitter_cfg.c **** 
 193:Generated_Source\PSoC4/cyfitter_cfg.c **** /*******************************************************************************
 194:Generated_Source\PSoC4/cyfitter_cfg.c **** * Function Name: ClockSetup
 195:Generated_Source\PSoC4/cyfitter_cfg.c **** ********************************************************************************
 196:Generated_Source\PSoC4/cyfitter_cfg.c **** *
 197:Generated_Source\PSoC4/cyfitter_cfg.c **** * Summary:
 198:Generated_Source\PSoC4/cyfitter_cfg.c **** *   Performs the initialization of all of the clocks in the device based on the
 199:Generated_Source\PSoC4/cyfitter_cfg.c **** *   settings in the Clock tab of the DWR.  This includes enabling the requested
 200:Generated_Source\PSoC4/cyfitter_cfg.c **** *   clocks and setting the necessary dividers to produce the desired frequency. 
 201:Generated_Source\PSoC4/cyfitter_cfg.c **** *
 202:Generated_Source\PSoC4/cyfitter_cfg.c **** * Parameters:
 203:Generated_Source\PSoC4/cyfitter_cfg.c **** *   void
 204:Generated_Source\PSoC4/cyfitter_cfg.c **** *
 205:Generated_Source\PSoC4/cyfitter_cfg.c **** * Return:
 206:Generated_Source\PSoC4/cyfitter_cfg.c **** *   void
 207:Generated_Source\PSoC4/cyfitter_cfg.c **** *
 208:Generated_Source\PSoC4/cyfitter_cfg.c **** *******************************************************************************/
 209:Generated_Source\PSoC4/cyfitter_cfg.c **** static void ClockSetup(void);
 210:Generated_Source\PSoC4/cyfitter_cfg.c **** CY_CFG_SECTION
 211:Generated_Source\PSoC4/cyfitter_cfg.c **** static void ClockSetup(void)
 212:Generated_Source\PSoC4/cyfitter_cfg.c **** {
 241              		.loc 1 212 0
ARM GAS  C:\Users\Arturo\AppData\Local\Temp\cceUXB2G.s 			page 9


 242              		.cfi_startproc
 243              		@ args = 0, pretend = 0, frame = 0
 244              		@ frame_needed = 1, uses_anonymous_args = 0
 245 0000 80B5     		push	{r7, lr}
 246              		.cfi_def_cfa_offset 8
 247              		.cfi_offset 7, -8
 248              		.cfi_offset 14, -4
 249 0002 00AF     		add	r7, sp, #0
 250              		.cfi_def_cfa_register 7
 213:Generated_Source\PSoC4/cyfitter_cfg.c **** 	/* Enable HALF_EN before trimming for the flash accelerator. */
 214:Generated_Source\PSoC4/cyfitter_cfg.c **** 	CY_SET_REG32((void CYXDATA *)(CYREG_CLK_SELECT), (CY_GET_REG32((void *)CYREG_CLK_SELECT) | 0x00040
 251              		.loc 1 214 0
 252 0004 144B     		ldr	r3, .L10
 253 0006 144A     		ldr	r2, .L10
 254 0008 1268     		ldr	r2, [r2]
 255 000a 8021     		movs	r1, #128
 256 000c C902     		lsls	r1, r1, #11
 257 000e 0A43     		orrs	r2, r1
 258 0010 1A60     		str	r2, [r3]
 215:Generated_Source\PSoC4/cyfitter_cfg.c **** 
 216:Generated_Source\PSoC4/cyfitter_cfg.c **** 	/* Setup and trim IMO based on desired frequency. */
 217:Generated_Source\PSoC4/cyfitter_cfg.c **** 	CySysClkWriteImoFreq(3u);
 259              		.loc 1 217 0
 260 0012 0320     		movs	r0, #3
 261 0014 FFF7FEFF 		bl	CySysClkWriteImoFreq
 218:Generated_Source\PSoC4/cyfitter_cfg.c **** 
 219:Generated_Source\PSoC4/cyfitter_cfg.c **** 	/* Disable HALF_EN since it is not required at this IMO frequency. */
 220:Generated_Source\PSoC4/cyfitter_cfg.c **** 	CY_SET_REG32((void CYXDATA *)(CYREG_CLK_SELECT), (CY_GET_REG32((void *)CYREG_CLK_SELECT) & 0xFFFBF
 262              		.loc 1 220 0
 263 0018 0F4B     		ldr	r3, .L10
 264 001a 0F4A     		ldr	r2, .L10
 265 001c 1268     		ldr	r2, [r2]
 266 001e 0F49     		ldr	r1, .L10+4
 267 0020 0A40     		ands	r2, r1
 268 0022 1A60     		str	r2, [r3]
 221:Generated_Source\PSoC4/cyfitter_cfg.c **** 	/* CYDEV_CLK_ILO_CONFIG Starting address: CYDEV_CLK_ILO_CONFIG */
 222:Generated_Source\PSoC4/cyfitter_cfg.c **** 	CY_SET_REG32((void *)(CYREG_CLK_ILO_CONFIG), 0x80000006u);
 269              		.loc 1 222 0
 270 0024 0E4B     		ldr	r3, .L10+8
 271 0026 0F4A     		ldr	r2, .L10+12
 272 0028 1A60     		str	r2, [r3]
 223:Generated_Source\PSoC4/cyfitter_cfg.c **** 
 224:Generated_Source\PSoC4/cyfitter_cfg.c **** 
 225:Generated_Source\PSoC4/cyfitter_cfg.c **** 	/* CYDEV_CLK_SELECT00 Starting address: CYDEV_CLK_SELECT00 */
 226:Generated_Source\PSoC4/cyfitter_cfg.c **** 	CY_SET_REG32((void *)(CYREG_CLK_SELECT12), 0x00000020u);
 273              		.loc 1 226 0
 274 002a 0F4B     		ldr	r3, .L10+16
 275 002c 2022     		movs	r2, #32
 276 002e 1A60     		str	r2, [r3]
 227:Generated_Source\PSoC4/cyfitter_cfg.c **** 
 228:Generated_Source\PSoC4/cyfitter_cfg.c **** 	/* CYDEV_CLK_IMO_CONFIG Starting address: CYDEV_CLK_IMO_CONFIG */
 229:Generated_Source\PSoC4/cyfitter_cfg.c **** 	CY_SET_REG32((void *)(CYREG_CLK_IMO_CONFIG), 0x80000000u);
 277              		.loc 1 229 0
 278 0030 0E4B     		ldr	r3, .L10+20
 279 0032 8022     		movs	r2, #128
 280 0034 1206     		lsls	r2, r2, #24
 281 0036 1A60     		str	r2, [r3]
ARM GAS  C:\Users\Arturo\AppData\Local\Temp\cceUXB2G.s 			page 10


 230:Generated_Source\PSoC4/cyfitter_cfg.c **** 
 231:Generated_Source\PSoC4/cyfitter_cfg.c **** 	/* CYDEV_CLK_SELECT Starting address: CYDEV_CLK_SELECT */
 232:Generated_Source\PSoC4/cyfitter_cfg.c **** 	CY_SET_REG32((void *)(CYREG_CLK_SELECT), 0x00000000u);
 282              		.loc 1 232 0
 283 0038 074B     		ldr	r3, .L10
 284 003a 0022     		movs	r2, #0
 285 003c 1A60     		str	r2, [r3]
 233:Generated_Source\PSoC4/cyfitter_cfg.c **** 
 234:Generated_Source\PSoC4/cyfitter_cfg.c **** 	/* CYDEV_CLK_DIVIDER_A00 Starting address: CYDEV_CLK_DIVIDER_A00 */
 235:Generated_Source\PSoC4/cyfitter_cfg.c **** 	CY_SET_REG32((void *)(CYREG_CLK_DIVIDER_A00), 0x80000257u);
 286              		.loc 1 235 0
 287 003e 0C4B     		ldr	r3, .L10+24
 288 0040 0C4A     		ldr	r2, .L10+28
 289 0042 1A60     		str	r2, [r3]
 236:Generated_Source\PSoC4/cyfitter_cfg.c **** 
 237:Generated_Source\PSoC4/cyfitter_cfg.c **** 	/* CYDEV_CLK_DIVIDER_B00 Starting address: CYDEV_CLK_DIVIDER_B00 */
 238:Generated_Source\PSoC4/cyfitter_cfg.c **** 	CY_SET_REG32((void *)(CYREG_CLK_DIVIDER_B00), 0xC00001F3u);
 290              		.loc 1 238 0
 291 0044 0C4B     		ldr	r3, .L10+32
 292 0046 0D4A     		ldr	r2, .L10+36
 293 0048 1A60     		str	r2, [r3]
 239:Generated_Source\PSoC4/cyfitter_cfg.c **** 
 240:Generated_Source\PSoC4/cyfitter_cfg.c **** 	CY_SET_REG32((void *)(CYREG_WDT_CONFIG), 0x00000000u);
 294              		.loc 1 240 0
 295 004a 0D4B     		ldr	r3, .L10+40
 296 004c 0022     		movs	r2, #0
 297 004e 1A60     		str	r2, [r3]
 241:Generated_Source\PSoC4/cyfitter_cfg.c **** }
 298              		.loc 1 241 0
 299 0050 C046     		nop
 300 0052 BD46     		mov	sp, r7
 301              		@ sp needed
 302 0054 80BD     		pop	{r7, pc}
 303              	.L11:
 304 0056 C046     		.align	2
 305              	.L10:
 306 0058 00010B40 		.word	1074462976
 307 005c FFFFFBFF 		.word	-262145
 308 0060 04010B40 		.word	1074462980
 309 0064 06000080 		.word	-2147483642
 310 0068 30020240 		.word	1073873456
 311 006c 08010B40 		.word	1074462984
 312 0070 00000240 		.word	1073872896
 313 0074 57020080 		.word	-2147483049
 314 0078 40000240 		.word	1073872960
 315 007c F30100C0 		.word	-1073741325
 316 0080 0C020B40 		.word	1074463244
 317              		.cfi_endproc
 318              	.LFE4:
 319              		.size	ClockSetup, .-ClockSetup
 320              		.section	.text.AnalogSetDefault,"ax",%progbits
 321              		.align	2
 322              		.code	16
 323              		.thumb_func
 324              		.type	AnalogSetDefault, %function
 325              	AnalogSetDefault:
 326              	.LFB5:
ARM GAS  C:\Users\Arturo\AppData\Local\Temp\cceUXB2G.s 			page 11


 242:Generated_Source\PSoC4/cyfitter_cfg.c **** 
 243:Generated_Source\PSoC4/cyfitter_cfg.c **** 
 244:Generated_Source\PSoC4/cyfitter_cfg.c **** /* Analog API Functions */
 245:Generated_Source\PSoC4/cyfitter_cfg.c **** 
 246:Generated_Source\PSoC4/cyfitter_cfg.c **** 
 247:Generated_Source\PSoC4/cyfitter_cfg.c **** /*******************************************************************************
 248:Generated_Source\PSoC4/cyfitter_cfg.c **** * Function Name: AnalogSetDefault
 249:Generated_Source\PSoC4/cyfitter_cfg.c **** ********************************************************************************
 250:Generated_Source\PSoC4/cyfitter_cfg.c **** *
 251:Generated_Source\PSoC4/cyfitter_cfg.c **** * Summary:
 252:Generated_Source\PSoC4/cyfitter_cfg.c **** *  Sets up the analog portions of the chip to default values based on chip
 253:Generated_Source\PSoC4/cyfitter_cfg.c **** *  configuration options from the project.
 254:Generated_Source\PSoC4/cyfitter_cfg.c **** *
 255:Generated_Source\PSoC4/cyfitter_cfg.c **** * Parameters:
 256:Generated_Source\PSoC4/cyfitter_cfg.c **** *  void
 257:Generated_Source\PSoC4/cyfitter_cfg.c **** *
 258:Generated_Source\PSoC4/cyfitter_cfg.c **** * Return:
 259:Generated_Source\PSoC4/cyfitter_cfg.c **** *  void
 260:Generated_Source\PSoC4/cyfitter_cfg.c **** *
 261:Generated_Source\PSoC4/cyfitter_cfg.c **** *******************************************************************************/
 262:Generated_Source\PSoC4/cyfitter_cfg.c **** static void AnalogSetDefault(void);
 263:Generated_Source\PSoC4/cyfitter_cfg.c **** static void AnalogSetDefault(void)
 264:Generated_Source\PSoC4/cyfitter_cfg.c **** {
 327              		.loc 1 264 0
 328              		.cfi_startproc
 329              		@ args = 0, pretend = 0, frame = 0
 330              		@ frame_needed = 1, uses_anonymous_args = 0
 331 0000 80B5     		push	{r7, lr}
 332              		.cfi_def_cfa_offset 8
 333              		.cfi_offset 7, -8
 334              		.cfi_offset 14, -4
 335 0002 00AF     		add	r7, sp, #0
 336              		.cfi_def_cfa_register 7
 265:Generated_Source\PSoC4/cyfitter_cfg.c **** }
 337              		.loc 1 265 0
 338 0004 C046     		nop
 339 0006 BD46     		mov	sp, r7
 340              		@ sp needed
 341 0008 80BD     		pop	{r7, pc}
 342              		.cfi_endproc
 343              	.LFE5:
 344              		.size	AnalogSetDefault, .-AnalogSetDefault
 345 000a C046     		.section	.psocinit
 346              		.align	2
 347              		.global	cyfitter_cfg
 348              		.code	16
 349              		.thumb_func
 350              		.type	cyfitter_cfg, %function
 351              	cyfitter_cfg:
 352              	.LFB6:
 266:Generated_Source\PSoC4/cyfitter_cfg.c **** 
 267:Generated_Source\PSoC4/cyfitter_cfg.c **** 
 268:Generated_Source\PSoC4/cyfitter_cfg.c **** 
 269:Generated_Source\PSoC4/cyfitter_cfg.c **** 
 270:Generated_Source\PSoC4/cyfitter_cfg.c **** /*******************************************************************************
 271:Generated_Source\PSoC4/cyfitter_cfg.c **** * Function Name: cyfitter_cfg
 272:Generated_Source\PSoC4/cyfitter_cfg.c **** ********************************************************************************
ARM GAS  C:\Users\Arturo\AppData\Local\Temp\cceUXB2G.s 			page 12


 273:Generated_Source\PSoC4/cyfitter_cfg.c **** * Summary:
 274:Generated_Source\PSoC4/cyfitter_cfg.c **** *  This function is called by the start-up code for the selected device. It
 275:Generated_Source\PSoC4/cyfitter_cfg.c **** *  performs all of the necessary device configuration based on the design
 276:Generated_Source\PSoC4/cyfitter_cfg.c **** *  settings.  This includes settings from the Design Wide Resources (DWR) such
 277:Generated_Source\PSoC4/cyfitter_cfg.c **** *  as Clocks and Pins as well as any component configuration that is necessary.
 278:Generated_Source\PSoC4/cyfitter_cfg.c **** *
 279:Generated_Source\PSoC4/cyfitter_cfg.c **** * Parameters:
 280:Generated_Source\PSoC4/cyfitter_cfg.c **** *   void
 281:Generated_Source\PSoC4/cyfitter_cfg.c **** *
 282:Generated_Source\PSoC4/cyfitter_cfg.c **** * Return:
 283:Generated_Source\PSoC4/cyfitter_cfg.c **** *   void
 284:Generated_Source\PSoC4/cyfitter_cfg.c **** *
 285:Generated_Source\PSoC4/cyfitter_cfg.c **** *******************************************************************************/
 286:Generated_Source\PSoC4/cyfitter_cfg.c **** CY_CFG_SECTION
 287:Generated_Source\PSoC4/cyfitter_cfg.c **** void cyfitter_cfg(void)
 288:Generated_Source\PSoC4/cyfitter_cfg.c **** {
 353              		.loc 1 288 0
 354              		.cfi_startproc
 355              		@ args = 0, pretend = 0, frame = 8
 356              		@ frame_needed = 1, uses_anonymous_args = 0
 357 0084 80B5     		push	{r7, lr}
 358              		.cfi_def_cfa_offset 8
 359              		.cfi_offset 7, -8
 360              		.cfi_offset 14, -4
 361 0086 82B0     		sub	sp, sp, #8
 362              		.cfi_def_cfa_offset 16
 363 0088 00AF     		add	r7, sp, #0
 364              		.cfi_def_cfa_register 7
 289:Generated_Source\PSoC4/cyfitter_cfg.c **** 	/* Disable interrupts by default. Let user enable if/when they want. */
 290:Generated_Source\PSoC4/cyfitter_cfg.c **** 	CyGlobalIntDisable;
 365              		.loc 1 290 0
 366              		.syntax divided
 367              	@ 290 "Generated_Source\PSoC4\cyfitter_cfg.c" 1
 368 008a 72B6     		CPSID   i
 369              	@ 0 "" 2
 370              		.thumb
 371              		.syntax unified
 372              	.LBB3:
 291:Generated_Source\PSoC4/cyfitter_cfg.c **** 
 292:Generated_Source\PSoC4/cyfitter_cfg.c **** 	{
 293:Generated_Source\PSoC4/cyfitter_cfg.c **** 		static const uint32 CYCODE cy_cfg_addr_table[] = {
 294:Generated_Source\PSoC4/cyfitter_cfg.c **** 			0x400F0001u, /* Base address: 0x400F0000 Count: 1 */
 295:Generated_Source\PSoC4/cyfitter_cfg.c **** 			0x400F3220u, /* Base address: 0x400F3200 Count: 32 */
 296:Generated_Source\PSoC4/cyfitter_cfg.c **** 			0x400F3316u, /* Base address: 0x400F3300 Count: 22 */
 297:Generated_Source\PSoC4/cyfitter_cfg.c **** 			0x400F4309u, /* Base address: 0x400F4300 Count: 9 */
 298:Generated_Source\PSoC4/cyfitter_cfg.c **** 			0x400F6002u, /* Base address: 0x400F6000 Count: 2 */
 299:Generated_Source\PSoC4/cyfitter_cfg.c **** 		};
 300:Generated_Source\PSoC4/cyfitter_cfg.c **** 
 301:Generated_Source\PSoC4/cyfitter_cfg.c **** 		static const cy_cfg_addrvalue_t CYCODE cy_cfg_data_table[] = {
 302:Generated_Source\PSoC4/cyfitter_cfg.c **** 			{0x23u, 0x0Au},
 303:Generated_Source\PSoC4/cyfitter_cfg.c **** 			{0x8Cu, 0x9Au},
 304:Generated_Source\PSoC4/cyfitter_cfg.c **** 			{0x8Eu, 0x64u},
 305:Generated_Source\PSoC4/cyfitter_cfg.c **** 			{0x93u, 0x01u},
 306:Generated_Source\PSoC4/cyfitter_cfg.c **** 			{0x96u, 0x01u},
 307:Generated_Source\PSoC4/cyfitter_cfg.c **** 			{0x9Au, 0x40u},
 308:Generated_Source\PSoC4/cyfitter_cfg.c **** 			{0x9Cu, 0xACu},
 309:Generated_Source\PSoC4/cyfitter_cfg.c **** 			{0x9Eu, 0x53u},
ARM GAS  C:\Users\Arturo\AppData\Local\Temp\cceUXB2G.s 			page 13


 310:Generated_Source\PSoC4/cyfitter_cfg.c **** 			{0xA3u, 0x03u},
 311:Generated_Source\PSoC4/cyfitter_cfg.c **** 			{0xACu, 0x14u},
 312:Generated_Source\PSoC4/cyfitter_cfg.c **** 			{0xADu, 0x02u},
 313:Generated_Source\PSoC4/cyfitter_cfg.c **** 			{0xAEu, 0x28u},
 314:Generated_Source\PSoC4/cyfitter_cfg.c **** 			{0xB0u, 0x0Cu},
 315:Generated_Source\PSoC4/cyfitter_cfg.c **** 			{0xB1u, 0x03u},
 316:Generated_Source\PSoC4/cyfitter_cfg.c **** 			{0xB2u, 0x03u},
 317:Generated_Source\PSoC4/cyfitter_cfg.c **** 			{0xB4u, 0xC0u},
 318:Generated_Source\PSoC4/cyfitter_cfg.c **** 			{0xB6u, 0x30u},
 319:Generated_Source\PSoC4/cyfitter_cfg.c **** 			{0xC0u, 0x05u},
 320:Generated_Source\PSoC4/cyfitter_cfg.c **** 			{0xC7u, 0x20u},
 321:Generated_Source\PSoC4/cyfitter_cfg.c **** 			{0xC8u, 0x20u},
 322:Generated_Source\PSoC4/cyfitter_cfg.c **** 			{0xC9u, 0xFFu},
 323:Generated_Source\PSoC4/cyfitter_cfg.c **** 			{0xCAu, 0xFFu},
 324:Generated_Source\PSoC4/cyfitter_cfg.c **** 			{0xCBu, 0xFFu},
 325:Generated_Source\PSoC4/cyfitter_cfg.c **** 			{0xCDu, 0x20u},
 326:Generated_Source\PSoC4/cyfitter_cfg.c **** 			{0xCEu, 0xF0u},
 327:Generated_Source\PSoC4/cyfitter_cfg.c **** 			{0xD1u, 0x10u},
 328:Generated_Source\PSoC4/cyfitter_cfg.c **** 			{0xD8u, 0x04u},
 329:Generated_Source\PSoC4/cyfitter_cfg.c **** 			{0xD9u, 0x04u},
 330:Generated_Source\PSoC4/cyfitter_cfg.c **** 			{0xDAu, 0x04u},
 331:Generated_Source\PSoC4/cyfitter_cfg.c **** 			{0xDFu, 0x01u},
 332:Generated_Source\PSoC4/cyfitter_cfg.c **** 			{0xE0u, 0x40u},
 333:Generated_Source\PSoC4/cyfitter_cfg.c **** 			{0xE1u, 0x40u},
 334:Generated_Source\PSoC4/cyfitter_cfg.c **** 			{0xE2u, 0x80u},
 335:Generated_Source\PSoC4/cyfitter_cfg.c **** 			{0x00u, 0x40u},
 336:Generated_Source\PSoC4/cyfitter_cfg.c **** 			{0x0Au, 0x15u},
 337:Generated_Source\PSoC4/cyfitter_cfg.c **** 			{0x10u, 0x02u},
 338:Generated_Source\PSoC4/cyfitter_cfg.c **** 			{0x18u, 0x40u},
 339:Generated_Source\PSoC4/cyfitter_cfg.c **** 			{0x19u, 0x61u},
 340:Generated_Source\PSoC4/cyfitter_cfg.c **** 			{0x1Au, 0x15u},
 341:Generated_Source\PSoC4/cyfitter_cfg.c **** 			{0x21u, 0x02u},
 342:Generated_Source\PSoC4/cyfitter_cfg.c **** 			{0x29u, 0x41u},
 343:Generated_Source\PSoC4/cyfitter_cfg.c **** 			{0x31u, 0x02u},
 344:Generated_Source\PSoC4/cyfitter_cfg.c **** 			{0x48u, 0x02u},
 345:Generated_Source\PSoC4/cyfitter_cfg.c **** 			{0x50u, 0x02u},
 346:Generated_Source\PSoC4/cyfitter_cfg.c **** 			{0x81u, 0x20u},
 347:Generated_Source\PSoC4/cyfitter_cfg.c **** 			{0x85u, 0x02u},
 348:Generated_Source\PSoC4/cyfitter_cfg.c **** 			{0x8Eu, 0x10u},
 349:Generated_Source\PSoC4/cyfitter_cfg.c **** 			{0xC0u, 0x01u},
 350:Generated_Source\PSoC4/cyfitter_cfg.c **** 			{0xC2u, 0x07u},
 351:Generated_Source\PSoC4/cyfitter_cfg.c **** 			{0xC4u, 0x01u},
 352:Generated_Source\PSoC4/cyfitter_cfg.c **** 			{0xCAu, 0x09u},
 353:Generated_Source\PSoC4/cyfitter_cfg.c **** 			{0xCCu, 0x01u},
 354:Generated_Source\PSoC4/cyfitter_cfg.c **** 			{0xD2u, 0x08u},
 355:Generated_Source\PSoC4/cyfitter_cfg.c **** 			{0xE0u, 0x02u},
 356:Generated_Source\PSoC4/cyfitter_cfg.c **** 			{0xE4u, 0x01u},
 357:Generated_Source\PSoC4/cyfitter_cfg.c **** 			{0x52u, 0x20u},
 358:Generated_Source\PSoC4/cyfitter_cfg.c **** 			{0x56u, 0x10u},
 359:Generated_Source\PSoC4/cyfitter_cfg.c **** 			{0x62u, 0x04u},
 360:Generated_Source\PSoC4/cyfitter_cfg.c **** 			{0x82u, 0x20u},
 361:Generated_Source\PSoC4/cyfitter_cfg.c **** 			{0x86u, 0x10u},
 362:Generated_Source\PSoC4/cyfitter_cfg.c **** 			{0x8Eu, 0x04u},
 363:Generated_Source\PSoC4/cyfitter_cfg.c **** 			{0xD4u, 0x06u},
 364:Generated_Source\PSoC4/cyfitter_cfg.c **** 			{0xD8u, 0x02u},
 365:Generated_Source\PSoC4/cyfitter_cfg.c **** 			{0xE4u, 0x08u},
 366:Generated_Source\PSoC4/cyfitter_cfg.c **** 			{0x01u, 0x01u},
ARM GAS  C:\Users\Arturo\AppData\Local\Temp\cceUXB2G.s 			page 14


 367:Generated_Source\PSoC4/cyfitter_cfg.c **** 			{0x10u, 0x01u},
 368:Generated_Source\PSoC4/cyfitter_cfg.c **** 		};
 369:Generated_Source\PSoC4/cyfitter_cfg.c **** 
 370:Generated_Source\PSoC4/cyfitter_cfg.c **** 
 371:Generated_Source\PSoC4/cyfitter_cfg.c **** 
 372:Generated_Source\PSoC4/cyfitter_cfg.c **** 		CYPACKED typedef struct {
 373:Generated_Source\PSoC4/cyfitter_cfg.c **** 			void CYFAR *address;
 374:Generated_Source\PSoC4/cyfitter_cfg.c **** 			uint16 size;
 375:Generated_Source\PSoC4/cyfitter_cfg.c **** 		} CYPACKED_ATTR cfg_memset_t;
 376:Generated_Source\PSoC4/cyfitter_cfg.c **** 
 377:Generated_Source\PSoC4/cyfitter_cfg.c **** 		static const cfg_memset_t CYCODE cfg_memset_list[] = {
 378:Generated_Source\PSoC4/cyfitter_cfg.c **** 			/* address, size */
 379:Generated_Source\PSoC4/cyfitter_cfg.c **** 			{(void CYFAR *)(CYDEV_UDB_P0_U0_BASE), 1024u},
 380:Generated_Source\PSoC4/cyfitter_cfg.c **** 			{(void CYFAR *)(CYDEV_UDB_DSI0_BASE), 1024u},
 381:Generated_Source\PSoC4/cyfitter_cfg.c **** 		};
 382:Generated_Source\PSoC4/cyfitter_cfg.c **** 
 383:Generated_Source\PSoC4/cyfitter_cfg.c **** 		uint8 CYDATA i;
 384:Generated_Source\PSoC4/cyfitter_cfg.c **** 
 385:Generated_Source\PSoC4/cyfitter_cfg.c **** 		/* Zero out critical memory blocks before beginning configuration */
 386:Generated_Source\PSoC4/cyfitter_cfg.c **** 		for (i = 0u; i < (sizeof(cfg_memset_list)/sizeof(cfg_memset_list[0])); i++)
 373              		.loc 1 386 0
 374 008c FB1D     		adds	r3, r7, #7
 375 008e 0022     		movs	r2, #0
 376 0090 1A70     		strb	r2, [r3]
 377 0092 22E0     		b	.L14
 378              	.L15:
 379              	.LBB4:
 387:Generated_Source\PSoC4/cyfitter_cfg.c **** 		{
 388:Generated_Source\PSoC4/cyfitter_cfg.c **** 			const cfg_memset_t CYCODE * CYDATA ms = &cfg_memset_list[i];
 380              		.loc 1 388 0 discriminator 3
 381 0094 FB1D     		adds	r3, r7, #7
 382 0096 1A78     		ldrb	r2, [r3]
 383 0098 1300     		movs	r3, r2
 384 009a 5B00     		lsls	r3, r3, #1
 385 009c 9B18     		adds	r3, r3, r2
 386 009e 5B00     		lsls	r3, r3, #1
 387 00a0 294A     		ldr	r2, .L16
 388 00a2 9B18     		adds	r3, r3, r2
 389 00a4 3B60     		str	r3, [r7]
 389:Generated_Source\PSoC4/cyfitter_cfg.c **** 			CYMEMZERO(ms->address, (size_t)(uint32)(ms->size));
 390              		.loc 1 389 0 discriminator 3
 391 00a6 3B68     		ldr	r3, [r7]
 392 00a8 1A78     		ldrb	r2, [r3]
 393 00aa 5978     		ldrb	r1, [r3, #1]
 394 00ac 0902     		lsls	r1, r1, #8
 395 00ae 0A43     		orrs	r2, r1
 396 00b0 9978     		ldrb	r1, [r3, #2]
 397 00b2 0904     		lsls	r1, r1, #16
 398 00b4 0A43     		orrs	r2, r1
 399 00b6 DB78     		ldrb	r3, [r3, #3]
 400 00b8 1B06     		lsls	r3, r3, #24
 401 00ba 1343     		orrs	r3, r2
 402 00bc 1800     		movs	r0, r3
 403 00be 3B68     		ldr	r3, [r7]
 404 00c0 1A79     		ldrb	r2, [r3, #4]
 405 00c2 5B79     		ldrb	r3, [r3, #5]
 406 00c4 1B02     		lsls	r3, r3, #8
ARM GAS  C:\Users\Arturo\AppData\Local\Temp\cceUXB2G.s 			page 15


 407 00c6 1343     		orrs	r3, r2
 408 00c8 9BB2     		uxth	r3, r3
 409 00ca 1900     		movs	r1, r3
 410 00cc FFF7FEFF 		bl	CYMEMZERO
 411              	.LBE4:
 386:Generated_Source\PSoC4/cyfitter_cfg.c **** 		{
 412              		.loc 1 386 0 discriminator 3
 413 00d0 FB1D     		adds	r3, r7, #7
 414 00d2 1A78     		ldrb	r2, [r3]
 415 00d4 FB1D     		adds	r3, r7, #7
 416 00d6 0132     		adds	r2, r2, #1
 417 00d8 1A70     		strb	r2, [r3]
 418              	.L14:
 386:Generated_Source\PSoC4/cyfitter_cfg.c **** 		{
 419              		.loc 1 386 0 is_stmt 0 discriminator 1
 420 00da FB1D     		adds	r3, r7, #7
 421 00dc 1B78     		ldrb	r3, [r3]
 422 00de 012B     		cmp	r3, #1
 423 00e0 D8D9     		bls	.L15
 390:Generated_Source\PSoC4/cyfitter_cfg.c **** 		}
 391:Generated_Source\PSoC4/cyfitter_cfg.c **** 
 392:Generated_Source\PSoC4/cyfitter_cfg.c **** 		cfg_write_bytes32(cy_cfg_addr_table, cy_cfg_data_table);
 424              		.loc 1 392 0 is_stmt 1
 425 00e2 1A4A     		ldr	r2, .L16+4
 426 00e4 1A4B     		ldr	r3, .L16+8
 427 00e6 1100     		movs	r1, r2
 428 00e8 1800     		movs	r0, r3
 429 00ea FFF7FEFF 		bl	cfg_write_bytes32
 393:Generated_Source\PSoC4/cyfitter_cfg.c **** 
 394:Generated_Source\PSoC4/cyfitter_cfg.c **** 		/* HSIOM Starting address: CYDEV_HSIOM_BASE */
 395:Generated_Source\PSoC4/cyfitter_cfg.c **** 		CY_SET_REG32((void *)(CYREG_HSIOM_PORT_SEL3), 0x0003EE33u);
 430              		.loc 1 395 0
 431 00ee 194B     		ldr	r3, .L16+12
 432 00f0 194A     		ldr	r2, .L16+16
 433 00f2 1A60     		str	r2, [r3]
 396:Generated_Source\PSoC4/cyfitter_cfg.c **** 
 397:Generated_Source\PSoC4/cyfitter_cfg.c **** 		/* UDB_PA_3 Starting address: CYDEV_UDB_PA3_BASE */
 398:Generated_Source\PSoC4/cyfitter_cfg.c **** 		CY_SET_REG32((void *)(CYDEV_UDB_PA3_BASE), 0x00990000u);
 434              		.loc 1 398 0
 435 00f4 194B     		ldr	r3, .L16+20
 436 00f6 9922     		movs	r2, #153
 437 00f8 1204     		lsls	r2, r2, #16
 438 00fa 1A60     		str	r2, [r3]
 399:Generated_Source\PSoC4/cyfitter_cfg.c **** 		CY_SET_REG32((void *)(CYREG_UDB_PA3_CFG8), 0x02A40000u);
 439              		.loc 1 399 0
 440 00fc 184B     		ldr	r3, .L16+24
 441 00fe A922     		movs	r2, #169
 442 0100 9204     		lsls	r2, r2, #18
 443 0102 1A60     		str	r2, [r3]
 400:Generated_Source\PSoC4/cyfitter_cfg.c **** 
 401:Generated_Source\PSoC4/cyfitter_cfg.c **** 		/* Enable UDB array and digital routing */
 402:Generated_Source\PSoC4/cyfitter_cfg.c **** 		CY_SET_XTND_REG8((void *)CYREG_UDB_UDBIF_WAIT_CFG, (uint8)((CY_GET_XTND_REG8((void *)CYREG_UDB_UD
 444              		.loc 1 402 0
 445 0104 174A     		ldr	r2, .L16+28
 446 0106 174B     		ldr	r3, .L16+28
 447 0108 1B78     		ldrb	r3, [r3]
 448 010a DBB2     		uxtb	r3, r3
ARM GAS  C:\Users\Arturo\AppData\Local\Temp\cceUXB2G.s 			page 16


 449 010c 3C21     		movs	r1, #60
 450 010e 8B43     		bics	r3, r1
 451 0110 DBB2     		uxtb	r3, r3
 452 0112 1421     		movs	r1, #20
 453 0114 0B43     		orrs	r3, r1
 454 0116 DBB2     		uxtb	r3, r3
 455 0118 1370     		strb	r3, [r2]
 403:Generated_Source\PSoC4/cyfitter_cfg.c **** 		CY_SET_XTND_REG8((void *)CYREG_UDB_UDBIF_BANK_CTL, (uint8)(CY_GET_XTND_REG8((void *)CYREG_UDB_UDB
 456              		.loc 1 403 0
 457 011a 134A     		ldr	r2, .L16+32
 458 011c 124B     		ldr	r3, .L16+32
 459 011e 1B78     		ldrb	r3, [r3]
 460 0120 DBB2     		uxtb	r3, r3
 461 0122 1621     		movs	r1, #22
 462 0124 0B43     		orrs	r3, r1
 463 0126 DBB2     		uxtb	r3, r3
 464 0128 1370     		strb	r3, [r2]
 465              	.LBE3:
 404:Generated_Source\PSoC4/cyfitter_cfg.c **** 	}
 405:Generated_Source\PSoC4/cyfitter_cfg.c **** 
 406:Generated_Source\PSoC4/cyfitter_cfg.c **** 	/* Perform second pass device configuration. These items must be configured in specific order afte
 407:Generated_Source\PSoC4/cyfitter_cfg.c **** 	/* IOPINS0_3 Starting address: CYDEV_PRT3_BASE */
 408:Generated_Source\PSoC4/cyfitter_cfg.c **** 	CY_SET_REG32((void *)(CYDEV_PRT3_BASE), 0x00000013u);
 466              		.loc 1 408 0
 467 012a 104B     		ldr	r3, .L16+36
 468 012c 1322     		movs	r2, #19
 469 012e 1A60     		str	r2, [r3]
 409:Generated_Source\PSoC4/cyfitter_cfg.c **** 	CY_SET_REG32((void *)(CYREG_PRT3_PC), 0x00006DB6u);
 470              		.loc 1 409 0
 471 0130 0F4B     		ldr	r3, .L16+40
 472 0132 104A     		ldr	r2, .L16+44
 473 0134 1A60     		str	r2, [r3]
 410:Generated_Source\PSoC4/cyfitter_cfg.c **** 
 411:Generated_Source\PSoC4/cyfitter_cfg.c **** 
 412:Generated_Source\PSoC4/cyfitter_cfg.c **** 	/* Setup clocks based on selections from Clock DWR */
 413:Generated_Source\PSoC4/cyfitter_cfg.c **** 	ClockSetup();
 474              		.loc 1 413 0
 475 0136 FFF763FF 		bl	ClockSetup
 414:Generated_Source\PSoC4/cyfitter_cfg.c **** 
 415:Generated_Source\PSoC4/cyfitter_cfg.c **** 	/* Perform basic analog initialization to defaults */
 416:Generated_Source\PSoC4/cyfitter_cfg.c **** 	AnalogSetDefault();
 476              		.loc 1 416 0
 477 013a FFF7FEFF 		bl	AnalogSetDefault
 417:Generated_Source\PSoC4/cyfitter_cfg.c **** 
 418:Generated_Source\PSoC4/cyfitter_cfg.c **** }
 478              		.loc 1 418 0
 479 013e C046     		nop
 480 0140 BD46     		mov	sp, r7
 481 0142 02B0     		add	sp, sp, #8
 482              		@ sp needed
 483 0144 80BD     		pop	{r7, pc}
 484              	.L17:
 485 0146 C046     		.align	2
 486              	.L16:
 487 0148 00000000 		.word	cfg_memset_list.4870
 488 014c 20000000 		.word	cy_cfg_data_table.4865
 489 0150 0C000000 		.word	cy_cfg_addr_table.4864
ARM GAS  C:\Users\Arturo\AppData\Local\Temp\cceUXB2G.s 			page 17


 490 0154 0C000140 		.word	1073807372
 491 0158 33EE0300 		.word	257587
 492 015c 30500F40 		.word	1074745392
 493 0160 38500F40 		.word	1074745400
 494 0164 01700F40 		.word	1074753537
 495 0168 00700F40 		.word	1074753536
 496 016c 00030440 		.word	1074004736
 497 0170 08030440 		.word	1074004744
 498 0174 B66D0000 		.word	28086
 499              		.cfi_endproc
 500              	.LFE6:
 501              		.size	cyfitter_cfg, .-cyfitter_cfg
 502              		.section	.rodata
 503              		.align	2
 504              		.type	cfg_memset_list.4870, %object
 505              		.size	cfg_memset_list.4870, 12
 506              	cfg_memset_list.4870:
 507 0000 00300F40 		.word	1074737152
 508 0004 0004     		.short	1024
 509 0006 00400F40 		.4byte	1074741248
 510 000a 0004     		.short	1024
 511              		.align	2
 512              		.type	cy_cfg_addr_table.4864, %object
 513              		.size	cy_cfg_addr_table.4864, 20
 514              	cy_cfg_addr_table.4864:
 515 000c 01000F40 		.word	1074724865
 516 0010 20320F40 		.word	1074737696
 517 0014 16330F40 		.word	1074737942
 518 0018 09430F40 		.word	1074742025
 519 001c 02600F40 		.word	1074749442
 520              		.align	2
 521              		.type	cy_cfg_data_table.4865, %object
 522              		.size	cy_cfg_data_table.4865, 132
 523              	cy_cfg_data_table.4865:
 524 0020 23       		.byte	35
 525 0021 0A       		.byte	10
 526 0022 8C       		.byte	-116
 527 0023 9A       		.byte	-102
 528 0024 8E       		.byte	-114
 529 0025 64       		.byte	100
 530 0026 93       		.byte	-109
 531 0027 01       		.byte	1
 532 0028 96       		.byte	-106
 533 0029 01       		.byte	1
 534 002a 9A       		.byte	-102
 535 002b 40       		.byte	64
 536 002c 9C       		.byte	-100
 537 002d AC       		.byte	-84
 538 002e 9E       		.byte	-98
 539 002f 53       		.byte	83
 540 0030 A3       		.byte	-93
 541 0031 03       		.byte	3
 542 0032 AC       		.byte	-84
 543 0033 14       		.byte	20
 544 0034 AD       		.byte	-83
 545 0035 02       		.byte	2
 546 0036 AE       		.byte	-82
ARM GAS  C:\Users\Arturo\AppData\Local\Temp\cceUXB2G.s 			page 18


 547 0037 28       		.byte	40
 548 0038 B0       		.byte	-80
 549 0039 0C       		.byte	12
 550 003a B1       		.byte	-79
 551 003b 03       		.byte	3
 552 003c B2       		.byte	-78
 553 003d 03       		.byte	3
 554 003e B4       		.byte	-76
 555 003f C0       		.byte	-64
 556 0040 B6       		.byte	-74
 557 0041 30       		.byte	48
 558 0042 C0       		.byte	-64
 559 0043 05       		.byte	5
 560 0044 C7       		.byte	-57
 561 0045 20       		.byte	32
 562 0046 C8       		.byte	-56
 563 0047 20       		.byte	32
 564 0048 C9       		.byte	-55
 565 0049 FF       		.byte	-1
 566 004a CA       		.byte	-54
 567 004b FF       		.byte	-1
 568 004c CB       		.byte	-53
 569 004d FF       		.byte	-1
 570 004e CD       		.byte	-51
 571 004f 20       		.byte	32
 572 0050 CE       		.byte	-50
 573 0051 F0       		.byte	-16
 574 0052 D1       		.byte	-47
 575 0053 10       		.byte	16
 576 0054 D8       		.byte	-40
 577 0055 04       		.byte	4
 578 0056 D9       		.byte	-39
 579 0057 04       		.byte	4
 580 0058 DA       		.byte	-38
 581 0059 04       		.byte	4
 582 005a DF       		.byte	-33
 583 005b 01       		.byte	1
 584 005c E0       		.byte	-32
 585 005d 40       		.byte	64
 586 005e E1       		.byte	-31
 587 005f 40       		.byte	64
 588 0060 E2       		.byte	-30
 589 0061 80       		.byte	-128
 590 0062 00       		.byte	0
 591 0063 40       		.byte	64
 592 0064 0A       		.byte	10
 593 0065 15       		.byte	21
 594 0066 10       		.byte	16
 595 0067 02       		.byte	2
 596 0068 18       		.byte	24
 597 0069 40       		.byte	64
 598 006a 19       		.byte	25
 599 006b 61       		.byte	97
 600 006c 1A       		.byte	26
 601 006d 15       		.byte	21
 602 006e 21       		.byte	33
 603 006f 02       		.byte	2
ARM GAS  C:\Users\Arturo\AppData\Local\Temp\cceUXB2G.s 			page 19


 604 0070 29       		.byte	41
 605 0071 41       		.byte	65
 606 0072 31       		.byte	49
 607 0073 02       		.byte	2
 608 0074 48       		.byte	72
 609 0075 02       		.byte	2
 610 0076 50       		.byte	80
 611 0077 02       		.byte	2
 612 0078 81       		.byte	-127
 613 0079 20       		.byte	32
 614 007a 85       		.byte	-123
 615 007b 02       		.byte	2
 616 007c 8E       		.byte	-114
 617 007d 10       		.byte	16
 618 007e C0       		.byte	-64
 619 007f 01       		.byte	1
 620 0080 C2       		.byte	-62
 621 0081 07       		.byte	7
 622 0082 C4       		.byte	-60
 623 0083 01       		.byte	1
 624 0084 CA       		.byte	-54
 625 0085 09       		.byte	9
 626 0086 CC       		.byte	-52
 627 0087 01       		.byte	1
 628 0088 D2       		.byte	-46
 629 0089 08       		.byte	8
 630 008a E0       		.byte	-32
 631 008b 02       		.byte	2
 632 008c E4       		.byte	-28
 633 008d 01       		.byte	1
 634 008e 52       		.byte	82
 635 008f 20       		.byte	32
 636 0090 56       		.byte	86
 637 0091 10       		.byte	16
 638 0092 62       		.byte	98
 639 0093 04       		.byte	4
 640 0094 82       		.byte	-126
 641 0095 20       		.byte	32
 642 0096 86       		.byte	-122
 643 0097 10       		.byte	16
 644 0098 8E       		.byte	-114
 645 0099 04       		.byte	4
 646 009a D4       		.byte	-44
 647 009b 06       		.byte	6
 648 009c D8       		.byte	-40
 649 009d 02       		.byte	2
 650 009e E4       		.byte	-28
 651 009f 08       		.byte	8
 652 00a0 01       		.byte	1
 653 00a1 01       		.byte	1
 654 00a2 10       		.byte	16
 655 00a3 01       		.byte	1
 656              		.text
 657              	.Letext0:
 658              		.file 2 "c:\\program files (x86)\\cypress\\psoc creator\\4.2\\psoc creator\\import\\gnu\\arm\\5.4.
 659              		.file 3 "Generated_Source\\PSoC4\\cytypes.h"
 660              		.section	.debug_info,"",%progbits
ARM GAS  C:\Users\Arturo\AppData\Local\Temp\cceUXB2G.s 			page 20


 661              	.Ldebug_info0:
 662 0000 5A030000 		.4byte	0x35a
 663 0004 0400     		.2byte	0x4
 664 0006 00000000 		.4byte	.Ldebug_abbrev0
 665 000a 04       		.byte	0x4
 666 000b 01       		.uleb128 0x1
 667 000c A0000000 		.4byte	.LASF40
 668 0010 0C       		.byte	0xc
 669 0011 90020000 		.4byte	.LASF41
 670 0015 30020000 		.4byte	.LASF42
 671 0019 00000000 		.4byte	.Ldebug_ranges0+0
 672 001d 00000000 		.4byte	0
 673 0021 00000000 		.4byte	.Ldebug_line0
 674 0025 02       		.uleb128 0x2
 675 0026 04       		.byte	0x4
 676 0027 05       		.byte	0x5
 677 0028 696E7400 		.ascii	"int\000"
 678 002c 03       		.uleb128 0x3
 679 002d 06000000 		.4byte	.LASF12
 680 0031 02       		.byte	0x2
 681 0032 D8       		.byte	0xd8
 682 0033 37000000 		.4byte	0x37
 683 0037 04       		.uleb128 0x4
 684 0038 04       		.byte	0x4
 685 0039 07       		.byte	0x7
 686 003a 86010000 		.4byte	.LASF0
 687 003e 04       		.uleb128 0x4
 688 003f 08       		.byte	0x8
 689 0040 05       		.byte	0x5
 690 0041 E4010000 		.4byte	.LASF1
 691 0045 04       		.uleb128 0x4
 692 0046 08       		.byte	0x8
 693 0047 04       		.byte	0x4
 694 0048 24020000 		.4byte	.LASF2
 695 004c 04       		.uleb128 0x4
 696 004d 01       		.byte	0x1
 697 004e 06       		.byte	0x6
 698 004f 84020000 		.4byte	.LASF3
 699 0053 04       		.uleb128 0x4
 700 0054 01       		.byte	0x1
 701 0055 08       		.byte	0x8
 702 0056 2E010000 		.4byte	.LASF4
 703 005a 04       		.uleb128 0x4
 704 005b 02       		.byte	0x2
 705 005c 05       		.byte	0x5
 706 005d 11020000 		.4byte	.LASF5
 707 0061 04       		.uleb128 0x4
 708 0062 02       		.byte	0x2
 709 0063 07       		.byte	0x7
 710 0064 D1010000 		.4byte	.LASF6
 711 0068 04       		.uleb128 0x4
 712 0069 04       		.byte	0x4
 713 006a 05       		.byte	0x5
 714 006b 1B020000 		.4byte	.LASF7
 715 006f 04       		.uleb128 0x4
 716 0070 04       		.byte	0x4
 717 0071 07       		.byte	0x7
ARM GAS  C:\Users\Arturo\AppData\Local\Temp\cceUXB2G.s 			page 21


 718 0072 7E000000 		.4byte	.LASF8
 719 0076 04       		.uleb128 0x4
 720 0077 08       		.byte	0x8
 721 0078 07       		.byte	0x7
 722 0079 9B010000 		.4byte	.LASF9
 723 007d 04       		.uleb128 0x4
 724 007e 04       		.byte	0x4
 725 007f 07       		.byte	0x7
 726 0080 C8010000 		.4byte	.LASF10
 727 0084 05       		.uleb128 0x5
 728 0085 04       		.byte	0x4
 729 0086 04       		.uleb128 0x4
 730 0087 01       		.byte	0x1
 731 0088 08       		.byte	0x8
 732 0089 F2010000 		.4byte	.LASF11
 733 008d 06       		.uleb128 0x6
 734 008e 90000000 		.4byte	.LASF13
 735 0092 03       		.byte	0x3
 736 0093 E701     		.2byte	0x1e7
 737 0095 53000000 		.4byte	0x53
 738 0099 06       		.uleb128 0x6
 739 009a 6D010000 		.4byte	.LASF14
 740 009e 03       		.byte	0x3
 741 009f E801     		.2byte	0x1e8
 742 00a1 61000000 		.4byte	0x61
 743 00a5 06       		.uleb128 0x6
 744 00a6 7F010000 		.4byte	.LASF15
 745 00aa 03       		.byte	0x3
 746 00ab E901     		.2byte	0x1e9
 747 00ad 6F000000 		.4byte	0x6f
 748 00b1 04       		.uleb128 0x4
 749 00b2 04       		.byte	0x4
 750 00b3 04       		.byte	0x4
 751 00b4 59000000 		.4byte	.LASF16
 752 00b8 04       		.uleb128 0x4
 753 00b9 08       		.byte	0x8
 754 00ba 04       		.byte	0x4
 755 00bb 3C010000 		.4byte	.LASF17
 756 00bf 06       		.uleb128 0x6
 757 00c0 79000000 		.4byte	.LASF18
 758 00c4 03       		.byte	0x3
 759 00c5 9102     		.2byte	0x291
 760 00c7 CB000000 		.4byte	0xcb
 761 00cb 07       		.uleb128 0x7
 762 00cc 8D000000 		.4byte	0x8d
 763 00d0 06       		.uleb128 0x6
 764 00d1 00000000 		.4byte	.LASF19
 765 00d5 03       		.byte	0x3
 766 00d6 9302     		.2byte	0x293
 767 00d8 DC000000 		.4byte	0xdc
 768 00dc 07       		.uleb128 0x7
 769 00dd A5000000 		.4byte	0xa5
 770 00e1 08       		.uleb128 0x8
 771 00e2 02       		.byte	0x2
 772 00e3 01       		.byte	0x1
 773 00e4 97       		.byte	0x97
 774 00e5 02010000 		.4byte	0x102
ARM GAS  C:\Users\Arturo\AppData\Local\Temp\cceUXB2G.s 			page 22


 775 00e9 09       		.uleb128 0x9
 776 00ea 0A020000 		.4byte	.LASF20
 777 00ee 01       		.byte	0x1
 778 00ef 99       		.byte	0x99
 779 00f0 8D000000 		.4byte	0x8d
 780 00f4 00       		.byte	0
 781 00f5 09       		.uleb128 0x9
 782 00f6 1E000000 		.4byte	.LASF21
 783 00fa 01       		.byte	0x1
 784 00fb 9A       		.byte	0x9a
 785 00fc 8D000000 		.4byte	0x8d
 786 0100 01       		.byte	0x1
 787 0101 00       		.byte	0
 788 0102 03       		.uleb128 0x3
 789 0103 F7010000 		.4byte	.LASF22
 790 0107 01       		.byte	0x1
 791 0108 9B       		.byte	0x9b
 792 0109 E1000000 		.4byte	0xe1
 793 010d 0A       		.uleb128 0xa
 794 010e 96000000 		.4byte	.LASF23
 795 0112 01       		.byte	0x1
 796 0113 4A       		.byte	0x4a
 797 0114 00000000 		.4byte	.LFB0
 798 0118 1E000000 		.4byte	.LFE0-.LFB0
 799 011c 01       		.uleb128 0x1
 800 011d 9C       		.byte	0x9c
 801 011e 3B010000 		.4byte	0x13b
 802 0122 0B       		.uleb128 0xb
 803 0123 7300     		.ascii	"s\000"
 804 0125 01       		.byte	0x1
 805 0126 4A       		.byte	0x4a
 806 0127 84000000 		.4byte	0x84
 807 012b 02       		.uleb128 0x2
 808 012c 91       		.byte	0x91
 809 012d 74       		.sleb128 -12
 810 012e 0B       		.uleb128 0xb
 811 012f 6E00     		.ascii	"n\000"
 812 0131 01       		.byte	0x1
 813 0132 4A       		.byte	0x4a
 814 0133 2C000000 		.4byte	0x2c
 815 0137 02       		.uleb128 0x2
 816 0138 91       		.byte	0x91
 817 0139 70       		.sleb128 -16
 818 013a 00       		.byte	0
 819 013b 0A       		.uleb128 0xa
 820 013c C6020000 		.4byte	.LASF24
 821 0140 01       		.byte	0x1
 822 0141 51       		.byte	0x51
 823 0142 00000000 		.4byte	.LFB1
 824 0146 20000000 		.4byte	.LFE1-.LFB1
 825 014a 01       		.uleb128 0x1
 826 014b 9C       		.byte	0x9c
 827 014c 79010000 		.4byte	0x179
 828 0150 0C       		.uleb128 0xc
 829 0151 5F000000 		.4byte	.LASF25
 830 0155 01       		.byte	0x1
 831 0156 51       		.byte	0x51
ARM GAS  C:\Users\Arturo\AppData\Local\Temp\cceUXB2G.s 			page 23


 832 0157 84000000 		.4byte	0x84
 833 015b 02       		.uleb128 0x2
 834 015c 91       		.byte	0x91
 835 015d 74       		.sleb128 -12
 836 015e 0B       		.uleb128 0xb
 837 015f 73726300 		.ascii	"src\000"
 838 0163 01       		.byte	0x1
 839 0164 51       		.byte	0x51
 840 0165 79010000 		.4byte	0x179
 841 0169 02       		.uleb128 0x2
 842 016a 91       		.byte	0x91
 843 016b 70       		.sleb128 -16
 844 016c 0B       		.uleb128 0xb
 845 016d 6E00     		.ascii	"n\000"
 846 016f 01       		.byte	0x1
 847 0170 51       		.byte	0x51
 848 0171 2C000000 		.4byte	0x2c
 849 0175 02       		.uleb128 0x2
 850 0176 91       		.byte	0x91
 851 0177 6C       		.sleb128 -20
 852 0178 00       		.byte	0
 853 0179 0D       		.uleb128 0xd
 854 017a 04       		.byte	0x4
 855 017b 7F010000 		.4byte	0x17f
 856 017f 0E       		.uleb128 0xe
 857 0180 0A       		.uleb128 0xa
 858 0181 B6020000 		.4byte	.LASF26
 859 0185 01       		.byte	0x1
 860 0186 58       		.byte	0x58
 861 0187 00000000 		.4byte	.LFB2
 862 018b 20000000 		.4byte	.LFE2-.LFB2
 863 018f 01       		.uleb128 0x1
 864 0190 9C       		.byte	0x9c
 865 0191 BE010000 		.4byte	0x1be
 866 0195 0C       		.uleb128 0xc
 867 0196 5F000000 		.4byte	.LASF25
 868 019a 01       		.byte	0x1
 869 019b 58       		.byte	0x58
 870 019c 84000000 		.4byte	0x84
 871 01a0 02       		.uleb128 0x2
 872 01a1 91       		.byte	0x91
 873 01a2 74       		.sleb128 -12
 874 01a3 0B       		.uleb128 0xb
 875 01a4 73726300 		.ascii	"src\000"
 876 01a8 01       		.byte	0x1
 877 01a9 58       		.byte	0x58
 878 01aa 79010000 		.4byte	0x179
 879 01ae 02       		.uleb128 0x2
 880 01af 91       		.byte	0x91
 881 01b0 70       		.sleb128 -16
 882 01b1 0B       		.uleb128 0xb
 883 01b2 6E00     		.ascii	"n\000"
 884 01b4 01       		.byte	0x1
 885 01b5 58       		.byte	0x58
 886 01b6 2C000000 		.4byte	0x2c
 887 01ba 02       		.uleb128 0x2
 888 01bb 91       		.byte	0x91
ARM GAS  C:\Users\Arturo\AppData\Local\Temp\cceUXB2G.s 			page 24


 889 01bc 6C       		.sleb128 -20
 890 01bd 00       		.byte	0
 891 01be 0F       		.uleb128 0xf
 892 01bf 43010000 		.4byte	.LASF27
 893 01c3 01       		.byte	0x1
 894 01c4 AE       		.byte	0xae
 895 01c5 00000000 		.4byte	.LFB3
 896 01c9 82000000 		.4byte	.LFE3-.LFB3
 897 01cd 01       		.uleb128 0x1
 898 01ce 9C       		.byte	0x9c
 899 01cf 2E020000 		.4byte	0x22e
 900 01d3 0C       		.uleb128 0xc
 901 01d4 62010000 		.4byte	.LASF28
 902 01d8 01       		.byte	0x1
 903 01d9 AE       		.byte	0xae
 904 01da 2E020000 		.4byte	0x22e
 905 01de 02       		.uleb128 0x2
 906 01df 91       		.byte	0x91
 907 01e0 64       		.sleb128 -28
 908 01e1 0C       		.uleb128 0xc
 909 01e2 74010000 		.4byte	.LASF29
 910 01e6 01       		.byte	0x1
 911 01e7 AE       		.byte	0xae
 912 01e8 39020000 		.4byte	0x239
 913 01ec 02       		.uleb128 0x2
 914 01ed 91       		.byte	0x91
 915 01ee 60       		.sleb128 -32
 916 01ef 10       		.uleb128 0x10
 917 01f0 6900     		.ascii	"i\000"
 918 01f2 01       		.byte	0x1
 919 01f3 B1       		.byte	0xb1
 920 01f4 A5000000 		.4byte	0xa5
 921 01f8 02       		.uleb128 0x2
 922 01f9 91       		.byte	0x91
 923 01fa 74       		.sleb128 -12
 924 01fb 10       		.uleb128 0x10
 925 01fc 6A00     		.ascii	"j\000"
 926 01fe 01       		.byte	0x1
 927 01ff B1       		.byte	0xb1
 928 0200 A5000000 		.4byte	0xa5
 929 0204 02       		.uleb128 0x2
 930 0205 91       		.byte	0x91
 931 0206 70       		.sleb128 -16
 932 0207 11       		.uleb128 0x11
 933 0208 14000000 		.4byte	.LBB2
 934 020c 5A000000 		.4byte	.LBE2-.LBB2
 935 0210 12       		.uleb128 0x12
 936 0211 BF010000 		.4byte	.LASF30
 937 0215 01       		.byte	0x1
 938 0216 B4       		.byte	0xb4
 939 0217 A5000000 		.4byte	0xa5
 940 021b 02       		.uleb128 0x2
 941 021c 91       		.byte	0x91
 942 021d 68       		.sleb128 -24
 943 021e 12       		.uleb128 0x12
 944 021f 24000000 		.4byte	.LASF31
 945 0223 01       		.byte	0x1
ARM GAS  C:\Users\Arturo\AppData\Local\Temp\cceUXB2G.s 			page 25


 946 0224 B5       		.byte	0xb5
 947 0225 8D000000 		.4byte	0x8d
 948 0229 02       		.uleb128 0x2
 949 022a 91       		.byte	0x91
 950 022b 6F       		.sleb128 -17
 951 022c 00       		.byte	0
 952 022d 00       		.byte	0
 953 022e 0D       		.uleb128 0xd
 954 022f 04       		.byte	0x4
 955 0230 34020000 		.4byte	0x234
 956 0234 13       		.uleb128 0x13
 957 0235 A5000000 		.4byte	0xa5
 958 0239 0D       		.uleb128 0xd
 959 023a 04       		.byte	0x4
 960 023b 3F020000 		.4byte	0x23f
 961 023f 13       		.uleb128 0x13
 962 0240 02010000 		.4byte	0x102
 963 0244 14       		.uleb128 0x14
 964 0245 2A000000 		.4byte	.LASF32
 965 0249 01       		.byte	0x1
 966 024a D3       		.byte	0xd3
 967 024b 00000000 		.4byte	.LFB4
 968 024f 84000000 		.4byte	.LFE4-.LFB4
 969 0253 01       		.uleb128 0x1
 970 0254 9C       		.byte	0x9c
 971 0255 15       		.uleb128 0x15
 972 0256 0D000000 		.4byte	.LASF33
 973 025a 01       		.byte	0x1
 974 025b 0701     		.2byte	0x107
 975 025d 00000000 		.4byte	.LFB5
 976 0261 0A000000 		.4byte	.LFE5-.LFB5
 977 0265 01       		.uleb128 0x1
 978 0266 9C       		.byte	0x9c
 979 0267 16       		.uleb128 0x16
 980 0268 55010000 		.4byte	.LASF43
 981 026c 01       		.byte	0x1
 982 026d 1F01     		.2byte	0x11f
 983 026f 84000000 		.4byte	.LFB6
 984 0273 F4000000 		.4byte	.LFE6-.LFB6
 985 0277 01       		.uleb128 0x1
 986 0278 9C       		.byte	0x9c
 987 0279 33030000 		.4byte	0x333
 988 027d 11       		.uleb128 0x11
 989 027e 8C000000 		.4byte	.LBB3
 990 0282 9E000000 		.4byte	.LBE3-.LBB3
 991 0286 17       		.uleb128 0x17
 992 0287 35000000 		.4byte	.LASF34
 993 028b 01       		.byte	0x1
 994 028c 2501     		.2byte	0x125
 995 028e 43030000 		.4byte	0x343
 996 0292 05       		.uleb128 0x5
 997 0293 03       		.byte	0x3
 998 0294 0C000000 		.4byte	cy_cfg_addr_table.4864
 999 0298 17       		.uleb128 0x17
 1000 0299 47000000 		.4byte	.LASF35
 1001 029d 01       		.byte	0x1
 1002 029e 2D01     		.2byte	0x12d
ARM GAS  C:\Users\Arturo\AppData\Local\Temp\cceUXB2G.s 			page 26


 1003 02a0 58030000 		.4byte	0x358
 1004 02a4 05       		.uleb128 0x5
 1005 02a5 03       		.byte	0x3
 1006 02a6 20000000 		.4byte	cy_cfg_data_table.4865
 1007 02aa 18       		.uleb128 0x18
 1008 02ab 06       		.byte	0x6
 1009 02ac 01       		.byte	0x1
 1010 02ad 7401     		.2byte	0x174
 1011 02af CE020000 		.4byte	0x2ce
 1012 02b3 19       		.uleb128 0x19
 1013 02b4 93010000 		.4byte	.LASF36
 1014 02b8 01       		.byte	0x1
 1015 02b9 7501     		.2byte	0x175
 1016 02bb 84000000 		.4byte	0x84
 1017 02bf 00       		.byte	0
 1018 02c0 19       		.uleb128 0x19
 1019 02c1 74000000 		.4byte	.LASF37
 1020 02c5 01       		.byte	0x1
 1021 02c6 7601     		.2byte	0x176
 1022 02c8 99000000 		.4byte	0x99
 1023 02cc 04       		.byte	0x4
 1024 02cd 00       		.byte	0
 1025 02ce 06       		.uleb128 0x6
 1026 02cf B2010000 		.4byte	.LASF38
 1027 02d3 01       		.byte	0x1
 1028 02d4 7701     		.2byte	0x177
 1029 02d6 AA020000 		.4byte	0x2aa
 1030 02da 1A       		.uleb128 0x1a
 1031 02db EA020000 		.4byte	0x2ea
 1032 02df EA020000 		.4byte	0x2ea
 1033 02e3 1B       		.uleb128 0x1b
 1034 02e4 7D000000 		.4byte	0x7d
 1035 02e8 01       		.byte	0x1
 1036 02e9 00       		.byte	0
 1037 02ea 13       		.uleb128 0x13
 1038 02eb CE020000 		.4byte	0x2ce
 1039 02ef 17       		.uleb128 0x17
 1040 02f0 64000000 		.4byte	.LASF39
 1041 02f4 01       		.byte	0x1
 1042 02f5 7901     		.2byte	0x179
 1043 02f7 01030000 		.4byte	0x301
 1044 02fb 05       		.uleb128 0x5
 1045 02fc 03       		.byte	0x3
 1046 02fd 00000000 		.4byte	cfg_memset_list.4870
 1047 0301 13       		.uleb128 0x13
 1048 0302 DA020000 		.4byte	0x2da
 1049 0306 1C       		.uleb128 0x1c
 1050 0307 6900     		.ascii	"i\000"
 1051 0309 01       		.byte	0x1
 1052 030a 7F01     		.2byte	0x17f
 1053 030c 8D000000 		.4byte	0x8d
 1054 0310 02       		.uleb128 0x2
 1055 0311 91       		.byte	0x91
 1056 0312 77       		.sleb128 -9
 1057 0313 11       		.uleb128 0x11
 1058 0314 94000000 		.4byte	.LBB4
 1059 0318 3C000000 		.4byte	.LBE4-.LBB4
ARM GAS  C:\Users\Arturo\AppData\Local\Temp\cceUXB2G.s 			page 27


 1060 031c 1C       		.uleb128 0x1c
 1061 031d 6D7300   		.ascii	"ms\000"
 1062 0320 01       		.byte	0x1
 1063 0321 8401     		.2byte	0x184
 1064 0323 2A030000 		.4byte	0x32a
 1065 0327 02       		.uleb128 0x2
 1066 0328 91       		.byte	0x91
 1067 0329 70       		.sleb128 -16
 1068 032a 0D       		.uleb128 0xd
 1069 032b 04       		.byte	0x4
 1070 032c EA020000 		.4byte	0x2ea
 1071 0330 00       		.byte	0
 1072 0331 00       		.byte	0
 1073 0332 00       		.byte	0
 1074 0333 1A       		.uleb128 0x1a
 1075 0334 34020000 		.4byte	0x234
 1076 0338 43030000 		.4byte	0x343
 1077 033c 1B       		.uleb128 0x1b
 1078 033d 7D000000 		.4byte	0x7d
 1079 0341 04       		.byte	0x4
 1080 0342 00       		.byte	0
 1081 0343 13       		.uleb128 0x13
 1082 0344 33030000 		.4byte	0x333
 1083 0348 1A       		.uleb128 0x1a
 1084 0349 3F020000 		.4byte	0x23f
 1085 034d 58030000 		.4byte	0x358
 1086 0351 1B       		.uleb128 0x1b
 1087 0352 7D000000 		.4byte	0x7d
 1088 0356 41       		.byte	0x41
 1089 0357 00       		.byte	0
 1090 0358 13       		.uleb128 0x13
 1091 0359 48030000 		.4byte	0x348
 1092 035d 00       		.byte	0
 1093              		.section	.debug_abbrev,"",%progbits
 1094              	.Ldebug_abbrev0:
 1095 0000 01       		.uleb128 0x1
 1096 0001 11       		.uleb128 0x11
 1097 0002 01       		.byte	0x1
 1098 0003 25       		.uleb128 0x25
 1099 0004 0E       		.uleb128 0xe
 1100 0005 13       		.uleb128 0x13
 1101 0006 0B       		.uleb128 0xb
 1102 0007 03       		.uleb128 0x3
 1103 0008 0E       		.uleb128 0xe
 1104 0009 1B       		.uleb128 0x1b
 1105 000a 0E       		.uleb128 0xe
 1106 000b 55       		.uleb128 0x55
 1107 000c 17       		.uleb128 0x17
 1108 000d 11       		.uleb128 0x11
 1109 000e 01       		.uleb128 0x1
 1110 000f 10       		.uleb128 0x10
 1111 0010 17       		.uleb128 0x17
 1112 0011 00       		.byte	0
 1113 0012 00       		.byte	0
 1114 0013 02       		.uleb128 0x2
 1115 0014 24       		.uleb128 0x24
 1116 0015 00       		.byte	0
ARM GAS  C:\Users\Arturo\AppData\Local\Temp\cceUXB2G.s 			page 28


 1117 0016 0B       		.uleb128 0xb
 1118 0017 0B       		.uleb128 0xb
 1119 0018 3E       		.uleb128 0x3e
 1120 0019 0B       		.uleb128 0xb
 1121 001a 03       		.uleb128 0x3
 1122 001b 08       		.uleb128 0x8
 1123 001c 00       		.byte	0
 1124 001d 00       		.byte	0
 1125 001e 03       		.uleb128 0x3
 1126 001f 16       		.uleb128 0x16
 1127 0020 00       		.byte	0
 1128 0021 03       		.uleb128 0x3
 1129 0022 0E       		.uleb128 0xe
 1130 0023 3A       		.uleb128 0x3a
 1131 0024 0B       		.uleb128 0xb
 1132 0025 3B       		.uleb128 0x3b
 1133 0026 0B       		.uleb128 0xb
 1134 0027 49       		.uleb128 0x49
 1135 0028 13       		.uleb128 0x13
 1136 0029 00       		.byte	0
 1137 002a 00       		.byte	0
 1138 002b 04       		.uleb128 0x4
 1139 002c 24       		.uleb128 0x24
 1140 002d 00       		.byte	0
 1141 002e 0B       		.uleb128 0xb
 1142 002f 0B       		.uleb128 0xb
 1143 0030 3E       		.uleb128 0x3e
 1144 0031 0B       		.uleb128 0xb
 1145 0032 03       		.uleb128 0x3
 1146 0033 0E       		.uleb128 0xe
 1147 0034 00       		.byte	0
 1148 0035 00       		.byte	0
 1149 0036 05       		.uleb128 0x5
 1150 0037 0F       		.uleb128 0xf
 1151 0038 00       		.byte	0
 1152 0039 0B       		.uleb128 0xb
 1153 003a 0B       		.uleb128 0xb
 1154 003b 00       		.byte	0
 1155 003c 00       		.byte	0
 1156 003d 06       		.uleb128 0x6
 1157 003e 16       		.uleb128 0x16
 1158 003f 00       		.byte	0
 1159 0040 03       		.uleb128 0x3
 1160 0041 0E       		.uleb128 0xe
 1161 0042 3A       		.uleb128 0x3a
 1162 0043 0B       		.uleb128 0xb
 1163 0044 3B       		.uleb128 0x3b
 1164 0045 05       		.uleb128 0x5
 1165 0046 49       		.uleb128 0x49
 1166 0047 13       		.uleb128 0x13
 1167 0048 00       		.byte	0
 1168 0049 00       		.byte	0
 1169 004a 07       		.uleb128 0x7
 1170 004b 35       		.uleb128 0x35
 1171 004c 00       		.byte	0
 1172 004d 49       		.uleb128 0x49
 1173 004e 13       		.uleb128 0x13
ARM GAS  C:\Users\Arturo\AppData\Local\Temp\cceUXB2G.s 			page 29


 1174 004f 00       		.byte	0
 1175 0050 00       		.byte	0
 1176 0051 08       		.uleb128 0x8
 1177 0052 13       		.uleb128 0x13
 1178 0053 01       		.byte	0x1
 1179 0054 0B       		.uleb128 0xb
 1180 0055 0B       		.uleb128 0xb
 1181 0056 3A       		.uleb128 0x3a
 1182 0057 0B       		.uleb128 0xb
 1183 0058 3B       		.uleb128 0x3b
 1184 0059 0B       		.uleb128 0xb
 1185 005a 01       		.uleb128 0x1
 1186 005b 13       		.uleb128 0x13
 1187 005c 00       		.byte	0
 1188 005d 00       		.byte	0
 1189 005e 09       		.uleb128 0x9
 1190 005f 0D       		.uleb128 0xd
 1191 0060 00       		.byte	0
 1192 0061 03       		.uleb128 0x3
 1193 0062 0E       		.uleb128 0xe
 1194 0063 3A       		.uleb128 0x3a
 1195 0064 0B       		.uleb128 0xb
 1196 0065 3B       		.uleb128 0x3b
 1197 0066 0B       		.uleb128 0xb
 1198 0067 49       		.uleb128 0x49
 1199 0068 13       		.uleb128 0x13
 1200 0069 38       		.uleb128 0x38
 1201 006a 0B       		.uleb128 0xb
 1202 006b 00       		.byte	0
 1203 006c 00       		.byte	0
 1204 006d 0A       		.uleb128 0xa
 1205 006e 2E       		.uleb128 0x2e
 1206 006f 01       		.byte	0x1
 1207 0070 03       		.uleb128 0x3
 1208 0071 0E       		.uleb128 0xe
 1209 0072 3A       		.uleb128 0x3a
 1210 0073 0B       		.uleb128 0xb
 1211 0074 3B       		.uleb128 0x3b
 1212 0075 0B       		.uleb128 0xb
 1213 0076 27       		.uleb128 0x27
 1214 0077 19       		.uleb128 0x19
 1215 0078 11       		.uleb128 0x11
 1216 0079 01       		.uleb128 0x1
 1217 007a 12       		.uleb128 0x12
 1218 007b 06       		.uleb128 0x6
 1219 007c 40       		.uleb128 0x40
 1220 007d 18       		.uleb128 0x18
 1221 007e 9642     		.uleb128 0x2116
 1222 0080 19       		.uleb128 0x19
 1223 0081 01       		.uleb128 0x1
 1224 0082 13       		.uleb128 0x13
 1225 0083 00       		.byte	0
 1226 0084 00       		.byte	0
 1227 0085 0B       		.uleb128 0xb
 1228 0086 05       		.uleb128 0x5
 1229 0087 00       		.byte	0
 1230 0088 03       		.uleb128 0x3
ARM GAS  C:\Users\Arturo\AppData\Local\Temp\cceUXB2G.s 			page 30


 1231 0089 08       		.uleb128 0x8
 1232 008a 3A       		.uleb128 0x3a
 1233 008b 0B       		.uleb128 0xb
 1234 008c 3B       		.uleb128 0x3b
 1235 008d 0B       		.uleb128 0xb
 1236 008e 49       		.uleb128 0x49
 1237 008f 13       		.uleb128 0x13
 1238 0090 02       		.uleb128 0x2
 1239 0091 18       		.uleb128 0x18
 1240 0092 00       		.byte	0
 1241 0093 00       		.byte	0
 1242 0094 0C       		.uleb128 0xc
 1243 0095 05       		.uleb128 0x5
 1244 0096 00       		.byte	0
 1245 0097 03       		.uleb128 0x3
 1246 0098 0E       		.uleb128 0xe
 1247 0099 3A       		.uleb128 0x3a
 1248 009a 0B       		.uleb128 0xb
 1249 009b 3B       		.uleb128 0x3b
 1250 009c 0B       		.uleb128 0xb
 1251 009d 49       		.uleb128 0x49
 1252 009e 13       		.uleb128 0x13
 1253 009f 02       		.uleb128 0x2
 1254 00a0 18       		.uleb128 0x18
 1255 00a1 00       		.byte	0
 1256 00a2 00       		.byte	0
 1257 00a3 0D       		.uleb128 0xd
 1258 00a4 0F       		.uleb128 0xf
 1259 00a5 00       		.byte	0
 1260 00a6 0B       		.uleb128 0xb
 1261 00a7 0B       		.uleb128 0xb
 1262 00a8 49       		.uleb128 0x49
 1263 00a9 13       		.uleb128 0x13
 1264 00aa 00       		.byte	0
 1265 00ab 00       		.byte	0
 1266 00ac 0E       		.uleb128 0xe
 1267 00ad 26       		.uleb128 0x26
 1268 00ae 00       		.byte	0
 1269 00af 00       		.byte	0
 1270 00b0 00       		.byte	0
 1271 00b1 0F       		.uleb128 0xf
 1272 00b2 2E       		.uleb128 0x2e
 1273 00b3 01       		.byte	0x1
 1274 00b4 03       		.uleb128 0x3
 1275 00b5 0E       		.uleb128 0xe
 1276 00b6 3A       		.uleb128 0x3a
 1277 00b7 0B       		.uleb128 0xb
 1278 00b8 3B       		.uleb128 0x3b
 1279 00b9 0B       		.uleb128 0xb
 1280 00ba 27       		.uleb128 0x27
 1281 00bb 19       		.uleb128 0x19
 1282 00bc 11       		.uleb128 0x11
 1283 00bd 01       		.uleb128 0x1
 1284 00be 12       		.uleb128 0x12
 1285 00bf 06       		.uleb128 0x6
 1286 00c0 40       		.uleb128 0x40
 1287 00c1 18       		.uleb128 0x18
ARM GAS  C:\Users\Arturo\AppData\Local\Temp\cceUXB2G.s 			page 31


 1288 00c2 9742     		.uleb128 0x2117
 1289 00c4 19       		.uleb128 0x19
 1290 00c5 01       		.uleb128 0x1
 1291 00c6 13       		.uleb128 0x13
 1292 00c7 00       		.byte	0
 1293 00c8 00       		.byte	0
 1294 00c9 10       		.uleb128 0x10
 1295 00ca 34       		.uleb128 0x34
 1296 00cb 00       		.byte	0
 1297 00cc 03       		.uleb128 0x3
 1298 00cd 08       		.uleb128 0x8
 1299 00ce 3A       		.uleb128 0x3a
 1300 00cf 0B       		.uleb128 0xb
 1301 00d0 3B       		.uleb128 0x3b
 1302 00d1 0B       		.uleb128 0xb
 1303 00d2 49       		.uleb128 0x49
 1304 00d3 13       		.uleb128 0x13
 1305 00d4 02       		.uleb128 0x2
 1306 00d5 18       		.uleb128 0x18
 1307 00d6 00       		.byte	0
 1308 00d7 00       		.byte	0
 1309 00d8 11       		.uleb128 0x11
 1310 00d9 0B       		.uleb128 0xb
 1311 00da 01       		.byte	0x1
 1312 00db 11       		.uleb128 0x11
 1313 00dc 01       		.uleb128 0x1
 1314 00dd 12       		.uleb128 0x12
 1315 00de 06       		.uleb128 0x6
 1316 00df 00       		.byte	0
 1317 00e0 00       		.byte	0
 1318 00e1 12       		.uleb128 0x12
 1319 00e2 34       		.uleb128 0x34
 1320 00e3 00       		.byte	0
 1321 00e4 03       		.uleb128 0x3
 1322 00e5 0E       		.uleb128 0xe
 1323 00e6 3A       		.uleb128 0x3a
 1324 00e7 0B       		.uleb128 0xb
 1325 00e8 3B       		.uleb128 0x3b
 1326 00e9 0B       		.uleb128 0xb
 1327 00ea 49       		.uleb128 0x49
 1328 00eb 13       		.uleb128 0x13
 1329 00ec 02       		.uleb128 0x2
 1330 00ed 18       		.uleb128 0x18
 1331 00ee 00       		.byte	0
 1332 00ef 00       		.byte	0
 1333 00f0 13       		.uleb128 0x13
 1334 00f1 26       		.uleb128 0x26
 1335 00f2 00       		.byte	0
 1336 00f3 49       		.uleb128 0x49
 1337 00f4 13       		.uleb128 0x13
 1338 00f5 00       		.byte	0
 1339 00f6 00       		.byte	0
 1340 00f7 14       		.uleb128 0x14
 1341 00f8 2E       		.uleb128 0x2e
 1342 00f9 00       		.byte	0
 1343 00fa 03       		.uleb128 0x3
 1344 00fb 0E       		.uleb128 0xe
ARM GAS  C:\Users\Arturo\AppData\Local\Temp\cceUXB2G.s 			page 32


 1345 00fc 3A       		.uleb128 0x3a
 1346 00fd 0B       		.uleb128 0xb
 1347 00fe 3B       		.uleb128 0x3b
 1348 00ff 0B       		.uleb128 0xb
 1349 0100 27       		.uleb128 0x27
 1350 0101 19       		.uleb128 0x19
 1351 0102 11       		.uleb128 0x11
 1352 0103 01       		.uleb128 0x1
 1353 0104 12       		.uleb128 0x12
 1354 0105 06       		.uleb128 0x6
 1355 0106 40       		.uleb128 0x40
 1356 0107 18       		.uleb128 0x18
 1357 0108 9642     		.uleb128 0x2116
 1358 010a 19       		.uleb128 0x19
 1359 010b 00       		.byte	0
 1360 010c 00       		.byte	0
 1361 010d 15       		.uleb128 0x15
 1362 010e 2E       		.uleb128 0x2e
 1363 010f 00       		.byte	0
 1364 0110 03       		.uleb128 0x3
 1365 0111 0E       		.uleb128 0xe
 1366 0112 3A       		.uleb128 0x3a
 1367 0113 0B       		.uleb128 0xb
 1368 0114 3B       		.uleb128 0x3b
 1369 0115 05       		.uleb128 0x5
 1370 0116 27       		.uleb128 0x27
 1371 0117 19       		.uleb128 0x19
 1372 0118 11       		.uleb128 0x11
 1373 0119 01       		.uleb128 0x1
 1374 011a 12       		.uleb128 0x12
 1375 011b 06       		.uleb128 0x6
 1376 011c 40       		.uleb128 0x40
 1377 011d 18       		.uleb128 0x18
 1378 011e 9742     		.uleb128 0x2117
 1379 0120 19       		.uleb128 0x19
 1380 0121 00       		.byte	0
 1381 0122 00       		.byte	0
 1382 0123 16       		.uleb128 0x16
 1383 0124 2E       		.uleb128 0x2e
 1384 0125 01       		.byte	0x1
 1385 0126 3F       		.uleb128 0x3f
 1386 0127 19       		.uleb128 0x19
 1387 0128 03       		.uleb128 0x3
 1388 0129 0E       		.uleb128 0xe
 1389 012a 3A       		.uleb128 0x3a
 1390 012b 0B       		.uleb128 0xb
 1391 012c 3B       		.uleb128 0x3b
 1392 012d 05       		.uleb128 0x5
 1393 012e 27       		.uleb128 0x27
 1394 012f 19       		.uleb128 0x19
 1395 0130 11       		.uleb128 0x11
 1396 0131 01       		.uleb128 0x1
 1397 0132 12       		.uleb128 0x12
 1398 0133 06       		.uleb128 0x6
 1399 0134 40       		.uleb128 0x40
 1400 0135 18       		.uleb128 0x18
 1401 0136 9642     		.uleb128 0x2116
ARM GAS  C:\Users\Arturo\AppData\Local\Temp\cceUXB2G.s 			page 33


 1402 0138 19       		.uleb128 0x19
 1403 0139 01       		.uleb128 0x1
 1404 013a 13       		.uleb128 0x13
 1405 013b 00       		.byte	0
 1406 013c 00       		.byte	0
 1407 013d 17       		.uleb128 0x17
 1408 013e 34       		.uleb128 0x34
 1409 013f 00       		.byte	0
 1410 0140 03       		.uleb128 0x3
 1411 0141 0E       		.uleb128 0xe
 1412 0142 3A       		.uleb128 0x3a
 1413 0143 0B       		.uleb128 0xb
 1414 0144 3B       		.uleb128 0x3b
 1415 0145 05       		.uleb128 0x5
 1416 0146 49       		.uleb128 0x49
 1417 0147 13       		.uleb128 0x13
 1418 0148 02       		.uleb128 0x2
 1419 0149 18       		.uleb128 0x18
 1420 014a 00       		.byte	0
 1421 014b 00       		.byte	0
 1422 014c 18       		.uleb128 0x18
 1423 014d 13       		.uleb128 0x13
 1424 014e 01       		.byte	0x1
 1425 014f 0B       		.uleb128 0xb
 1426 0150 0B       		.uleb128 0xb
 1427 0151 3A       		.uleb128 0x3a
 1428 0152 0B       		.uleb128 0xb
 1429 0153 3B       		.uleb128 0x3b
 1430 0154 05       		.uleb128 0x5
 1431 0155 01       		.uleb128 0x1
 1432 0156 13       		.uleb128 0x13
 1433 0157 00       		.byte	0
 1434 0158 00       		.byte	0
 1435 0159 19       		.uleb128 0x19
 1436 015a 0D       		.uleb128 0xd
 1437 015b 00       		.byte	0
 1438 015c 03       		.uleb128 0x3
 1439 015d 0E       		.uleb128 0xe
 1440 015e 3A       		.uleb128 0x3a
 1441 015f 0B       		.uleb128 0xb
 1442 0160 3B       		.uleb128 0x3b
 1443 0161 05       		.uleb128 0x5
 1444 0162 49       		.uleb128 0x49
 1445 0163 13       		.uleb128 0x13
 1446 0164 38       		.uleb128 0x38
 1447 0165 0B       		.uleb128 0xb
 1448 0166 00       		.byte	0
 1449 0167 00       		.byte	0
 1450 0168 1A       		.uleb128 0x1a
 1451 0169 01       		.uleb128 0x1
 1452 016a 01       		.byte	0x1
 1453 016b 49       		.uleb128 0x49
 1454 016c 13       		.uleb128 0x13
 1455 016d 01       		.uleb128 0x1
 1456 016e 13       		.uleb128 0x13
 1457 016f 00       		.byte	0
 1458 0170 00       		.byte	0
ARM GAS  C:\Users\Arturo\AppData\Local\Temp\cceUXB2G.s 			page 34


 1459 0171 1B       		.uleb128 0x1b
 1460 0172 21       		.uleb128 0x21
 1461 0173 00       		.byte	0
 1462 0174 49       		.uleb128 0x49
 1463 0175 13       		.uleb128 0x13
 1464 0176 2F       		.uleb128 0x2f
 1465 0177 0B       		.uleb128 0xb
 1466 0178 00       		.byte	0
 1467 0179 00       		.byte	0
 1468 017a 1C       		.uleb128 0x1c
 1469 017b 34       		.uleb128 0x34
 1470 017c 00       		.byte	0
 1471 017d 03       		.uleb128 0x3
 1472 017e 08       		.uleb128 0x8
 1473 017f 3A       		.uleb128 0x3a
 1474 0180 0B       		.uleb128 0xb
 1475 0181 3B       		.uleb128 0x3b
 1476 0182 05       		.uleb128 0x5
 1477 0183 49       		.uleb128 0x49
 1478 0184 13       		.uleb128 0x13
 1479 0185 02       		.uleb128 0x2
 1480 0186 18       		.uleb128 0x18
 1481 0187 00       		.byte	0
 1482 0188 00       		.byte	0
 1483 0189 00       		.byte	0
 1484              		.section	.debug_aranges,"",%progbits
 1485 0000 4C000000 		.4byte	0x4c
 1486 0004 0200     		.2byte	0x2
 1487 0006 00000000 		.4byte	.Ldebug_info0
 1488 000a 04       		.byte	0x4
 1489 000b 00       		.byte	0
 1490 000c 0000     		.2byte	0
 1491 000e 0000     		.2byte	0
 1492 0010 00000000 		.4byte	.LFB0
 1493 0014 1E000000 		.4byte	.LFE0-.LFB0
 1494 0018 00000000 		.4byte	.LFB1
 1495 001c 20000000 		.4byte	.LFE1-.LFB1
 1496 0020 00000000 		.4byte	.LFB2
 1497 0024 20000000 		.4byte	.LFE2-.LFB2
 1498 0028 00000000 		.4byte	.LFB3
 1499 002c 82000000 		.4byte	.LFE3-.LFB3
 1500 0030 00000000 		.4byte	.LFB4
 1501 0034 84000000 		.4byte	.LFE4-.LFB4
 1502 0038 00000000 		.4byte	.LFB5
 1503 003c 0A000000 		.4byte	.LFE5-.LFB5
 1504 0040 84000000 		.4byte	.LFB6
 1505 0044 F4000000 		.4byte	.LFE6-.LFB6
 1506 0048 00000000 		.4byte	0
 1507 004c 00000000 		.4byte	0
 1508              		.section	.debug_ranges,"",%progbits
 1509              	.Ldebug_ranges0:
 1510 0000 00000000 		.4byte	.LFB0
 1511 0004 1E000000 		.4byte	.LFE0
 1512 0008 00000000 		.4byte	.LFB1
 1513 000c 20000000 		.4byte	.LFE1
 1514 0010 00000000 		.4byte	.LFB2
 1515 0014 20000000 		.4byte	.LFE2
ARM GAS  C:\Users\Arturo\AppData\Local\Temp\cceUXB2G.s 			page 35


 1516 0018 00000000 		.4byte	.LFB3
 1517 001c 82000000 		.4byte	.LFE3
 1518 0020 00000000 		.4byte	.LFB4
 1519 0024 84000000 		.4byte	.LFE4
 1520 0028 00000000 		.4byte	.LFB5
 1521 002c 0A000000 		.4byte	.LFE5
 1522 0030 84000000 		.4byte	.LFB6
 1523 0034 78010000 		.4byte	.LFE6
 1524 0038 00000000 		.4byte	0
 1525 003c 00000000 		.4byte	0
 1526              		.section	.debug_line,"",%progbits
 1527              	.Ldebug_line0:
 1528 0000 87010000 		.section	.debug_str,"MS",%progbits,1
 1528      0200CB00 
 1528      00000201 
 1528      FB0E0D00 
 1528      01010101 
 1529              	.LASF19:
 1530 0000 72656733 		.ascii	"reg32\000"
 1530      3200
 1531              	.LASF12:
 1532 0006 73697A65 		.ascii	"size_t\000"
 1532      5F7400
 1533              	.LASF33:
 1534 000d 416E616C 		.ascii	"AnalogSetDefault\000"
 1534      6F675365 
 1534      74446566 
 1534      61756C74 
 1534      00
 1535              	.LASF21:
 1536 001e 76616C75 		.ascii	"value\000"
 1536      6500
 1537              	.LASF31:
 1538 0024 636F756E 		.ascii	"count\000"
 1538      7400
 1539              	.LASF32:
 1540 002a 436C6F63 		.ascii	"ClockSetup\000"
 1540      6B536574 
 1540      757000
 1541              	.LASF34:
 1542 0035 63795F63 		.ascii	"cy_cfg_addr_table\000"
 1542      66675F61 
 1542      6464725F 
 1542      7461626C 
 1542      6500
 1543              	.LASF35:
 1544 0047 63795F63 		.ascii	"cy_cfg_data_table\000"
 1544      66675F64 
 1544      6174615F 
 1544      7461626C 
 1544      6500
 1545              	.LASF16:
 1546 0059 666C6F61 		.ascii	"float\000"
 1546      7400
 1547              	.LASF25:
 1548 005f 64657374 		.ascii	"dest\000"
 1548      00
ARM GAS  C:\Users\Arturo\AppData\Local\Temp\cceUXB2G.s 			page 36


 1549              	.LASF39:
 1550 0064 6366675F 		.ascii	"cfg_memset_list\000"
 1550      6D656D73 
 1550      65745F6C 
 1550      69737400 
 1551              	.LASF37:
 1552 0074 73697A65 		.ascii	"size\000"
 1552      00
 1553              	.LASF18:
 1554 0079 72656738 		.ascii	"reg8\000"
 1554      00
 1555              	.LASF8:
 1556 007e 6C6F6E67 		.ascii	"long unsigned int\000"
 1556      20756E73 
 1556      69676E65 
 1556      6420696E 
 1556      7400
 1557              	.LASF13:
 1558 0090 75696E74 		.ascii	"uint8\000"
 1558      3800
 1559              	.LASF23:
 1560 0096 43594D45 		.ascii	"CYMEMZERO\000"
 1560      4D5A4552 
 1560      4F00
 1561              	.LASF40:
 1562 00a0 474E5520 		.ascii	"GNU C11 5.4.1 20160609 (release) [ARM/embedded-5-br"
 1562      43313120 
 1562      352E342E 
 1562      31203230 
 1562      31363036 
 1563 00d3 616E6368 		.ascii	"anch revision 237715] -mcpu=cortex-m0 -mthumb -g -O"
 1563      20726576 
 1563      6973696F 
 1563      6E203233 
 1563      37373135 
 1564 0106 30202D66 		.ascii	"0 -ffunction-sections -ffat-lto-objects\000"
 1564      66756E63 
 1564      74696F6E 
 1564      2D736563 
 1564      74696F6E 
 1565              	.LASF4:
 1566 012e 756E7369 		.ascii	"unsigned char\000"
 1566      676E6564 
 1566      20636861 
 1566      7200
 1567              	.LASF17:
 1568 013c 646F7562 		.ascii	"double\000"
 1568      6C6500
 1569              	.LASF27:
 1570 0143 6366675F 		.ascii	"cfg_write_bytes32\000"
 1570      77726974 
 1570      655F6279 
 1570      74657333 
 1570      3200
 1571              	.LASF43:
 1572 0155 63796669 		.ascii	"cyfitter_cfg\000"
 1572      74746572 
ARM GAS  C:\Users\Arturo\AppData\Local\Temp\cceUXB2G.s 			page 37


 1572      5F636667 
 1572      00
 1573              	.LASF28:
 1574 0162 61646472 		.ascii	"addr_table\000"
 1574      5F746162 
 1574      6C6500
 1575              	.LASF14:
 1576 016d 75696E74 		.ascii	"uint16\000"
 1576      313600
 1577              	.LASF29:
 1578 0174 64617461 		.ascii	"data_table\000"
 1578      5F746162 
 1578      6C6500
 1579              	.LASF15:
 1580 017f 75696E74 		.ascii	"uint32\000"
 1580      333200
 1581              	.LASF0:
 1582 0186 756E7369 		.ascii	"unsigned int\000"
 1582      676E6564 
 1582      20696E74 
 1582      00
 1583              	.LASF36:
 1584 0193 61646472 		.ascii	"address\000"
 1584      65737300 
 1585              	.LASF9:
 1586 019b 6C6F6E67 		.ascii	"long long unsigned int\000"
 1586      206C6F6E 
 1586      6720756E 
 1586      7369676E 
 1586      65642069 
 1587              	.LASF38:
 1588 01b2 6366675F 		.ascii	"cfg_memset_t\000"
 1588      6D656D73 
 1588      65745F74 
 1588      00
 1589              	.LASF30:
 1590 01bf 62617365 		.ascii	"baseAddr\000"
 1590      41646472 
 1590      00
 1591              	.LASF10:
 1592 01c8 73697A65 		.ascii	"sizetype\000"
 1592      74797065 
 1592      00
 1593              	.LASF6:
 1594 01d1 73686F72 		.ascii	"short unsigned int\000"
 1594      7420756E 
 1594      7369676E 
 1594      65642069 
 1594      6E7400
 1595              	.LASF1:
 1596 01e4 6C6F6E67 		.ascii	"long long int\000"
 1596      206C6F6E 
 1596      6720696E 
 1596      7400
 1597              	.LASF11:
 1598 01f2 63686172 		.ascii	"char\000"
 1598      00
ARM GAS  C:\Users\Arturo\AppData\Local\Temp\cceUXB2G.s 			page 38


 1599              	.LASF22:
 1600 01f7 63795F63 		.ascii	"cy_cfg_addrvalue_t\000"
 1600      66675F61 
 1600      64647276 
 1600      616C7565 
 1600      5F7400
 1601              	.LASF20:
 1602 020a 6F666673 		.ascii	"offset\000"
 1602      657400
 1603              	.LASF5:
 1604 0211 73686F72 		.ascii	"short int\000"
 1604      7420696E 
 1604      7400
 1605              	.LASF7:
 1606 021b 6C6F6E67 		.ascii	"long int\000"
 1606      20696E74 
 1606      00
 1607              	.LASF2:
 1608 0224 6C6F6E67 		.ascii	"long double\000"
 1608      20646F75 
 1608      626C6500 
 1609              	.LASF42:
 1610 0230 433A5C55 		.ascii	"C:\\Users\\Arturo\\Documents\\MSC\\Subjects\\MDiscr"
 1610      73657273 
 1610      5C417274 
 1610      75726F5C 
 1610      446F6375 
 1611 025d 65746173 		.ascii	"etas\\Test\\Liquid Crystal Display.cydsn\000"
 1611      5C546573 
 1611      745C4C69 
 1611      71756964 
 1611      20437279 
 1612              	.LASF3:
 1613 0284 7369676E 		.ascii	"signed char\000"
 1613      65642063 
 1613      68617200 
 1614              	.LASF41:
 1615 0290 47656E65 		.ascii	"Generated_Source\\PSoC4\\cyfitter_cfg.c\000"
 1615      72617465 
 1615      645F536F 
 1615      75726365 
 1615      5C50536F 
 1616              	.LASF26:
 1617 02b6 4359434F 		.ascii	"CYCONFIGCPYCODE\000"
 1617      4E464947 
 1617      43505943 
 1617      4F444500 
 1618              	.LASF24:
 1619 02c6 4359434F 		.ascii	"CYCONFIGCPY\000"
 1619      4E464947 
 1619      43505900 
 1620              		.ident	"GCC: (GNU Tools for ARM Embedded Processors) 5.4.1 20160609 (release) [ARM/embedded-5-bran
