ARM GAS  C:\Users\Arturo\AppData\Local\Temp\cccIaP96.s 			page 1


   1              		.syntax unified
   2              		.cpu cortex-m0
   3              		.fpu softvfp
   4              		.eabi_attribute 20, 1
   5              		.eabi_attribute 21, 1
   6              		.eabi_attribute 23, 3
   7              		.eabi_attribute 24, 1
   8              		.eabi_attribute 25, 1
   9              		.eabi_attribute 26, 1
  10              		.eabi_attribute 30, 6
  11              		.eabi_attribute 34, 0
  12              		.eabi_attribute 18, 4
  13              		.thumb
  14              		.syntax unified
  15              		.file	"cyfitter_cfg.c"
  16              		.text
  17              	.Ltext0:
  18              		.cfi_sections	.debug_frame
  19              		.section	.text.CYMEMZERO,"ax",%progbits
  20              		.align	2
  21              		.code	16
  22              		.thumb_func
  23              		.type	CYMEMZERO, %function
  24              	CYMEMZERO:
  25              	.LFB0:
  26              		.file 1 "Generated_Source\\PSoC4\\cyfitter_cfg.c"
   1:Generated_Source\PSoC4/cyfitter_cfg.c **** 
   2:Generated_Source\PSoC4/cyfitter_cfg.c **** /*******************************************************************************
   3:Generated_Source\PSoC4/cyfitter_cfg.c **** * File Name: cyfitter_cfg.c
   4:Generated_Source\PSoC4/cyfitter_cfg.c **** * 
   5:Generated_Source\PSoC4/cyfitter_cfg.c **** * PSoC Creator  4.2
   6:Generated_Source\PSoC4/cyfitter_cfg.c **** *
   7:Generated_Source\PSoC4/cyfitter_cfg.c **** * Description:
   8:Generated_Source\PSoC4/cyfitter_cfg.c **** * This file contains device initialization code.
   9:Generated_Source\PSoC4/cyfitter_cfg.c **** * Except for the user defined sections in CyClockStartupError(), this file should not be modified.
  10:Generated_Source\PSoC4/cyfitter_cfg.c **** * This file is automatically generated by PSoC Creator.
  11:Generated_Source\PSoC4/cyfitter_cfg.c **** *
  12:Generated_Source\PSoC4/cyfitter_cfg.c **** ********************************************************************************
  13:Generated_Source\PSoC4/cyfitter_cfg.c **** * Copyright (c) 2007-2018 Cypress Semiconductor.  All rights reserved.
  14:Generated_Source\PSoC4/cyfitter_cfg.c **** * You may use this file only in accordance with the license, terms, conditions, 
  15:Generated_Source\PSoC4/cyfitter_cfg.c **** * disclaimers, and limitations in the end user license agreement accompanying 
  16:Generated_Source\PSoC4/cyfitter_cfg.c **** * the software package with which this file was provided.
  17:Generated_Source\PSoC4/cyfitter_cfg.c **** ********************************************************************************/
  18:Generated_Source\PSoC4/cyfitter_cfg.c **** 
  19:Generated_Source\PSoC4/cyfitter_cfg.c **** #include <string.h>
  20:Generated_Source\PSoC4/cyfitter_cfg.c **** #include "cytypes.h"
  21:Generated_Source\PSoC4/cyfitter_cfg.c **** #include "cydevice_trm.h"
  22:Generated_Source\PSoC4/cyfitter_cfg.c **** #include "cyfitter.h"
  23:Generated_Source\PSoC4/cyfitter_cfg.c **** #include "CyLib.h"
  24:Generated_Source\PSoC4/cyfitter_cfg.c **** #include "cyfitter_cfg.h"
  25:Generated_Source\PSoC4/cyfitter_cfg.c **** 
  26:Generated_Source\PSoC4/cyfitter_cfg.c **** 
  27:Generated_Source\PSoC4/cyfitter_cfg.c **** #if defined(__GNUC__) || defined(__ARMCC_VERSION)
  28:Generated_Source\PSoC4/cyfitter_cfg.c ****     #define CYPACKED 
  29:Generated_Source\PSoC4/cyfitter_cfg.c ****     #define CYPACKED_ATTR __attribute__ ((packed))
  30:Generated_Source\PSoC4/cyfitter_cfg.c ****     #define CYALIGNED __attribute__ ((aligned))
  31:Generated_Source\PSoC4/cyfitter_cfg.c ****     #define CY_CFG_UNUSED __attribute__ ((unused))
ARM GAS  C:\Users\Arturo\AppData\Local\Temp\cccIaP96.s 			page 2


  32:Generated_Source\PSoC4/cyfitter_cfg.c ****     #ifndef CY_CFG_SECTION
  33:Generated_Source\PSoC4/cyfitter_cfg.c ****         #define CY_CFG_SECTION __attribute__ ((section(".psocinit")))
  34:Generated_Source\PSoC4/cyfitter_cfg.c ****     #endif
  35:Generated_Source\PSoC4/cyfitter_cfg.c ****     
  36:Generated_Source\PSoC4/cyfitter_cfg.c ****     #if defined(__ARMCC_VERSION)
  37:Generated_Source\PSoC4/cyfitter_cfg.c ****         #define CY_CFG_MEMORY_BARRIER() __memory_changed()
  38:Generated_Source\PSoC4/cyfitter_cfg.c ****     #else
  39:Generated_Source\PSoC4/cyfitter_cfg.c ****         #define CY_CFG_MEMORY_BARRIER() __sync_synchronize()
  40:Generated_Source\PSoC4/cyfitter_cfg.c ****     #endif
  41:Generated_Source\PSoC4/cyfitter_cfg.c ****     
  42:Generated_Source\PSoC4/cyfitter_cfg.c **** #elif defined(__ICCARM__)
  43:Generated_Source\PSoC4/cyfitter_cfg.c ****     #include <intrinsics.h>
  44:Generated_Source\PSoC4/cyfitter_cfg.c **** 
  45:Generated_Source\PSoC4/cyfitter_cfg.c ****     #define CYPACKED __packed
  46:Generated_Source\PSoC4/cyfitter_cfg.c ****     #define CYPACKED_ATTR 
  47:Generated_Source\PSoC4/cyfitter_cfg.c ****     #define CYALIGNED _Pragma("data_alignment=4")
  48:Generated_Source\PSoC4/cyfitter_cfg.c ****     #define CY_CFG_UNUSED _Pragma("diag_suppress=Pe177")
  49:Generated_Source\PSoC4/cyfitter_cfg.c ****     #define CY_CFG_SECTION _Pragma("location=\".psocinit\"")
  50:Generated_Source\PSoC4/cyfitter_cfg.c ****     
  51:Generated_Source\PSoC4/cyfitter_cfg.c ****     #define CY_CFG_MEMORY_BARRIER() __DMB()
  52:Generated_Source\PSoC4/cyfitter_cfg.c ****     
  53:Generated_Source\PSoC4/cyfitter_cfg.c **** #else
  54:Generated_Source\PSoC4/cyfitter_cfg.c ****     #error Unsupported toolchain
  55:Generated_Source\PSoC4/cyfitter_cfg.c **** #endif
  56:Generated_Source\PSoC4/cyfitter_cfg.c **** 
  57:Generated_Source\PSoC4/cyfitter_cfg.c **** #ifndef CYCODE
  58:Generated_Source\PSoC4/cyfitter_cfg.c ****     #define CYCODE
  59:Generated_Source\PSoC4/cyfitter_cfg.c **** #endif
  60:Generated_Source\PSoC4/cyfitter_cfg.c **** #ifndef CYDATA
  61:Generated_Source\PSoC4/cyfitter_cfg.c ****     #define CYDATA
  62:Generated_Source\PSoC4/cyfitter_cfg.c **** #endif
  63:Generated_Source\PSoC4/cyfitter_cfg.c **** #ifndef CYFAR
  64:Generated_Source\PSoC4/cyfitter_cfg.c ****     #define CYFAR
  65:Generated_Source\PSoC4/cyfitter_cfg.c **** #endif
  66:Generated_Source\PSoC4/cyfitter_cfg.c **** #ifndef CYXDATA
  67:Generated_Source\PSoC4/cyfitter_cfg.c ****     #define CYXDATA
  68:Generated_Source\PSoC4/cyfitter_cfg.c **** #endif
  69:Generated_Source\PSoC4/cyfitter_cfg.c **** 
  70:Generated_Source\PSoC4/cyfitter_cfg.c **** 
  71:Generated_Source\PSoC4/cyfitter_cfg.c **** CY_CFG_UNUSED
  72:Generated_Source\PSoC4/cyfitter_cfg.c **** static void CYMEMZERO(void *s, size_t n);
  73:Generated_Source\PSoC4/cyfitter_cfg.c **** CY_CFG_UNUSED
  74:Generated_Source\PSoC4/cyfitter_cfg.c **** static void CYMEMZERO(void *s, size_t n)
  75:Generated_Source\PSoC4/cyfitter_cfg.c **** {
  27              		.loc 1 75 0
  28              		.cfi_startproc
  29              		@ args = 0, pretend = 0, frame = 8
  30              		@ frame_needed = 1, uses_anonymous_args = 0
  31 0000 80B5     		push	{r7, lr}
  32              		.cfi_def_cfa_offset 8
  33              		.cfi_offset 7, -8
  34              		.cfi_offset 14, -4
  35 0002 82B0     		sub	sp, sp, #8
  36              		.cfi_def_cfa_offset 16
  37 0004 00AF     		add	r7, sp, #0
  38              		.cfi_def_cfa_register 7
  39 0006 7860     		str	r0, [r7, #4]
ARM GAS  C:\Users\Arturo\AppData\Local\Temp\cccIaP96.s 			page 3


  40 0008 3960     		str	r1, [r7]
  76:Generated_Source\PSoC4/cyfitter_cfg.c **** 	(void)memset(s, 0, n);
  41              		.loc 1 76 0
  42 000a 3A68     		ldr	r2, [r7]
  43 000c 7B68     		ldr	r3, [r7, #4]
  44 000e 0021     		movs	r1, #0
  45 0010 1800     		movs	r0, r3
  46 0012 FFF7FEFF 		bl	memset
  77:Generated_Source\PSoC4/cyfitter_cfg.c **** }
  47              		.loc 1 77 0
  48 0016 C046     		nop
  49 0018 BD46     		mov	sp, r7
  50 001a 02B0     		add	sp, sp, #8
  51              		@ sp needed
  52 001c 80BD     		pop	{r7, pc}
  53              		.cfi_endproc
  54              	.LFE0:
  55              		.size	CYMEMZERO, .-CYMEMZERO
  56 001e C046     		.section	.text.CYCONFIGCPY,"ax",%progbits
  57              		.align	2
  58              		.code	16
  59              		.thumb_func
  60              		.type	CYCONFIGCPY, %function
  61              	CYCONFIGCPY:
  62              	.LFB1:
  78:Generated_Source\PSoC4/cyfitter_cfg.c **** CY_CFG_UNUSED
  79:Generated_Source\PSoC4/cyfitter_cfg.c **** static void CYCONFIGCPY(void *dest, const void *src, size_t n);
  80:Generated_Source\PSoC4/cyfitter_cfg.c **** CY_CFG_UNUSED
  81:Generated_Source\PSoC4/cyfitter_cfg.c **** static void CYCONFIGCPY(void *dest, const void *src, size_t n)
  82:Generated_Source\PSoC4/cyfitter_cfg.c **** {
  63              		.loc 1 82 0
  64              		.cfi_startproc
  65              		@ args = 0, pretend = 0, frame = 16
  66              		@ frame_needed = 1, uses_anonymous_args = 0
  67 0000 80B5     		push	{r7, lr}
  68              		.cfi_def_cfa_offset 8
  69              		.cfi_offset 7, -8
  70              		.cfi_offset 14, -4
  71 0002 84B0     		sub	sp, sp, #16
  72              		.cfi_def_cfa_offset 24
  73 0004 00AF     		add	r7, sp, #0
  74              		.cfi_def_cfa_register 7
  75 0006 F860     		str	r0, [r7, #12]
  76 0008 B960     		str	r1, [r7, #8]
  77 000a 7A60     		str	r2, [r7, #4]
  83:Generated_Source\PSoC4/cyfitter_cfg.c **** 	(void)memcpy(dest, src, n);
  78              		.loc 1 83 0
  79 000c 7A68     		ldr	r2, [r7, #4]
  80 000e B968     		ldr	r1, [r7, #8]
  81 0010 FB68     		ldr	r3, [r7, #12]
  82 0012 1800     		movs	r0, r3
  83 0014 FFF7FEFF 		bl	memcpy
  84:Generated_Source\PSoC4/cyfitter_cfg.c **** }
  84              		.loc 1 84 0
  85 0018 C046     		nop
  86 001a BD46     		mov	sp, r7
  87 001c 04B0     		add	sp, sp, #16
ARM GAS  C:\Users\Arturo\AppData\Local\Temp\cccIaP96.s 			page 4


  88              		@ sp needed
  89 001e 80BD     		pop	{r7, pc}
  90              		.cfi_endproc
  91              	.LFE1:
  92              		.size	CYCONFIGCPY, .-CYCONFIGCPY
  93              		.section	.text.CYCONFIGCPYCODE,"ax",%progbits
  94              		.align	2
  95              		.code	16
  96              		.thumb_func
  97              		.type	CYCONFIGCPYCODE, %function
  98              	CYCONFIGCPYCODE:
  99              	.LFB2:
  85:Generated_Source\PSoC4/cyfitter_cfg.c **** CY_CFG_UNUSED
  86:Generated_Source\PSoC4/cyfitter_cfg.c **** static void CYCONFIGCPYCODE(void *dest, const void *src, size_t n);
  87:Generated_Source\PSoC4/cyfitter_cfg.c **** CY_CFG_UNUSED
  88:Generated_Source\PSoC4/cyfitter_cfg.c **** static void CYCONFIGCPYCODE(void *dest, const void *src, size_t n)
  89:Generated_Source\PSoC4/cyfitter_cfg.c **** {
 100              		.loc 1 89 0
 101              		.cfi_startproc
 102              		@ args = 0, pretend = 0, frame = 16
 103              		@ frame_needed = 1, uses_anonymous_args = 0
 104 0000 80B5     		push	{r7, lr}
 105              		.cfi_def_cfa_offset 8
 106              		.cfi_offset 7, -8
 107              		.cfi_offset 14, -4
 108 0002 84B0     		sub	sp, sp, #16
 109              		.cfi_def_cfa_offset 24
 110 0004 00AF     		add	r7, sp, #0
 111              		.cfi_def_cfa_register 7
 112 0006 F860     		str	r0, [r7, #12]
 113 0008 B960     		str	r1, [r7, #8]
 114 000a 7A60     		str	r2, [r7, #4]
  90:Generated_Source\PSoC4/cyfitter_cfg.c **** 	(void)memcpy(dest, src, n);
 115              		.loc 1 90 0
 116 000c 7A68     		ldr	r2, [r7, #4]
 117 000e B968     		ldr	r1, [r7, #8]
 118 0010 FB68     		ldr	r3, [r7, #12]
 119 0012 1800     		movs	r0, r3
 120 0014 FFF7FEFF 		bl	memcpy
  91:Generated_Source\PSoC4/cyfitter_cfg.c **** }
 121              		.loc 1 91 0
 122 0018 C046     		nop
 123 001a BD46     		mov	sp, r7
 124 001c 04B0     		add	sp, sp, #16
 125              		@ sp needed
 126 001e 80BD     		pop	{r7, pc}
 127              		.cfi_endproc
 128              	.LFE2:
 129              		.size	CYCONFIGCPYCODE, .-CYCONFIGCPYCODE
 130              		.section	.text.cfg_write_bytes32,"ax",%progbits
 131              		.align	2
 132              		.code	16
 133              		.thumb_func
 134              		.type	cfg_write_bytes32, %function
 135              	cfg_write_bytes32:
 136              	.LFB3:
  92:Generated_Source\PSoC4/cyfitter_cfg.c **** 
ARM GAS  C:\Users\Arturo\AppData\Local\Temp\cccIaP96.s 			page 5


  93:Generated_Source\PSoC4/cyfitter_cfg.c **** 
  94:Generated_Source\PSoC4/cyfitter_cfg.c **** 
  95:Generated_Source\PSoC4/cyfitter_cfg.c **** 
  96:Generated_Source\PSoC4/cyfitter_cfg.c **** /* Clock startup error codes                                                   */
  97:Generated_Source\PSoC4/cyfitter_cfg.c **** #define CYCLOCKSTART_NO_ERROR    0u
  98:Generated_Source\PSoC4/cyfitter_cfg.c **** #define CYCLOCKSTART_XTAL_ERROR  1u
  99:Generated_Source\PSoC4/cyfitter_cfg.c **** #define CYCLOCKSTART_32KHZ_ERROR 2u
 100:Generated_Source\PSoC4/cyfitter_cfg.c **** #define CYCLOCKSTART_PLL_ERROR   3u
 101:Generated_Source\PSoC4/cyfitter_cfg.c **** #define CYCLOCKSTART_FLL_ERROR   4u
 102:Generated_Source\PSoC4/cyfitter_cfg.c **** #define CYCLOCKSTART_WCO_ERROR   5u
 103:Generated_Source\PSoC4/cyfitter_cfg.c **** 
 104:Generated_Source\PSoC4/cyfitter_cfg.c **** 
 105:Generated_Source\PSoC4/cyfitter_cfg.c **** #ifdef CY_NEED_CYCLOCKSTARTUPERROR
 106:Generated_Source\PSoC4/cyfitter_cfg.c **** /*******************************************************************************
 107:Generated_Source\PSoC4/cyfitter_cfg.c **** * Function Name: CyClockStartupError
 108:Generated_Source\PSoC4/cyfitter_cfg.c **** ********************************************************************************
 109:Generated_Source\PSoC4/cyfitter_cfg.c **** * Summary:
 110:Generated_Source\PSoC4/cyfitter_cfg.c **** *  If an error is encountered during clock configuration (crystal startup error,
 111:Generated_Source\PSoC4/cyfitter_cfg.c **** *  PLL lock error, etc.), the system will end up here.  Unless reimplemented by
 112:Generated_Source\PSoC4/cyfitter_cfg.c **** *  the customer, this function will stop in an infinite loop.
 113:Generated_Source\PSoC4/cyfitter_cfg.c **** *
 114:Generated_Source\PSoC4/cyfitter_cfg.c **** * Parameters:
 115:Generated_Source\PSoC4/cyfitter_cfg.c **** *   void
 116:Generated_Source\PSoC4/cyfitter_cfg.c **** *
 117:Generated_Source\PSoC4/cyfitter_cfg.c **** * Return:
 118:Generated_Source\PSoC4/cyfitter_cfg.c **** *   void
 119:Generated_Source\PSoC4/cyfitter_cfg.c **** *
 120:Generated_Source\PSoC4/cyfitter_cfg.c **** *******************************************************************************/
 121:Generated_Source\PSoC4/cyfitter_cfg.c **** CY_CFG_UNUSED
 122:Generated_Source\PSoC4/cyfitter_cfg.c **** static void CyClockStartupError(uint8 errorCode);
 123:Generated_Source\PSoC4/cyfitter_cfg.c **** CY_CFG_UNUSED
 124:Generated_Source\PSoC4/cyfitter_cfg.c **** static void CyClockStartupError(uint8 errorCode)
 125:Generated_Source\PSoC4/cyfitter_cfg.c **** {
 126:Generated_Source\PSoC4/cyfitter_cfg.c ****     /* To remove the compiler warning if errorCode not used.                */
 127:Generated_Source\PSoC4/cyfitter_cfg.c ****     errorCode = errorCode;
 128:Generated_Source\PSoC4/cyfitter_cfg.c **** 
 129:Generated_Source\PSoC4/cyfitter_cfg.c ****     /* If we have a clock startup error (bad MHz crystal, PLL lock, etc.),  */
 130:Generated_Source\PSoC4/cyfitter_cfg.c ****     /* we will end up here to allow the customer to implement something to  */
 131:Generated_Source\PSoC4/cyfitter_cfg.c ****     /* deal with the clock condition.                                       */
 132:Generated_Source\PSoC4/cyfitter_cfg.c **** 
 133:Generated_Source\PSoC4/cyfitter_cfg.c **** #ifdef CY_CFG_CLOCK_STARTUP_ERROR_CALLBACK
 134:Generated_Source\PSoC4/cyfitter_cfg.c ****     CY_CFG_Clock_Startup_ErrorCallback();
 135:Generated_Source\PSoC4/cyfitter_cfg.c **** #else
 136:Generated_Source\PSoC4/cyfitter_cfg.c ****     /*  If not using CY_CFG_CLOCK_STARTUP_ERROR_CALLBACK, place your clock startup code here. */
 137:Generated_Source\PSoC4/cyfitter_cfg.c ****     /* `#START CyClockStartupError` */
 138:Generated_Source\PSoC4/cyfitter_cfg.c **** 
 139:Generated_Source\PSoC4/cyfitter_cfg.c ****     /* If we have a clock startup error (bad MHz crystal, PLL lock, etc.),  */
 140:Generated_Source\PSoC4/cyfitter_cfg.c ****     /* we will end up here to allow the customer to implement something to  */
 141:Generated_Source\PSoC4/cyfitter_cfg.c ****     /* deal with the clock condition.                                       */
 142:Generated_Source\PSoC4/cyfitter_cfg.c **** 
 143:Generated_Source\PSoC4/cyfitter_cfg.c ****     /* `#END` */
 144:Generated_Source\PSoC4/cyfitter_cfg.c **** 
 145:Generated_Source\PSoC4/cyfitter_cfg.c ****     while(1) {}
 146:Generated_Source\PSoC4/cyfitter_cfg.c **** #endif /* CY_CFG_CLOCK_STARTUP_ERROR_CALLBACK */
 147:Generated_Source\PSoC4/cyfitter_cfg.c **** }
 148:Generated_Source\PSoC4/cyfitter_cfg.c **** #endif
 149:Generated_Source\PSoC4/cyfitter_cfg.c **** 
ARM GAS  C:\Users\Arturo\AppData\Local\Temp\cccIaP96.s 			page 6


 150:Generated_Source\PSoC4/cyfitter_cfg.c **** #define CY_CFG_BASE_ADDR_COUNT 7u
 151:Generated_Source\PSoC4/cyfitter_cfg.c **** CYPACKED typedef struct
 152:Generated_Source\PSoC4/cyfitter_cfg.c **** {
 153:Generated_Source\PSoC4/cyfitter_cfg.c **** 	uint8 offset;
 154:Generated_Source\PSoC4/cyfitter_cfg.c **** 	uint8 value;
 155:Generated_Source\PSoC4/cyfitter_cfg.c **** } CYPACKED_ATTR cy_cfg_addrvalue_t;
 156:Generated_Source\PSoC4/cyfitter_cfg.c **** 
 157:Generated_Source\PSoC4/cyfitter_cfg.c **** 
 158:Generated_Source\PSoC4/cyfitter_cfg.c **** 
 159:Generated_Source\PSoC4/cyfitter_cfg.c **** /*******************************************************************************
 160:Generated_Source\PSoC4/cyfitter_cfg.c **** * Function Name: cfg_write_bytes32
 161:Generated_Source\PSoC4/cyfitter_cfg.c **** ********************************************************************************
 162:Generated_Source\PSoC4/cyfitter_cfg.c **** * Summary:
 163:Generated_Source\PSoC4/cyfitter_cfg.c **** *  This function is used for setting up the chip configuration areas that
 164:Generated_Source\PSoC4/cyfitter_cfg.c **** *  contain relatively sparse data.
 165:Generated_Source\PSoC4/cyfitter_cfg.c **** *
 166:Generated_Source\PSoC4/cyfitter_cfg.c **** * Parameters:
 167:Generated_Source\PSoC4/cyfitter_cfg.c **** *   void
 168:Generated_Source\PSoC4/cyfitter_cfg.c **** *
 169:Generated_Source\PSoC4/cyfitter_cfg.c **** * Return:
 170:Generated_Source\PSoC4/cyfitter_cfg.c **** *   void
 171:Generated_Source\PSoC4/cyfitter_cfg.c **** *
 172:Generated_Source\PSoC4/cyfitter_cfg.c **** *******************************************************************************/
 173:Generated_Source\PSoC4/cyfitter_cfg.c **** static void cfg_write_bytes32(const uint32 addr_table[], const cy_cfg_addrvalue_t data_table[]);
 174:Generated_Source\PSoC4/cyfitter_cfg.c **** static void cfg_write_bytes32(const uint32 addr_table[], const cy_cfg_addrvalue_t data_table[])
 175:Generated_Source\PSoC4/cyfitter_cfg.c **** {
 137              		.loc 1 175 0
 138              		.cfi_startproc
 139              		@ args = 0, pretend = 0, frame = 24
 140              		@ frame_needed = 1, uses_anonymous_args = 0
 141 0000 80B5     		push	{r7, lr}
 142              		.cfi_def_cfa_offset 8
 143              		.cfi_offset 7, -8
 144              		.cfi_offset 14, -4
 145 0002 86B0     		sub	sp, sp, #24
 146              		.cfi_def_cfa_offset 32
 147 0004 00AF     		add	r7, sp, #0
 148              		.cfi_def_cfa_register 7
 149 0006 7860     		str	r0, [r7, #4]
 150 0008 3960     		str	r1, [r7]
 176:Generated_Source\PSoC4/cyfitter_cfg.c **** 	/* For 32-bit little-endian architectures */
 177:Generated_Source\PSoC4/cyfitter_cfg.c **** 	uint32 i, j = 0u;
 151              		.loc 1 177 0
 152 000a 0023     		movs	r3, #0
 153 000c 3B61     		str	r3, [r7, #16]
 178:Generated_Source\PSoC4/cyfitter_cfg.c **** 	for (i = 0u; i < CY_CFG_BASE_ADDR_COUNT; i++)
 154              		.loc 1 178 0
 155 000e 0023     		movs	r3, #0
 156 0010 7B61     		str	r3, [r7, #20]
 157 0012 2FE0     		b	.L5
 158              	.L8:
 159              	.LBB2:
 179:Generated_Source\PSoC4/cyfitter_cfg.c **** 	{
 180:Generated_Source\PSoC4/cyfitter_cfg.c **** 		uint32 baseAddr = addr_table[i];
 160              		.loc 1 180 0
 161 0014 7B69     		ldr	r3, [r7, #20]
 162 0016 9B00     		lsls	r3, r3, #2
ARM GAS  C:\Users\Arturo\AppData\Local\Temp\cccIaP96.s 			page 7


 163 0018 7A68     		ldr	r2, [r7, #4]
 164 001a D318     		adds	r3, r2, r3
 165 001c 1B68     		ldr	r3, [r3]
 166 001e BB60     		str	r3, [r7, #8]
 181:Generated_Source\PSoC4/cyfitter_cfg.c **** 		uint8 count = (uint8)baseAddr;
 167              		.loc 1 181 0
 168 0020 0F23     		movs	r3, #15
 169 0022 FB18     		adds	r3, r7, r3
 170 0024 BA68     		ldr	r2, [r7, #8]
 171 0026 1A70     		strb	r2, [r3]
 182:Generated_Source\PSoC4/cyfitter_cfg.c **** 		baseAddr &= 0xFFFFFF00u;
 172              		.loc 1 182 0
 173 0028 BB68     		ldr	r3, [r7, #8]
 174 002a FF22     		movs	r2, #255
 175 002c 9343     		bics	r3, r2
 176 002e BB60     		str	r3, [r7, #8]
 183:Generated_Source\PSoC4/cyfitter_cfg.c **** 		while (count != 0u)
 177              		.loc 1 183 0
 178 0030 18E0     		b	.L6
 179              	.L7:
 184:Generated_Source\PSoC4/cyfitter_cfg.c **** 		{
 185:Generated_Source\PSoC4/cyfitter_cfg.c **** 			CY_SET_REG8((void *)(baseAddr + data_table[j].offset), data_table[j].value);
 180              		.loc 1 185 0
 181 0032 3B69     		ldr	r3, [r7, #16]
 182 0034 5B00     		lsls	r3, r3, #1
 183 0036 3A68     		ldr	r2, [r7]
 184 0038 D318     		adds	r3, r2, r3
 185 003a 1B78     		ldrb	r3, [r3]
 186 003c 1A00     		movs	r2, r3
 187 003e BB68     		ldr	r3, [r7, #8]
 188 0040 D318     		adds	r3, r2, r3
 189 0042 1900     		movs	r1, r3
 190 0044 3B69     		ldr	r3, [r7, #16]
 191 0046 5B00     		lsls	r3, r3, #1
 192 0048 3A68     		ldr	r2, [r7]
 193 004a D318     		adds	r3, r2, r3
 194 004c 5B78     		ldrb	r3, [r3, #1]
 195 004e 0B70     		strb	r3, [r1]
 186:Generated_Source\PSoC4/cyfitter_cfg.c **** 			j++;
 196              		.loc 1 186 0
 197 0050 3B69     		ldr	r3, [r7, #16]
 198 0052 0133     		adds	r3, r3, #1
 199 0054 3B61     		str	r3, [r7, #16]
 187:Generated_Source\PSoC4/cyfitter_cfg.c **** 			count--;
 200              		.loc 1 187 0
 201 0056 0F23     		movs	r3, #15
 202 0058 FB18     		adds	r3, r7, r3
 203 005a 1A78     		ldrb	r2, [r3]
 204 005c 0F23     		movs	r3, #15
 205 005e FB18     		adds	r3, r7, r3
 206 0060 013A     		subs	r2, r2, #1
 207 0062 1A70     		strb	r2, [r3]
 208              	.L6:
 183:Generated_Source\PSoC4/cyfitter_cfg.c **** 		{
 209              		.loc 1 183 0
 210 0064 0F23     		movs	r3, #15
 211 0066 FB18     		adds	r3, r7, r3
ARM GAS  C:\Users\Arturo\AppData\Local\Temp\cccIaP96.s 			page 8


 212 0068 1B78     		ldrb	r3, [r3]
 213 006a 002B     		cmp	r3, #0
 214 006c E1D1     		bne	.L7
 215              	.LBE2:
 178:Generated_Source\PSoC4/cyfitter_cfg.c **** 	{
 216              		.loc 1 178 0 discriminator 2
 217 006e 7B69     		ldr	r3, [r7, #20]
 218 0070 0133     		adds	r3, r3, #1
 219 0072 7B61     		str	r3, [r7, #20]
 220              	.L5:
 178:Generated_Source\PSoC4/cyfitter_cfg.c **** 	{
 221              		.loc 1 178 0 is_stmt 0 discriminator 1
 222 0074 7B69     		ldr	r3, [r7, #20]
 223 0076 062B     		cmp	r3, #6
 224 0078 CCD9     		bls	.L8
 188:Generated_Source\PSoC4/cyfitter_cfg.c **** 		}
 189:Generated_Source\PSoC4/cyfitter_cfg.c **** 	}
 190:Generated_Source\PSoC4/cyfitter_cfg.c **** }
 225              		.loc 1 190 0 is_stmt 1
 226 007a C046     		nop
 227 007c BD46     		mov	sp, r7
 228 007e 06B0     		add	sp, sp, #24
 229              		@ sp needed
 230 0080 80BD     		pop	{r7, pc}
 231              		.cfi_endproc
 232              	.LFE3:
 233              		.size	cfg_write_bytes32, .-cfg_write_bytes32
 234 0082 C046     		.section	.psocinit,"ax",%progbits
 235              		.align	2
 236              		.code	16
 237              		.thumb_func
 238              		.type	ClockSetup, %function
 239              	ClockSetup:
 240              	.LFB4:
 191:Generated_Source\PSoC4/cyfitter_cfg.c **** 
 192:Generated_Source\PSoC4/cyfitter_cfg.c **** 
 193:Generated_Source\PSoC4/cyfitter_cfg.c **** /*******************************************************************************
 194:Generated_Source\PSoC4/cyfitter_cfg.c **** * Function Name: ClockSetup
 195:Generated_Source\PSoC4/cyfitter_cfg.c **** ********************************************************************************
 196:Generated_Source\PSoC4/cyfitter_cfg.c **** *
 197:Generated_Source\PSoC4/cyfitter_cfg.c **** * Summary:
 198:Generated_Source\PSoC4/cyfitter_cfg.c **** *   Performs the initialization of all of the clocks in the device based on the
 199:Generated_Source\PSoC4/cyfitter_cfg.c **** *   settings in the Clock tab of the DWR.  This includes enabling the requested
 200:Generated_Source\PSoC4/cyfitter_cfg.c **** *   clocks and setting the necessary dividers to produce the desired frequency. 
 201:Generated_Source\PSoC4/cyfitter_cfg.c **** *
 202:Generated_Source\PSoC4/cyfitter_cfg.c **** * Parameters:
 203:Generated_Source\PSoC4/cyfitter_cfg.c **** *   void
 204:Generated_Source\PSoC4/cyfitter_cfg.c **** *
 205:Generated_Source\PSoC4/cyfitter_cfg.c **** * Return:
 206:Generated_Source\PSoC4/cyfitter_cfg.c **** *   void
 207:Generated_Source\PSoC4/cyfitter_cfg.c **** *
 208:Generated_Source\PSoC4/cyfitter_cfg.c **** *******************************************************************************/
 209:Generated_Source\PSoC4/cyfitter_cfg.c **** static void ClockSetup(void);
 210:Generated_Source\PSoC4/cyfitter_cfg.c **** CY_CFG_SECTION
 211:Generated_Source\PSoC4/cyfitter_cfg.c **** static void ClockSetup(void)
 212:Generated_Source\PSoC4/cyfitter_cfg.c **** {
 241              		.loc 1 212 0
ARM GAS  C:\Users\Arturo\AppData\Local\Temp\cccIaP96.s 			page 9


 242              		.cfi_startproc
 243              		@ args = 0, pretend = 0, frame = 0
 244              		@ frame_needed = 1, uses_anonymous_args = 0
 245 0000 80B5     		push	{r7, lr}
 246              		.cfi_def_cfa_offset 8
 247              		.cfi_offset 7, -8
 248              		.cfi_offset 14, -4
 249 0002 00AF     		add	r7, sp, #0
 250              		.cfi_def_cfa_register 7
 213:Generated_Source\PSoC4/cyfitter_cfg.c **** 	/* Enable HALF_EN before trimming for the flash accelerator. */
 214:Generated_Source\PSoC4/cyfitter_cfg.c **** 	CY_SET_REG32((void CYXDATA *)(CYREG_CLK_SELECT), (CY_GET_REG32((void *)CYREG_CLK_SELECT) | 0x00040
 251              		.loc 1 214 0
 252 0004 144B     		ldr	r3, .L10
 253 0006 144A     		ldr	r2, .L10
 254 0008 1268     		ldr	r2, [r2]
 255 000a 8021     		movs	r1, #128
 256 000c C902     		lsls	r1, r1, #11
 257 000e 0A43     		orrs	r2, r1
 258 0010 1A60     		str	r2, [r3]
 215:Generated_Source\PSoC4/cyfitter_cfg.c **** 
 216:Generated_Source\PSoC4/cyfitter_cfg.c **** 	/* Setup and trim IMO based on desired frequency. */
 217:Generated_Source\PSoC4/cyfitter_cfg.c **** 	CySysClkWriteImoFreq(3u);
 259              		.loc 1 217 0
 260 0012 0320     		movs	r0, #3
 261 0014 FFF7FEFF 		bl	CySysClkWriteImoFreq
 218:Generated_Source\PSoC4/cyfitter_cfg.c **** 
 219:Generated_Source\PSoC4/cyfitter_cfg.c **** 	/* Disable HALF_EN since it is not required at this IMO frequency. */
 220:Generated_Source\PSoC4/cyfitter_cfg.c **** 	CY_SET_REG32((void CYXDATA *)(CYREG_CLK_SELECT), (CY_GET_REG32((void *)CYREG_CLK_SELECT) & 0xFFFBF
 262              		.loc 1 220 0
 263 0018 0F4B     		ldr	r3, .L10
 264 001a 0F4A     		ldr	r2, .L10
 265 001c 1268     		ldr	r2, [r2]
 266 001e 0F49     		ldr	r1, .L10+4
 267 0020 0A40     		ands	r2, r1
 268 0022 1A60     		str	r2, [r3]
 221:Generated_Source\PSoC4/cyfitter_cfg.c **** 	/* CYDEV_CLK_ILO_CONFIG Starting address: CYDEV_CLK_ILO_CONFIG */
 222:Generated_Source\PSoC4/cyfitter_cfg.c **** 	CY_SET_REG32((void *)(CYREG_CLK_ILO_CONFIG), 0x80000006u);
 269              		.loc 1 222 0
 270 0024 0E4B     		ldr	r3, .L10+8
 271 0026 0F4A     		ldr	r2, .L10+12
 272 0028 1A60     		str	r2, [r3]
 223:Generated_Source\PSoC4/cyfitter_cfg.c **** 
 224:Generated_Source\PSoC4/cyfitter_cfg.c **** 
 225:Generated_Source\PSoC4/cyfitter_cfg.c **** 	/* CYDEV_CLK_SELECT00 Starting address: CYDEV_CLK_SELECT00 */
 226:Generated_Source\PSoC4/cyfitter_cfg.c **** 	CY_SET_REG32((void *)(CYREG_CLK_SELECT12), 0x00000020u);
 273              		.loc 1 226 0
 274 002a 0F4B     		ldr	r3, .L10+16
 275 002c 2022     		movs	r2, #32
 276 002e 1A60     		str	r2, [r3]
 227:Generated_Source\PSoC4/cyfitter_cfg.c **** 
 228:Generated_Source\PSoC4/cyfitter_cfg.c **** 	/* CYDEV_CLK_IMO_CONFIG Starting address: CYDEV_CLK_IMO_CONFIG */
 229:Generated_Source\PSoC4/cyfitter_cfg.c **** 	CY_SET_REG32((void *)(CYREG_CLK_IMO_CONFIG), 0x80000000u);
 277              		.loc 1 229 0
 278 0030 0E4B     		ldr	r3, .L10+20
 279 0032 8022     		movs	r2, #128
 280 0034 1206     		lsls	r2, r2, #24
 281 0036 1A60     		str	r2, [r3]
ARM GAS  C:\Users\Arturo\AppData\Local\Temp\cccIaP96.s 			page 10


 230:Generated_Source\PSoC4/cyfitter_cfg.c **** 
 231:Generated_Source\PSoC4/cyfitter_cfg.c **** 	/* CYDEV_CLK_SELECT Starting address: CYDEV_CLK_SELECT */
 232:Generated_Source\PSoC4/cyfitter_cfg.c **** 	CY_SET_REG32((void *)(CYREG_CLK_SELECT), 0x00000000u);
 282              		.loc 1 232 0
 283 0038 074B     		ldr	r3, .L10
 284 003a 0022     		movs	r2, #0
 285 003c 1A60     		str	r2, [r3]
 233:Generated_Source\PSoC4/cyfitter_cfg.c **** 
 234:Generated_Source\PSoC4/cyfitter_cfg.c **** 	/* CYDEV_CLK_DIVIDER_A00 Starting address: CYDEV_CLK_DIVIDER_A00 */
 235:Generated_Source\PSoC4/cyfitter_cfg.c **** 	CY_SET_REG32((void *)(CYREG_CLK_DIVIDER_A00), 0x80000257u);
 286              		.loc 1 235 0
 287 003e 0C4B     		ldr	r3, .L10+24
 288 0040 0C4A     		ldr	r2, .L10+28
 289 0042 1A60     		str	r2, [r3]
 236:Generated_Source\PSoC4/cyfitter_cfg.c **** 
 237:Generated_Source\PSoC4/cyfitter_cfg.c **** 	/* CYDEV_CLK_DIVIDER_B00 Starting address: CYDEV_CLK_DIVIDER_B00 */
 238:Generated_Source\PSoC4/cyfitter_cfg.c **** 	CY_SET_REG32((void *)(CYREG_CLK_DIVIDER_B00), 0xC00001F3u);
 290              		.loc 1 238 0
 291 0044 0C4B     		ldr	r3, .L10+32
 292 0046 0D4A     		ldr	r2, .L10+36
 293 0048 1A60     		str	r2, [r3]
 239:Generated_Source\PSoC4/cyfitter_cfg.c **** 
 240:Generated_Source\PSoC4/cyfitter_cfg.c **** 	CY_SET_REG32((void *)(CYREG_WDT_CONFIG), 0x00000000u);
 294              		.loc 1 240 0
 295 004a 0D4B     		ldr	r3, .L10+40
 296 004c 0022     		movs	r2, #0
 297 004e 1A60     		str	r2, [r3]
 241:Generated_Source\PSoC4/cyfitter_cfg.c **** }
 298              		.loc 1 241 0
 299 0050 C046     		nop
 300 0052 BD46     		mov	sp, r7
 301              		@ sp needed
 302 0054 80BD     		pop	{r7, pc}
 303              	.L11:
 304 0056 C046     		.align	2
 305              	.L10:
 306 0058 00010B40 		.word	1074462976
 307 005c FFFFFBFF 		.word	-262145
 308 0060 04010B40 		.word	1074462980
 309 0064 06000080 		.word	-2147483642
 310 0068 30020240 		.word	1073873456
 311 006c 08010B40 		.word	1074462984
 312 0070 00000240 		.word	1073872896
 313 0074 57020080 		.word	-2147483049
 314 0078 40000240 		.word	1073872960
 315 007c F30100C0 		.word	-1073741325
 316 0080 0C020B40 		.word	1074463244
 317              		.cfi_endproc
 318              	.LFE4:
 319              		.size	ClockSetup, .-ClockSetup
 320              		.section	.text.AnalogSetDefault,"ax",%progbits
 321              		.align	2
 322              		.code	16
 323              		.thumb_func
 324              		.type	AnalogSetDefault, %function
 325              	AnalogSetDefault:
 326              	.LFB5:
ARM GAS  C:\Users\Arturo\AppData\Local\Temp\cccIaP96.s 			page 11


 242:Generated_Source\PSoC4/cyfitter_cfg.c **** 
 243:Generated_Source\PSoC4/cyfitter_cfg.c **** 
 244:Generated_Source\PSoC4/cyfitter_cfg.c **** /* Analog API Functions */
 245:Generated_Source\PSoC4/cyfitter_cfg.c **** 
 246:Generated_Source\PSoC4/cyfitter_cfg.c **** 
 247:Generated_Source\PSoC4/cyfitter_cfg.c **** /*******************************************************************************
 248:Generated_Source\PSoC4/cyfitter_cfg.c **** * Function Name: AnalogSetDefault
 249:Generated_Source\PSoC4/cyfitter_cfg.c **** ********************************************************************************
 250:Generated_Source\PSoC4/cyfitter_cfg.c **** *
 251:Generated_Source\PSoC4/cyfitter_cfg.c **** * Summary:
 252:Generated_Source\PSoC4/cyfitter_cfg.c **** *  Sets up the analog portions of the chip to default values based on chip
 253:Generated_Source\PSoC4/cyfitter_cfg.c **** *  configuration options from the project.
 254:Generated_Source\PSoC4/cyfitter_cfg.c **** *
 255:Generated_Source\PSoC4/cyfitter_cfg.c **** * Parameters:
 256:Generated_Source\PSoC4/cyfitter_cfg.c **** *  void
 257:Generated_Source\PSoC4/cyfitter_cfg.c **** *
 258:Generated_Source\PSoC4/cyfitter_cfg.c **** * Return:
 259:Generated_Source\PSoC4/cyfitter_cfg.c **** *  void
 260:Generated_Source\PSoC4/cyfitter_cfg.c **** *
 261:Generated_Source\PSoC4/cyfitter_cfg.c **** *******************************************************************************/
 262:Generated_Source\PSoC4/cyfitter_cfg.c **** static void AnalogSetDefault(void);
 263:Generated_Source\PSoC4/cyfitter_cfg.c **** static void AnalogSetDefault(void)
 264:Generated_Source\PSoC4/cyfitter_cfg.c **** {
 327              		.loc 1 264 0
 328              		.cfi_startproc
 329              		@ args = 0, pretend = 0, frame = 0
 330              		@ frame_needed = 1, uses_anonymous_args = 0
 331 0000 80B5     		push	{r7, lr}
 332              		.cfi_def_cfa_offset 8
 333              		.cfi_offset 7, -8
 334              		.cfi_offset 14, -4
 335 0002 00AF     		add	r7, sp, #0
 336              		.cfi_def_cfa_register 7
 265:Generated_Source\PSoC4/cyfitter_cfg.c **** }
 337              		.loc 1 265 0
 338 0004 C046     		nop
 339 0006 BD46     		mov	sp, r7
 340              		@ sp needed
 341 0008 80BD     		pop	{r7, pc}
 342              		.cfi_endproc
 343              	.LFE5:
 344              		.size	AnalogSetDefault, .-AnalogSetDefault
 345 000a C046     		.section	.psocinit
 346              		.align	2
 347              		.global	cyfitter_cfg
 348              		.code	16
 349              		.thumb_func
 350              		.type	cyfitter_cfg, %function
 351              	cyfitter_cfg:
 352              	.LFB6:
 266:Generated_Source\PSoC4/cyfitter_cfg.c **** 
 267:Generated_Source\PSoC4/cyfitter_cfg.c **** 
 268:Generated_Source\PSoC4/cyfitter_cfg.c **** 
 269:Generated_Source\PSoC4/cyfitter_cfg.c **** 
 270:Generated_Source\PSoC4/cyfitter_cfg.c **** /*******************************************************************************
 271:Generated_Source\PSoC4/cyfitter_cfg.c **** * Function Name: cyfitter_cfg
 272:Generated_Source\PSoC4/cyfitter_cfg.c **** ********************************************************************************
ARM GAS  C:\Users\Arturo\AppData\Local\Temp\cccIaP96.s 			page 12


 273:Generated_Source\PSoC4/cyfitter_cfg.c **** * Summary:
 274:Generated_Source\PSoC4/cyfitter_cfg.c **** *  This function is called by the start-up code for the selected device. It
 275:Generated_Source\PSoC4/cyfitter_cfg.c **** *  performs all of the necessary device configuration based on the design
 276:Generated_Source\PSoC4/cyfitter_cfg.c **** *  settings.  This includes settings from the Design Wide Resources (DWR) such
 277:Generated_Source\PSoC4/cyfitter_cfg.c **** *  as Clocks and Pins as well as any component configuration that is necessary.
 278:Generated_Source\PSoC4/cyfitter_cfg.c **** *
 279:Generated_Source\PSoC4/cyfitter_cfg.c **** * Parameters:
 280:Generated_Source\PSoC4/cyfitter_cfg.c **** *   void
 281:Generated_Source\PSoC4/cyfitter_cfg.c **** *
 282:Generated_Source\PSoC4/cyfitter_cfg.c **** * Return:
 283:Generated_Source\PSoC4/cyfitter_cfg.c **** *   void
 284:Generated_Source\PSoC4/cyfitter_cfg.c **** *
 285:Generated_Source\PSoC4/cyfitter_cfg.c **** *******************************************************************************/
 286:Generated_Source\PSoC4/cyfitter_cfg.c **** CY_CFG_SECTION
 287:Generated_Source\PSoC4/cyfitter_cfg.c **** void cyfitter_cfg(void)
 288:Generated_Source\PSoC4/cyfitter_cfg.c **** {
 353              		.loc 1 288 0
 354              		.cfi_startproc
 355              		@ args = 0, pretend = 0, frame = 8
 356              		@ frame_needed = 1, uses_anonymous_args = 0
 357 0084 80B5     		push	{r7, lr}
 358              		.cfi_def_cfa_offset 8
 359              		.cfi_offset 7, -8
 360              		.cfi_offset 14, -4
 361 0086 82B0     		sub	sp, sp, #8
 362              		.cfi_def_cfa_offset 16
 363 0088 00AF     		add	r7, sp, #0
 364              		.cfi_def_cfa_register 7
 289:Generated_Source\PSoC4/cyfitter_cfg.c **** 	/* Disable interrupts by default. Let user enable if/when they want. */
 290:Generated_Source\PSoC4/cyfitter_cfg.c **** 	CyGlobalIntDisable;
 365              		.loc 1 290 0
 366              		.syntax divided
 367              	@ 290 "Generated_Source\PSoC4\cyfitter_cfg.c" 1
 368 008a 72B6     		CPSID   i
 369              	@ 0 "" 2
 370              		.thumb
 371              		.syntax unified
 372              	.LBB3:
 291:Generated_Source\PSoC4/cyfitter_cfg.c **** 
 292:Generated_Source\PSoC4/cyfitter_cfg.c **** 	{
 293:Generated_Source\PSoC4/cyfitter_cfg.c **** 		static const uint32 CYCODE cy_cfg_addr_table[] = {
 294:Generated_Source\PSoC4/cyfitter_cfg.c **** 			0x400F0001u, /* Base address: 0x400F0000 Count: 1 */
 295:Generated_Source\PSoC4/cyfitter_cfg.c **** 			0x400F3217u, /* Base address: 0x400F3200 Count: 23 */
 296:Generated_Source\PSoC4/cyfitter_cfg.c **** 			0x400F330Eu, /* Base address: 0x400F3300 Count: 14 */
 297:Generated_Source\PSoC4/cyfitter_cfg.c **** 			0x400F4002u, /* Base address: 0x400F4000 Count: 2 */
 298:Generated_Source\PSoC4/cyfitter_cfg.c **** 			0x400F4102u, /* Base address: 0x400F4100 Count: 2 */
 299:Generated_Source\PSoC4/cyfitter_cfg.c **** 			0x400F4304u, /* Base address: 0x400F4300 Count: 4 */
 300:Generated_Source\PSoC4/cyfitter_cfg.c **** 			0x400F6002u, /* Base address: 0x400F6000 Count: 2 */
 301:Generated_Source\PSoC4/cyfitter_cfg.c **** 		};
 302:Generated_Source\PSoC4/cyfitter_cfg.c **** 
 303:Generated_Source\PSoC4/cyfitter_cfg.c **** 		static const cy_cfg_addrvalue_t CYCODE cy_cfg_data_table[] = {
 304:Generated_Source\PSoC4/cyfitter_cfg.c **** 			{0x22u, 0x03u},
 305:Generated_Source\PSoC4/cyfitter_cfg.c **** 			{0x14u, 0x01u},
 306:Generated_Source\PSoC4/cyfitter_cfg.c **** 			{0x16u, 0x02u},
 307:Generated_Source\PSoC4/cyfitter_cfg.c **** 			{0x1Au, 0x01u},
 308:Generated_Source\PSoC4/cyfitter_cfg.c **** 			{0x2Au, 0x04u},
 309:Generated_Source\PSoC4/cyfitter_cfg.c **** 			{0x32u, 0x04u},
ARM GAS  C:\Users\Arturo\AppData\Local\Temp\cccIaP96.s 			page 13


 310:Generated_Source\PSoC4/cyfitter_cfg.c **** 			{0x34u, 0x02u},
 311:Generated_Source\PSoC4/cyfitter_cfg.c **** 			{0x36u, 0x01u},
 312:Generated_Source\PSoC4/cyfitter_cfg.c **** 			{0x40u, 0x05u},
 313:Generated_Source\PSoC4/cyfitter_cfg.c **** 			{0x46u, 0x02u},
 314:Generated_Source\PSoC4/cyfitter_cfg.c **** 			{0x47u, 0x20u},
 315:Generated_Source\PSoC4/cyfitter_cfg.c **** 			{0x48u, 0x24u},
 316:Generated_Source\PSoC4/cyfitter_cfg.c **** 			{0x49u, 0xFFu},
 317:Generated_Source\PSoC4/cyfitter_cfg.c **** 			{0x4Au, 0xFFu},
 318:Generated_Source\PSoC4/cyfitter_cfg.c **** 			{0x4Bu, 0xFFu},
 319:Generated_Source\PSoC4/cyfitter_cfg.c **** 			{0x4Du, 0x20u},
 320:Generated_Source\PSoC4/cyfitter_cfg.c **** 			{0x4Eu, 0xF0u},
 321:Generated_Source\PSoC4/cyfitter_cfg.c **** 			{0x51u, 0x10u},
 322:Generated_Source\PSoC4/cyfitter_cfg.c **** 			{0x58u, 0x04u},
 323:Generated_Source\PSoC4/cyfitter_cfg.c **** 			{0x5Au, 0x0Bu},
 324:Generated_Source\PSoC4/cyfitter_cfg.c **** 			{0x5Fu, 0x01u},
 325:Generated_Source\PSoC4/cyfitter_cfg.c **** 			{0x60u, 0x40u},
 326:Generated_Source\PSoC4/cyfitter_cfg.c **** 			{0x61u, 0x40u},
 327:Generated_Source\PSoC4/cyfitter_cfg.c **** 			{0x62u, 0x80u},
 328:Generated_Source\PSoC4/cyfitter_cfg.c **** 			{0x0Eu, 0x28u},
 329:Generated_Source\PSoC4/cyfitter_cfg.c **** 			{0x17u, 0x20u},
 330:Generated_Source\PSoC4/cyfitter_cfg.c **** 			{0x1Eu, 0x28u},
 331:Generated_Source\PSoC4/cyfitter_cfg.c **** 			{0x1Fu, 0x80u},
 332:Generated_Source\PSoC4/cyfitter_cfg.c **** 			{0x4Fu, 0x80u},
 333:Generated_Source\PSoC4/cyfitter_cfg.c **** 			{0x57u, 0x41u},
 334:Generated_Source\PSoC4/cyfitter_cfg.c **** 			{0x7Fu, 0x80u},
 335:Generated_Source\PSoC4/cyfitter_cfg.c **** 			{0x8Bu, 0x01u},
 336:Generated_Source\PSoC4/cyfitter_cfg.c **** 			{0x9Bu, 0x20u},
 337:Generated_Source\PSoC4/cyfitter_cfg.c **** 			{0xAFu, 0x20u},
 338:Generated_Source\PSoC4/cyfitter_cfg.c **** 			{0xC2u, 0x60u},
 339:Generated_Source\PSoC4/cyfitter_cfg.c **** 			{0xC4u, 0x40u},
 340:Generated_Source\PSoC4/cyfitter_cfg.c **** 			{0xD2u, 0x10u},
 341:Generated_Source\PSoC4/cyfitter_cfg.c **** 			{0xDEu, 0x80u},
 342:Generated_Source\PSoC4/cyfitter_cfg.c **** 			{0x0Fu, 0x04u},
 343:Generated_Source\PSoC4/cyfitter_cfg.c **** 			{0xC2u, 0x80u},
 344:Generated_Source\PSoC4/cyfitter_cfg.c **** 			{0xAFu, 0x04u},
 345:Generated_Source\PSoC4/cyfitter_cfg.c **** 			{0xE8u, 0x40u},
 346:Generated_Source\PSoC4/cyfitter_cfg.c **** 			{0x54u, 0x01u},
 347:Generated_Source\PSoC4/cyfitter_cfg.c **** 			{0x88u, 0x01u},
 348:Generated_Source\PSoC4/cyfitter_cfg.c **** 			{0xD6u, 0x04u},
 349:Generated_Source\PSoC4/cyfitter_cfg.c **** 			{0xE0u, 0x01u},
 350:Generated_Source\PSoC4/cyfitter_cfg.c **** 			{0x01u, 0x01u},
 351:Generated_Source\PSoC4/cyfitter_cfg.c **** 			{0x10u, 0x01u},
 352:Generated_Source\PSoC4/cyfitter_cfg.c **** 		};
 353:Generated_Source\PSoC4/cyfitter_cfg.c **** 
 354:Generated_Source\PSoC4/cyfitter_cfg.c **** 
 355:Generated_Source\PSoC4/cyfitter_cfg.c **** 
 356:Generated_Source\PSoC4/cyfitter_cfg.c **** 		CYPACKED typedef struct {
 357:Generated_Source\PSoC4/cyfitter_cfg.c **** 			void CYFAR *address;
 358:Generated_Source\PSoC4/cyfitter_cfg.c **** 			uint16 size;
 359:Generated_Source\PSoC4/cyfitter_cfg.c **** 		} CYPACKED_ATTR cfg_memset_t;
 360:Generated_Source\PSoC4/cyfitter_cfg.c **** 
 361:Generated_Source\PSoC4/cyfitter_cfg.c **** 		static const cfg_memset_t CYCODE cfg_memset_list[] = {
 362:Generated_Source\PSoC4/cyfitter_cfg.c **** 			/* address, size */
 363:Generated_Source\PSoC4/cyfitter_cfg.c **** 			{(void CYFAR *)(CYDEV_UDB_P0_U0_BASE), 1024u},
 364:Generated_Source\PSoC4/cyfitter_cfg.c **** 			{(void CYFAR *)(CYDEV_UDB_DSI0_BASE), 1024u},
 365:Generated_Source\PSoC4/cyfitter_cfg.c **** 		};
 366:Generated_Source\PSoC4/cyfitter_cfg.c **** 
ARM GAS  C:\Users\Arturo\AppData\Local\Temp\cccIaP96.s 			page 14


 367:Generated_Source\PSoC4/cyfitter_cfg.c **** 		uint8 CYDATA i;
 368:Generated_Source\PSoC4/cyfitter_cfg.c **** 
 369:Generated_Source\PSoC4/cyfitter_cfg.c **** 		/* Zero out critical memory blocks before beginning configuration */
 370:Generated_Source\PSoC4/cyfitter_cfg.c **** 		for (i = 0u; i < (sizeof(cfg_memset_list)/sizeof(cfg_memset_list[0])); i++)
 373              		.loc 1 370 0
 374 008c FB1D     		adds	r3, r7, #7
 375 008e 0022     		movs	r2, #0
 376 0090 1A70     		strb	r2, [r3]
 377 0092 22E0     		b	.L14
 378              	.L15:
 379              	.LBB4:
 371:Generated_Source\PSoC4/cyfitter_cfg.c **** 		{
 372:Generated_Source\PSoC4/cyfitter_cfg.c **** 			const cfg_memset_t CYCODE * CYDATA ms = &cfg_memset_list[i];
 380              		.loc 1 372 0 discriminator 3
 381 0094 FB1D     		adds	r3, r7, #7
 382 0096 1A78     		ldrb	r2, [r3]
 383 0098 1300     		movs	r3, r2
 384 009a 5B00     		lsls	r3, r3, #1
 385 009c 9B18     		adds	r3, r3, r2
 386 009e 5B00     		lsls	r3, r3, #1
 387 00a0 2E4A     		ldr	r2, .L16
 388 00a2 9B18     		adds	r3, r3, r2
 389 00a4 3B60     		str	r3, [r7]
 373:Generated_Source\PSoC4/cyfitter_cfg.c **** 			CYMEMZERO(ms->address, (size_t)(uint32)(ms->size));
 390              		.loc 1 373 0 discriminator 3
 391 00a6 3B68     		ldr	r3, [r7]
 392 00a8 1A78     		ldrb	r2, [r3]
 393 00aa 5978     		ldrb	r1, [r3, #1]
 394 00ac 0902     		lsls	r1, r1, #8
 395 00ae 0A43     		orrs	r2, r1
 396 00b0 9978     		ldrb	r1, [r3, #2]
 397 00b2 0904     		lsls	r1, r1, #16
 398 00b4 0A43     		orrs	r2, r1
 399 00b6 DB78     		ldrb	r3, [r3, #3]
 400 00b8 1B06     		lsls	r3, r3, #24
 401 00ba 1343     		orrs	r3, r2
 402 00bc 1800     		movs	r0, r3
 403 00be 3B68     		ldr	r3, [r7]
 404 00c0 1A79     		ldrb	r2, [r3, #4]
 405 00c2 5B79     		ldrb	r3, [r3, #5]
 406 00c4 1B02     		lsls	r3, r3, #8
 407 00c6 1343     		orrs	r3, r2
 408 00c8 9BB2     		uxth	r3, r3
 409 00ca 1900     		movs	r1, r3
 410 00cc FFF7FEFF 		bl	CYMEMZERO
 411              	.LBE4:
 370:Generated_Source\PSoC4/cyfitter_cfg.c **** 		{
 412              		.loc 1 370 0 discriminator 3
 413 00d0 FB1D     		adds	r3, r7, #7
 414 00d2 1A78     		ldrb	r2, [r3]
 415 00d4 FB1D     		adds	r3, r7, #7
 416 00d6 0132     		adds	r2, r2, #1
 417 00d8 1A70     		strb	r2, [r3]
 418              	.L14:
 370:Generated_Source\PSoC4/cyfitter_cfg.c **** 		{
 419              		.loc 1 370 0 is_stmt 0 discriminator 1
 420 00da FB1D     		adds	r3, r7, #7
ARM GAS  C:\Users\Arturo\AppData\Local\Temp\cccIaP96.s 			page 15


 421 00dc 1B78     		ldrb	r3, [r3]
 422 00de 012B     		cmp	r3, #1
 423 00e0 D8D9     		bls	.L15
 374:Generated_Source\PSoC4/cyfitter_cfg.c **** 		}
 375:Generated_Source\PSoC4/cyfitter_cfg.c **** 
 376:Generated_Source\PSoC4/cyfitter_cfg.c **** 		cfg_write_bytes32(cy_cfg_addr_table, cy_cfg_data_table);
 424              		.loc 1 376 0 is_stmt 1
 425 00e2 1F4A     		ldr	r2, .L16+4
 426 00e4 1F4B     		ldr	r3, .L16+8
 427 00e6 1100     		movs	r1, r2
 428 00e8 1800     		movs	r0, r3
 429 00ea FFF7FEFF 		bl	cfg_write_bytes32
 377:Generated_Source\PSoC4/cyfitter_cfg.c **** 
 378:Generated_Source\PSoC4/cyfitter_cfg.c **** 		/* HSIOM Starting address: CYDEV_HSIOM_BASE */
 379:Generated_Source\PSoC4/cyfitter_cfg.c **** 		CY_SET_REG32((void *)(CYREG_HSIOM_PORT_SEL3), 0x0000EE03u);
 430              		.loc 1 379 0
 431 00ee 1E4B     		ldr	r3, .L16+12
 432 00f0 1E4A     		ldr	r2, .L16+16
 433 00f2 1A60     		str	r2, [r3]
 380:Generated_Source\PSoC4/cyfitter_cfg.c **** 
 381:Generated_Source\PSoC4/cyfitter_cfg.c **** 		/* UDB_PA_0 Starting address: CYDEV_UDB_PA0_BASE */
 382:Generated_Source\PSoC4/cyfitter_cfg.c **** 		CY_SET_REG32((void *)(CYDEV_UDB_PA0_BASE), 0x00990000u);
 434              		.loc 1 382 0
 435 00f4 1E4B     		ldr	r3, .L16+20
 436 00f6 9922     		movs	r2, #153
 437 00f8 1204     		lsls	r2, r2, #16
 438 00fa 1A60     		str	r2, [r3]
 383:Generated_Source\PSoC4/cyfitter_cfg.c **** 
 384:Generated_Source\PSoC4/cyfitter_cfg.c **** 		/* UDB_PA_3 Starting address: CYDEV_UDB_PA3_BASE */
 385:Generated_Source\PSoC4/cyfitter_cfg.c **** 		CY_SET_REG32((void *)(CYDEV_UDB_PA3_BASE), 0x00990000u);
 439              		.loc 1 385 0
 440 00fc 1D4B     		ldr	r3, .L16+24
 441 00fe 9922     		movs	r2, #153
 442 0100 1204     		lsls	r2, r2, #16
 443 0102 1A60     		str	r2, [r3]
 386:Generated_Source\PSoC4/cyfitter_cfg.c **** 		CY_SET_REG32((void *)(CYREG_UDB_PA3_CFG8), 0x00030000u);
 444              		.loc 1 386 0
 445 0104 1C4B     		ldr	r3, .L16+28
 446 0106 C022     		movs	r2, #192
 447 0108 9202     		lsls	r2, r2, #10
 448 010a 1A60     		str	r2, [r3]
 387:Generated_Source\PSoC4/cyfitter_cfg.c **** 
 388:Generated_Source\PSoC4/cyfitter_cfg.c **** 		/* Enable UDB array and digital routing */
 389:Generated_Source\PSoC4/cyfitter_cfg.c **** 		CY_SET_XTND_REG8((void *)CYREG_UDB_UDBIF_WAIT_CFG, (uint8)((CY_GET_XTND_REG8((void *)CYREG_UDB_UD
 449              		.loc 1 389 0
 450 010c 1B4A     		ldr	r2, .L16+32
 451 010e 1B4B     		ldr	r3, .L16+32
 452 0110 1B78     		ldrb	r3, [r3]
 453 0112 DBB2     		uxtb	r3, r3
 454 0114 3C21     		movs	r1, #60
 455 0116 8B43     		bics	r3, r1
 456 0118 DBB2     		uxtb	r3, r3
 457 011a 1421     		movs	r1, #20
 458 011c 0B43     		orrs	r3, r1
 459 011e DBB2     		uxtb	r3, r3
 460 0120 1370     		strb	r3, [r2]
 390:Generated_Source\PSoC4/cyfitter_cfg.c **** 		CY_SET_XTND_REG8((void *)CYREG_UDB_UDBIF_BANK_CTL, (uint8)(CY_GET_XTND_REG8((void *)CYREG_UDB_UDB
ARM GAS  C:\Users\Arturo\AppData\Local\Temp\cccIaP96.s 			page 16


 461              		.loc 1 390 0
 462 0122 174A     		ldr	r2, .L16+36
 463 0124 164B     		ldr	r3, .L16+36
 464 0126 1B78     		ldrb	r3, [r3]
 465 0128 DBB2     		uxtb	r3, r3
 466 012a 1621     		movs	r1, #22
 467 012c 0B43     		orrs	r3, r1
 468 012e DBB2     		uxtb	r3, r3
 469 0130 1370     		strb	r3, [r2]
 470              	.LBE3:
 391:Generated_Source\PSoC4/cyfitter_cfg.c **** 	}
 392:Generated_Source\PSoC4/cyfitter_cfg.c **** 
 393:Generated_Source\PSoC4/cyfitter_cfg.c **** 	/* Perform second pass device configuration. These items must be configured in specific order afte
 394:Generated_Source\PSoC4/cyfitter_cfg.c **** 	/* IOPINS0_0 Starting address: CYDEV_PRT0_BASE */
 395:Generated_Source\PSoC4/cyfitter_cfg.c **** 	CY_SET_REG32((void *)(CYDEV_PRT0_BASE), 0x00000080u);
 471              		.loc 1 395 0
 472 0132 144B     		ldr	r3, .L16+40
 473 0134 8022     		movs	r2, #128
 474 0136 1A60     		str	r2, [r3]
 396:Generated_Source\PSoC4/cyfitter_cfg.c **** 	CY_SET_REG32((void *)(CYREG_PRT0_PC), 0x00400000u);
 475              		.loc 1 396 0
 476 0138 134B     		ldr	r3, .L16+44
 477 013a 8022     		movs	r2, #128
 478 013c D203     		lsls	r2, r2, #15
 479 013e 1A60     		str	r2, [r3]
 397:Generated_Source\PSoC4/cyfitter_cfg.c **** 
 398:Generated_Source\PSoC4/cyfitter_cfg.c **** 	/* IOPINS0_3 Starting address: CYDEV_PRT3_BASE */
 399:Generated_Source\PSoC4/cyfitter_cfg.c **** 	CY_SET_REG32((void *)(CYDEV_PRT3_BASE), 0x00000001u);
 480              		.loc 1 399 0
 481 0140 124B     		ldr	r3, .L16+48
 482 0142 0122     		movs	r2, #1
 483 0144 1A60     		str	r2, [r3]
 400:Generated_Source\PSoC4/cyfitter_cfg.c **** 	CY_SET_REG32((void *)(CYREG_PRT3_PC), 0x00000D86u);
 484              		.loc 1 400 0
 485 0146 124B     		ldr	r3, .L16+52
 486 0148 124A     		ldr	r2, .L16+56
 487 014a 1A60     		str	r2, [r3]
 401:Generated_Source\PSoC4/cyfitter_cfg.c **** 
 402:Generated_Source\PSoC4/cyfitter_cfg.c **** 
 403:Generated_Source\PSoC4/cyfitter_cfg.c **** 	/* Setup clocks based on selections from Clock DWR */
 404:Generated_Source\PSoC4/cyfitter_cfg.c **** 	ClockSetup();
 488              		.loc 1 404 0
 489 014c FFF758FF 		bl	ClockSetup
 405:Generated_Source\PSoC4/cyfitter_cfg.c **** 
 406:Generated_Source\PSoC4/cyfitter_cfg.c **** 	/* Perform basic analog initialization to defaults */
 407:Generated_Source\PSoC4/cyfitter_cfg.c **** 	AnalogSetDefault();
 490              		.loc 1 407 0
 491 0150 FFF7FEFF 		bl	AnalogSetDefault
 408:Generated_Source\PSoC4/cyfitter_cfg.c **** 
 409:Generated_Source\PSoC4/cyfitter_cfg.c **** }
 492              		.loc 1 409 0
 493 0154 C046     		nop
 494 0156 BD46     		mov	sp, r7
 495 0158 02B0     		add	sp, sp, #8
 496              		@ sp needed
 497 015a 80BD     		pop	{r7, pc}
 498              	.L17:
ARM GAS  C:\Users\Arturo\AppData\Local\Temp\cccIaP96.s 			page 17


 499              		.align	2
 500              	.L16:
 501 015c 00000000 		.word	cfg_memset_list.4870
 502 0160 28000000 		.word	cy_cfg_data_table.4865
 503 0164 0C000000 		.word	cy_cfg_addr_table.4864
 504 0168 0C000140 		.word	1073807372
 505 016c 03EE0000 		.word	60931
 506 0170 00500F40 		.word	1074745344
 507 0174 30500F40 		.word	1074745392
 508 0178 38500F40 		.word	1074745400
 509 017c 01700F40 		.word	1074753537
 510 0180 00700F40 		.word	1074753536
 511 0184 00000440 		.word	1074003968
 512 0188 08000440 		.word	1074003976
 513 018c 00030440 		.word	1074004736
 514 0190 08030440 		.word	1074004744
 515 0194 860D0000 		.word	3462
 516              		.cfi_endproc
 517              	.LFE6:
 518              		.size	cyfitter_cfg, .-cyfitter_cfg
 519              		.section	.rodata
 520              		.align	2
 521              		.type	cfg_memset_list.4870, %object
 522              		.size	cfg_memset_list.4870, 12
 523              	cfg_memset_list.4870:
 524 0000 00300F40 		.word	1074737152
 525 0004 0004     		.short	1024
 526 0006 00400F40 		.4byte	1074741248
 527 000a 0004     		.short	1024
 528              		.align	2
 529              		.type	cy_cfg_addr_table.4864, %object
 530              		.size	cy_cfg_addr_table.4864, 28
 531              	cy_cfg_addr_table.4864:
 532 000c 01000F40 		.word	1074724865
 533 0010 17320F40 		.word	1074737687
 534 0014 0E330F40 		.word	1074737934
 535 0018 02400F40 		.word	1074741250
 536 001c 02410F40 		.word	1074741506
 537 0020 04430F40 		.word	1074742020
 538 0024 02600F40 		.word	1074749442
 539              		.align	2
 540              		.type	cy_cfg_data_table.4865, %object
 541              		.size	cy_cfg_data_table.4865, 96
 542              	cy_cfg_data_table.4865:
 543 0028 22       		.byte	34
 544 0029 03       		.byte	3
 545 002a 14       		.byte	20
 546 002b 01       		.byte	1
 547 002c 16       		.byte	22
 548 002d 02       		.byte	2
 549 002e 1A       		.byte	26
 550 002f 01       		.byte	1
 551 0030 2A       		.byte	42
 552 0031 04       		.byte	4
 553 0032 32       		.byte	50
 554 0033 04       		.byte	4
 555 0034 34       		.byte	52
ARM GAS  C:\Users\Arturo\AppData\Local\Temp\cccIaP96.s 			page 18


 556 0035 02       		.byte	2
 557 0036 36       		.byte	54
 558 0037 01       		.byte	1
 559 0038 40       		.byte	64
 560 0039 05       		.byte	5
 561 003a 46       		.byte	70
 562 003b 02       		.byte	2
 563 003c 47       		.byte	71
 564 003d 20       		.byte	32
 565 003e 48       		.byte	72
 566 003f 24       		.byte	36
 567 0040 49       		.byte	73
 568 0041 FF       		.byte	-1
 569 0042 4A       		.byte	74
 570 0043 FF       		.byte	-1
 571 0044 4B       		.byte	75
 572 0045 FF       		.byte	-1
 573 0046 4D       		.byte	77
 574 0047 20       		.byte	32
 575 0048 4E       		.byte	78
 576 0049 F0       		.byte	-16
 577 004a 51       		.byte	81
 578 004b 10       		.byte	16
 579 004c 58       		.byte	88
 580 004d 04       		.byte	4
 581 004e 5A       		.byte	90
 582 004f 0B       		.byte	11
 583 0050 5F       		.byte	95
 584 0051 01       		.byte	1
 585 0052 60       		.byte	96
 586 0053 40       		.byte	64
 587 0054 61       		.byte	97
 588 0055 40       		.byte	64
 589 0056 62       		.byte	98
 590 0057 80       		.byte	-128
 591 0058 0E       		.byte	14
 592 0059 28       		.byte	40
 593 005a 17       		.byte	23
 594 005b 20       		.byte	32
 595 005c 1E       		.byte	30
 596 005d 28       		.byte	40
 597 005e 1F       		.byte	31
 598 005f 80       		.byte	-128
 599 0060 4F       		.byte	79
 600 0061 80       		.byte	-128
 601 0062 57       		.byte	87
 602 0063 41       		.byte	65
 603 0064 7F       		.byte	127
 604 0065 80       		.byte	-128
 605 0066 8B       		.byte	-117
 606 0067 01       		.byte	1
 607 0068 9B       		.byte	-101
 608 0069 20       		.byte	32
 609 006a AF       		.byte	-81
 610 006b 20       		.byte	32
 611 006c C2       		.byte	-62
 612 006d 60       		.byte	96
ARM GAS  C:\Users\Arturo\AppData\Local\Temp\cccIaP96.s 			page 19


 613 006e C4       		.byte	-60
 614 006f 40       		.byte	64
 615 0070 D2       		.byte	-46
 616 0071 10       		.byte	16
 617 0072 DE       		.byte	-34
 618 0073 80       		.byte	-128
 619 0074 0F       		.byte	15
 620 0075 04       		.byte	4
 621 0076 C2       		.byte	-62
 622 0077 80       		.byte	-128
 623 0078 AF       		.byte	-81
 624 0079 04       		.byte	4
 625 007a E8       		.byte	-24
 626 007b 40       		.byte	64
 627 007c 54       		.byte	84
 628 007d 01       		.byte	1
 629 007e 88       		.byte	-120
 630 007f 01       		.byte	1
 631 0080 D6       		.byte	-42
 632 0081 04       		.byte	4
 633 0082 E0       		.byte	-32
 634 0083 01       		.byte	1
 635 0084 01       		.byte	1
 636 0085 01       		.byte	1
 637 0086 10       		.byte	16
 638 0087 01       		.byte	1
 639              		.text
 640              	.Letext0:
 641              		.file 2 "c:\\program files (x86)\\cypress\\psoc creator\\4.2\\psoc creator\\import\\gnu\\arm\\5.4.
 642              		.file 3 "Generated_Source\\PSoC4\\cytypes.h"
 643              		.section	.debug_info,"",%progbits
 644              	.Ldebug_info0:
 645 0000 5A030000 		.4byte	0x35a
 646 0004 0400     		.2byte	0x4
 647 0006 00000000 		.4byte	.Ldebug_abbrev0
 648 000a 04       		.byte	0x4
 649 000b 01       		.uleb128 0x1
 650 000c A0000000 		.4byte	.LASF40
 651 0010 0C       		.byte	0xc
 652 0011 90020000 		.4byte	.LASF41
 653 0015 30020000 		.4byte	.LASF42
 654 0019 00000000 		.4byte	.Ldebug_ranges0+0
 655 001d 00000000 		.4byte	0
 656 0021 00000000 		.4byte	.Ldebug_line0
 657 0025 02       		.uleb128 0x2
 658 0026 04       		.byte	0x4
 659 0027 05       		.byte	0x5
 660 0028 696E7400 		.ascii	"int\000"
 661 002c 03       		.uleb128 0x3
 662 002d 06000000 		.4byte	.LASF12
 663 0031 02       		.byte	0x2
 664 0032 D8       		.byte	0xd8
 665 0033 37000000 		.4byte	0x37
 666 0037 04       		.uleb128 0x4
 667 0038 04       		.byte	0x4
 668 0039 07       		.byte	0x7
 669 003a 86010000 		.4byte	.LASF0
ARM GAS  C:\Users\Arturo\AppData\Local\Temp\cccIaP96.s 			page 20


 670 003e 04       		.uleb128 0x4
 671 003f 08       		.byte	0x8
 672 0040 05       		.byte	0x5
 673 0041 E4010000 		.4byte	.LASF1
 674 0045 04       		.uleb128 0x4
 675 0046 08       		.byte	0x8
 676 0047 04       		.byte	0x4
 677 0048 24020000 		.4byte	.LASF2
 678 004c 04       		.uleb128 0x4
 679 004d 01       		.byte	0x1
 680 004e 06       		.byte	0x6
 681 004f 84020000 		.4byte	.LASF3
 682 0053 04       		.uleb128 0x4
 683 0054 01       		.byte	0x1
 684 0055 08       		.byte	0x8
 685 0056 2E010000 		.4byte	.LASF4
 686 005a 04       		.uleb128 0x4
 687 005b 02       		.byte	0x2
 688 005c 05       		.byte	0x5
 689 005d 11020000 		.4byte	.LASF5
 690 0061 04       		.uleb128 0x4
 691 0062 02       		.byte	0x2
 692 0063 07       		.byte	0x7
 693 0064 D1010000 		.4byte	.LASF6
 694 0068 04       		.uleb128 0x4
 695 0069 04       		.byte	0x4
 696 006a 05       		.byte	0x5
 697 006b 1B020000 		.4byte	.LASF7
 698 006f 04       		.uleb128 0x4
 699 0070 04       		.byte	0x4
 700 0071 07       		.byte	0x7
 701 0072 7E000000 		.4byte	.LASF8
 702 0076 04       		.uleb128 0x4
 703 0077 08       		.byte	0x8
 704 0078 07       		.byte	0x7
 705 0079 9B010000 		.4byte	.LASF9
 706 007d 04       		.uleb128 0x4
 707 007e 04       		.byte	0x4
 708 007f 07       		.byte	0x7
 709 0080 C8010000 		.4byte	.LASF10
 710 0084 05       		.uleb128 0x5
 711 0085 04       		.byte	0x4
 712 0086 04       		.uleb128 0x4
 713 0087 01       		.byte	0x1
 714 0088 08       		.byte	0x8
 715 0089 F2010000 		.4byte	.LASF11
 716 008d 06       		.uleb128 0x6
 717 008e 90000000 		.4byte	.LASF13
 718 0092 03       		.byte	0x3
 719 0093 E701     		.2byte	0x1e7
 720 0095 53000000 		.4byte	0x53
 721 0099 06       		.uleb128 0x6
 722 009a 6D010000 		.4byte	.LASF14
 723 009e 03       		.byte	0x3
 724 009f E801     		.2byte	0x1e8
 725 00a1 61000000 		.4byte	0x61
 726 00a5 06       		.uleb128 0x6
ARM GAS  C:\Users\Arturo\AppData\Local\Temp\cccIaP96.s 			page 21


 727 00a6 7F010000 		.4byte	.LASF15
 728 00aa 03       		.byte	0x3
 729 00ab E901     		.2byte	0x1e9
 730 00ad 6F000000 		.4byte	0x6f
 731 00b1 04       		.uleb128 0x4
 732 00b2 04       		.byte	0x4
 733 00b3 04       		.byte	0x4
 734 00b4 59000000 		.4byte	.LASF16
 735 00b8 04       		.uleb128 0x4
 736 00b9 08       		.byte	0x8
 737 00ba 04       		.byte	0x4
 738 00bb 3C010000 		.4byte	.LASF17
 739 00bf 06       		.uleb128 0x6
 740 00c0 79000000 		.4byte	.LASF18
 741 00c4 03       		.byte	0x3
 742 00c5 9102     		.2byte	0x291
 743 00c7 CB000000 		.4byte	0xcb
 744 00cb 07       		.uleb128 0x7
 745 00cc 8D000000 		.4byte	0x8d
 746 00d0 06       		.uleb128 0x6
 747 00d1 00000000 		.4byte	.LASF19
 748 00d5 03       		.byte	0x3
 749 00d6 9302     		.2byte	0x293
 750 00d8 DC000000 		.4byte	0xdc
 751 00dc 07       		.uleb128 0x7
 752 00dd A5000000 		.4byte	0xa5
 753 00e1 08       		.uleb128 0x8
 754 00e2 02       		.byte	0x2
 755 00e3 01       		.byte	0x1
 756 00e4 97       		.byte	0x97
 757 00e5 02010000 		.4byte	0x102
 758 00e9 09       		.uleb128 0x9
 759 00ea 0A020000 		.4byte	.LASF20
 760 00ee 01       		.byte	0x1
 761 00ef 99       		.byte	0x99
 762 00f0 8D000000 		.4byte	0x8d
 763 00f4 00       		.byte	0
 764 00f5 09       		.uleb128 0x9
 765 00f6 1E000000 		.4byte	.LASF21
 766 00fa 01       		.byte	0x1
 767 00fb 9A       		.byte	0x9a
 768 00fc 8D000000 		.4byte	0x8d
 769 0100 01       		.byte	0x1
 770 0101 00       		.byte	0
 771 0102 03       		.uleb128 0x3
 772 0103 F7010000 		.4byte	.LASF22
 773 0107 01       		.byte	0x1
 774 0108 9B       		.byte	0x9b
 775 0109 E1000000 		.4byte	0xe1
 776 010d 0A       		.uleb128 0xa
 777 010e 96000000 		.4byte	.LASF23
 778 0112 01       		.byte	0x1
 779 0113 4A       		.byte	0x4a
 780 0114 00000000 		.4byte	.LFB0
 781 0118 1E000000 		.4byte	.LFE0-.LFB0
 782 011c 01       		.uleb128 0x1
 783 011d 9C       		.byte	0x9c
ARM GAS  C:\Users\Arturo\AppData\Local\Temp\cccIaP96.s 			page 22


 784 011e 3B010000 		.4byte	0x13b
 785 0122 0B       		.uleb128 0xb
 786 0123 7300     		.ascii	"s\000"
 787 0125 01       		.byte	0x1
 788 0126 4A       		.byte	0x4a
 789 0127 84000000 		.4byte	0x84
 790 012b 02       		.uleb128 0x2
 791 012c 91       		.byte	0x91
 792 012d 74       		.sleb128 -12
 793 012e 0B       		.uleb128 0xb
 794 012f 6E00     		.ascii	"n\000"
 795 0131 01       		.byte	0x1
 796 0132 4A       		.byte	0x4a
 797 0133 2C000000 		.4byte	0x2c
 798 0137 02       		.uleb128 0x2
 799 0138 91       		.byte	0x91
 800 0139 70       		.sleb128 -16
 801 013a 00       		.byte	0
 802 013b 0A       		.uleb128 0xa
 803 013c C6020000 		.4byte	.LASF24
 804 0140 01       		.byte	0x1
 805 0141 51       		.byte	0x51
 806 0142 00000000 		.4byte	.LFB1
 807 0146 20000000 		.4byte	.LFE1-.LFB1
 808 014a 01       		.uleb128 0x1
 809 014b 9C       		.byte	0x9c
 810 014c 79010000 		.4byte	0x179
 811 0150 0C       		.uleb128 0xc
 812 0151 5F000000 		.4byte	.LASF25
 813 0155 01       		.byte	0x1
 814 0156 51       		.byte	0x51
 815 0157 84000000 		.4byte	0x84
 816 015b 02       		.uleb128 0x2
 817 015c 91       		.byte	0x91
 818 015d 74       		.sleb128 -12
 819 015e 0B       		.uleb128 0xb
 820 015f 73726300 		.ascii	"src\000"
 821 0163 01       		.byte	0x1
 822 0164 51       		.byte	0x51
 823 0165 79010000 		.4byte	0x179
 824 0169 02       		.uleb128 0x2
 825 016a 91       		.byte	0x91
 826 016b 70       		.sleb128 -16
 827 016c 0B       		.uleb128 0xb
 828 016d 6E00     		.ascii	"n\000"
 829 016f 01       		.byte	0x1
 830 0170 51       		.byte	0x51
 831 0171 2C000000 		.4byte	0x2c
 832 0175 02       		.uleb128 0x2
 833 0176 91       		.byte	0x91
 834 0177 6C       		.sleb128 -20
 835 0178 00       		.byte	0
 836 0179 0D       		.uleb128 0xd
 837 017a 04       		.byte	0x4
 838 017b 7F010000 		.4byte	0x17f
 839 017f 0E       		.uleb128 0xe
 840 0180 0A       		.uleb128 0xa
ARM GAS  C:\Users\Arturo\AppData\Local\Temp\cccIaP96.s 			page 23


 841 0181 B6020000 		.4byte	.LASF26
 842 0185 01       		.byte	0x1
 843 0186 58       		.byte	0x58
 844 0187 00000000 		.4byte	.LFB2
 845 018b 20000000 		.4byte	.LFE2-.LFB2
 846 018f 01       		.uleb128 0x1
 847 0190 9C       		.byte	0x9c
 848 0191 BE010000 		.4byte	0x1be
 849 0195 0C       		.uleb128 0xc
 850 0196 5F000000 		.4byte	.LASF25
 851 019a 01       		.byte	0x1
 852 019b 58       		.byte	0x58
 853 019c 84000000 		.4byte	0x84
 854 01a0 02       		.uleb128 0x2
 855 01a1 91       		.byte	0x91
 856 01a2 74       		.sleb128 -12
 857 01a3 0B       		.uleb128 0xb
 858 01a4 73726300 		.ascii	"src\000"
 859 01a8 01       		.byte	0x1
 860 01a9 58       		.byte	0x58
 861 01aa 79010000 		.4byte	0x179
 862 01ae 02       		.uleb128 0x2
 863 01af 91       		.byte	0x91
 864 01b0 70       		.sleb128 -16
 865 01b1 0B       		.uleb128 0xb
 866 01b2 6E00     		.ascii	"n\000"
 867 01b4 01       		.byte	0x1
 868 01b5 58       		.byte	0x58
 869 01b6 2C000000 		.4byte	0x2c
 870 01ba 02       		.uleb128 0x2
 871 01bb 91       		.byte	0x91
 872 01bc 6C       		.sleb128 -20
 873 01bd 00       		.byte	0
 874 01be 0F       		.uleb128 0xf
 875 01bf 43010000 		.4byte	.LASF27
 876 01c3 01       		.byte	0x1
 877 01c4 AE       		.byte	0xae
 878 01c5 00000000 		.4byte	.LFB3
 879 01c9 82000000 		.4byte	.LFE3-.LFB3
 880 01cd 01       		.uleb128 0x1
 881 01ce 9C       		.byte	0x9c
 882 01cf 2E020000 		.4byte	0x22e
 883 01d3 0C       		.uleb128 0xc
 884 01d4 62010000 		.4byte	.LASF28
 885 01d8 01       		.byte	0x1
 886 01d9 AE       		.byte	0xae
 887 01da 2E020000 		.4byte	0x22e
 888 01de 02       		.uleb128 0x2
 889 01df 91       		.byte	0x91
 890 01e0 64       		.sleb128 -28
 891 01e1 0C       		.uleb128 0xc
 892 01e2 74010000 		.4byte	.LASF29
 893 01e6 01       		.byte	0x1
 894 01e7 AE       		.byte	0xae
 895 01e8 39020000 		.4byte	0x239
 896 01ec 02       		.uleb128 0x2
 897 01ed 91       		.byte	0x91
ARM GAS  C:\Users\Arturo\AppData\Local\Temp\cccIaP96.s 			page 24


 898 01ee 60       		.sleb128 -32
 899 01ef 10       		.uleb128 0x10
 900 01f0 6900     		.ascii	"i\000"
 901 01f2 01       		.byte	0x1
 902 01f3 B1       		.byte	0xb1
 903 01f4 A5000000 		.4byte	0xa5
 904 01f8 02       		.uleb128 0x2
 905 01f9 91       		.byte	0x91
 906 01fa 74       		.sleb128 -12
 907 01fb 10       		.uleb128 0x10
 908 01fc 6A00     		.ascii	"j\000"
 909 01fe 01       		.byte	0x1
 910 01ff B1       		.byte	0xb1
 911 0200 A5000000 		.4byte	0xa5
 912 0204 02       		.uleb128 0x2
 913 0205 91       		.byte	0x91
 914 0206 70       		.sleb128 -16
 915 0207 11       		.uleb128 0x11
 916 0208 14000000 		.4byte	.LBB2
 917 020c 5A000000 		.4byte	.LBE2-.LBB2
 918 0210 12       		.uleb128 0x12
 919 0211 BF010000 		.4byte	.LASF30
 920 0215 01       		.byte	0x1
 921 0216 B4       		.byte	0xb4
 922 0217 A5000000 		.4byte	0xa5
 923 021b 02       		.uleb128 0x2
 924 021c 91       		.byte	0x91
 925 021d 68       		.sleb128 -24
 926 021e 12       		.uleb128 0x12
 927 021f 24000000 		.4byte	.LASF31
 928 0223 01       		.byte	0x1
 929 0224 B5       		.byte	0xb5
 930 0225 8D000000 		.4byte	0x8d
 931 0229 02       		.uleb128 0x2
 932 022a 91       		.byte	0x91
 933 022b 6F       		.sleb128 -17
 934 022c 00       		.byte	0
 935 022d 00       		.byte	0
 936 022e 0D       		.uleb128 0xd
 937 022f 04       		.byte	0x4
 938 0230 34020000 		.4byte	0x234
 939 0234 13       		.uleb128 0x13
 940 0235 A5000000 		.4byte	0xa5
 941 0239 0D       		.uleb128 0xd
 942 023a 04       		.byte	0x4
 943 023b 3F020000 		.4byte	0x23f
 944 023f 13       		.uleb128 0x13
 945 0240 02010000 		.4byte	0x102
 946 0244 14       		.uleb128 0x14
 947 0245 2A000000 		.4byte	.LASF32
 948 0249 01       		.byte	0x1
 949 024a D3       		.byte	0xd3
 950 024b 00000000 		.4byte	.LFB4
 951 024f 84000000 		.4byte	.LFE4-.LFB4
 952 0253 01       		.uleb128 0x1
 953 0254 9C       		.byte	0x9c
 954 0255 15       		.uleb128 0x15
ARM GAS  C:\Users\Arturo\AppData\Local\Temp\cccIaP96.s 			page 25


 955 0256 0D000000 		.4byte	.LASF33
 956 025a 01       		.byte	0x1
 957 025b 0701     		.2byte	0x107
 958 025d 00000000 		.4byte	.LFB5
 959 0261 0A000000 		.4byte	.LFE5-.LFB5
 960 0265 01       		.uleb128 0x1
 961 0266 9C       		.byte	0x9c
 962 0267 16       		.uleb128 0x16
 963 0268 55010000 		.4byte	.LASF43
 964 026c 01       		.byte	0x1
 965 026d 1F01     		.2byte	0x11f
 966 026f 84000000 		.4byte	.LFB6
 967 0273 14010000 		.4byte	.LFE6-.LFB6
 968 0277 01       		.uleb128 0x1
 969 0278 9C       		.byte	0x9c
 970 0279 33030000 		.4byte	0x333
 971 027d 11       		.uleb128 0x11
 972 027e 8C000000 		.4byte	.LBB3
 973 0282 A6000000 		.4byte	.LBE3-.LBB3
 974 0286 17       		.uleb128 0x17
 975 0287 35000000 		.4byte	.LASF34
 976 028b 01       		.byte	0x1
 977 028c 2501     		.2byte	0x125
 978 028e 43030000 		.4byte	0x343
 979 0292 05       		.uleb128 0x5
 980 0293 03       		.byte	0x3
 981 0294 0C000000 		.4byte	cy_cfg_addr_table.4864
 982 0298 17       		.uleb128 0x17
 983 0299 47000000 		.4byte	.LASF35
 984 029d 01       		.byte	0x1
 985 029e 2F01     		.2byte	0x12f
 986 02a0 58030000 		.4byte	0x358
 987 02a4 05       		.uleb128 0x5
 988 02a5 03       		.byte	0x3
 989 02a6 28000000 		.4byte	cy_cfg_data_table.4865
 990 02aa 18       		.uleb128 0x18
 991 02ab 06       		.byte	0x6
 992 02ac 01       		.byte	0x1
 993 02ad 6401     		.2byte	0x164
 994 02af CE020000 		.4byte	0x2ce
 995 02b3 19       		.uleb128 0x19
 996 02b4 93010000 		.4byte	.LASF36
 997 02b8 01       		.byte	0x1
 998 02b9 6501     		.2byte	0x165
 999 02bb 84000000 		.4byte	0x84
 1000 02bf 00       		.byte	0
 1001 02c0 19       		.uleb128 0x19
 1002 02c1 74000000 		.4byte	.LASF37
 1003 02c5 01       		.byte	0x1
 1004 02c6 6601     		.2byte	0x166
 1005 02c8 99000000 		.4byte	0x99
 1006 02cc 04       		.byte	0x4
 1007 02cd 00       		.byte	0
 1008 02ce 06       		.uleb128 0x6
 1009 02cf B2010000 		.4byte	.LASF38
 1010 02d3 01       		.byte	0x1
 1011 02d4 6701     		.2byte	0x167
ARM GAS  C:\Users\Arturo\AppData\Local\Temp\cccIaP96.s 			page 26


 1012 02d6 AA020000 		.4byte	0x2aa
 1013 02da 1A       		.uleb128 0x1a
 1014 02db EA020000 		.4byte	0x2ea
 1015 02df EA020000 		.4byte	0x2ea
 1016 02e3 1B       		.uleb128 0x1b
 1017 02e4 7D000000 		.4byte	0x7d
 1018 02e8 01       		.byte	0x1
 1019 02e9 00       		.byte	0
 1020 02ea 13       		.uleb128 0x13
 1021 02eb CE020000 		.4byte	0x2ce
 1022 02ef 17       		.uleb128 0x17
 1023 02f0 64000000 		.4byte	.LASF39
 1024 02f4 01       		.byte	0x1
 1025 02f5 6901     		.2byte	0x169
 1026 02f7 01030000 		.4byte	0x301
 1027 02fb 05       		.uleb128 0x5
 1028 02fc 03       		.byte	0x3
 1029 02fd 00000000 		.4byte	cfg_memset_list.4870
 1030 0301 13       		.uleb128 0x13
 1031 0302 DA020000 		.4byte	0x2da
 1032 0306 1C       		.uleb128 0x1c
 1033 0307 6900     		.ascii	"i\000"
 1034 0309 01       		.byte	0x1
 1035 030a 6F01     		.2byte	0x16f
 1036 030c 8D000000 		.4byte	0x8d
 1037 0310 02       		.uleb128 0x2
 1038 0311 91       		.byte	0x91
 1039 0312 77       		.sleb128 -9
 1040 0313 11       		.uleb128 0x11
 1041 0314 94000000 		.4byte	.LBB4
 1042 0318 3C000000 		.4byte	.LBE4-.LBB4
 1043 031c 1C       		.uleb128 0x1c
 1044 031d 6D7300   		.ascii	"ms\000"
 1045 0320 01       		.byte	0x1
 1046 0321 7401     		.2byte	0x174
 1047 0323 2A030000 		.4byte	0x32a
 1048 0327 02       		.uleb128 0x2
 1049 0328 91       		.byte	0x91
 1050 0329 70       		.sleb128 -16
 1051 032a 0D       		.uleb128 0xd
 1052 032b 04       		.byte	0x4
 1053 032c EA020000 		.4byte	0x2ea
 1054 0330 00       		.byte	0
 1055 0331 00       		.byte	0
 1056 0332 00       		.byte	0
 1057 0333 1A       		.uleb128 0x1a
 1058 0334 34020000 		.4byte	0x234
 1059 0338 43030000 		.4byte	0x343
 1060 033c 1B       		.uleb128 0x1b
 1061 033d 7D000000 		.4byte	0x7d
 1062 0341 06       		.byte	0x6
 1063 0342 00       		.byte	0
 1064 0343 13       		.uleb128 0x13
 1065 0344 33030000 		.4byte	0x333
 1066 0348 1A       		.uleb128 0x1a
 1067 0349 3F020000 		.4byte	0x23f
 1068 034d 58030000 		.4byte	0x358
ARM GAS  C:\Users\Arturo\AppData\Local\Temp\cccIaP96.s 			page 27


 1069 0351 1B       		.uleb128 0x1b
 1070 0352 7D000000 		.4byte	0x7d
 1071 0356 2F       		.byte	0x2f
 1072 0357 00       		.byte	0
 1073 0358 13       		.uleb128 0x13
 1074 0359 48030000 		.4byte	0x348
 1075 035d 00       		.byte	0
 1076              		.section	.debug_abbrev,"",%progbits
 1077              	.Ldebug_abbrev0:
 1078 0000 01       		.uleb128 0x1
 1079 0001 11       		.uleb128 0x11
 1080 0002 01       		.byte	0x1
 1081 0003 25       		.uleb128 0x25
 1082 0004 0E       		.uleb128 0xe
 1083 0005 13       		.uleb128 0x13
 1084 0006 0B       		.uleb128 0xb
 1085 0007 03       		.uleb128 0x3
 1086 0008 0E       		.uleb128 0xe
 1087 0009 1B       		.uleb128 0x1b
 1088 000a 0E       		.uleb128 0xe
 1089 000b 55       		.uleb128 0x55
 1090 000c 17       		.uleb128 0x17
 1091 000d 11       		.uleb128 0x11
 1092 000e 01       		.uleb128 0x1
 1093 000f 10       		.uleb128 0x10
 1094 0010 17       		.uleb128 0x17
 1095 0011 00       		.byte	0
 1096 0012 00       		.byte	0
 1097 0013 02       		.uleb128 0x2
 1098 0014 24       		.uleb128 0x24
 1099 0015 00       		.byte	0
 1100 0016 0B       		.uleb128 0xb
 1101 0017 0B       		.uleb128 0xb
 1102 0018 3E       		.uleb128 0x3e
 1103 0019 0B       		.uleb128 0xb
 1104 001a 03       		.uleb128 0x3
 1105 001b 08       		.uleb128 0x8
 1106 001c 00       		.byte	0
 1107 001d 00       		.byte	0
 1108 001e 03       		.uleb128 0x3
 1109 001f 16       		.uleb128 0x16
 1110 0020 00       		.byte	0
 1111 0021 03       		.uleb128 0x3
 1112 0022 0E       		.uleb128 0xe
 1113 0023 3A       		.uleb128 0x3a
 1114 0024 0B       		.uleb128 0xb
 1115 0025 3B       		.uleb128 0x3b
 1116 0026 0B       		.uleb128 0xb
 1117 0027 49       		.uleb128 0x49
 1118 0028 13       		.uleb128 0x13
 1119 0029 00       		.byte	0
 1120 002a 00       		.byte	0
 1121 002b 04       		.uleb128 0x4
 1122 002c 24       		.uleb128 0x24
 1123 002d 00       		.byte	0
 1124 002e 0B       		.uleb128 0xb
 1125 002f 0B       		.uleb128 0xb
ARM GAS  C:\Users\Arturo\AppData\Local\Temp\cccIaP96.s 			page 28


 1126 0030 3E       		.uleb128 0x3e
 1127 0031 0B       		.uleb128 0xb
 1128 0032 03       		.uleb128 0x3
 1129 0033 0E       		.uleb128 0xe
 1130 0034 00       		.byte	0
 1131 0035 00       		.byte	0
 1132 0036 05       		.uleb128 0x5
 1133 0037 0F       		.uleb128 0xf
 1134 0038 00       		.byte	0
 1135 0039 0B       		.uleb128 0xb
 1136 003a 0B       		.uleb128 0xb
 1137 003b 00       		.byte	0
 1138 003c 00       		.byte	0
 1139 003d 06       		.uleb128 0x6
 1140 003e 16       		.uleb128 0x16
 1141 003f 00       		.byte	0
 1142 0040 03       		.uleb128 0x3
 1143 0041 0E       		.uleb128 0xe
 1144 0042 3A       		.uleb128 0x3a
 1145 0043 0B       		.uleb128 0xb
 1146 0044 3B       		.uleb128 0x3b
 1147 0045 05       		.uleb128 0x5
 1148 0046 49       		.uleb128 0x49
 1149 0047 13       		.uleb128 0x13
 1150 0048 00       		.byte	0
 1151 0049 00       		.byte	0
 1152 004a 07       		.uleb128 0x7
 1153 004b 35       		.uleb128 0x35
 1154 004c 00       		.byte	0
 1155 004d 49       		.uleb128 0x49
 1156 004e 13       		.uleb128 0x13
 1157 004f 00       		.byte	0
 1158 0050 00       		.byte	0
 1159 0051 08       		.uleb128 0x8
 1160 0052 13       		.uleb128 0x13
 1161 0053 01       		.byte	0x1
 1162 0054 0B       		.uleb128 0xb
 1163 0055 0B       		.uleb128 0xb
 1164 0056 3A       		.uleb128 0x3a
 1165 0057 0B       		.uleb128 0xb
 1166 0058 3B       		.uleb128 0x3b
 1167 0059 0B       		.uleb128 0xb
 1168 005a 01       		.uleb128 0x1
 1169 005b 13       		.uleb128 0x13
 1170 005c 00       		.byte	0
 1171 005d 00       		.byte	0
 1172 005e 09       		.uleb128 0x9
 1173 005f 0D       		.uleb128 0xd
 1174 0060 00       		.byte	0
 1175 0061 03       		.uleb128 0x3
 1176 0062 0E       		.uleb128 0xe
 1177 0063 3A       		.uleb128 0x3a
 1178 0064 0B       		.uleb128 0xb
 1179 0065 3B       		.uleb128 0x3b
 1180 0066 0B       		.uleb128 0xb
 1181 0067 49       		.uleb128 0x49
 1182 0068 13       		.uleb128 0x13
ARM GAS  C:\Users\Arturo\AppData\Local\Temp\cccIaP96.s 			page 29


 1183 0069 38       		.uleb128 0x38
 1184 006a 0B       		.uleb128 0xb
 1185 006b 00       		.byte	0
 1186 006c 00       		.byte	0
 1187 006d 0A       		.uleb128 0xa
 1188 006e 2E       		.uleb128 0x2e
 1189 006f 01       		.byte	0x1
 1190 0070 03       		.uleb128 0x3
 1191 0071 0E       		.uleb128 0xe
 1192 0072 3A       		.uleb128 0x3a
 1193 0073 0B       		.uleb128 0xb
 1194 0074 3B       		.uleb128 0x3b
 1195 0075 0B       		.uleb128 0xb
 1196 0076 27       		.uleb128 0x27
 1197 0077 19       		.uleb128 0x19
 1198 0078 11       		.uleb128 0x11
 1199 0079 01       		.uleb128 0x1
 1200 007a 12       		.uleb128 0x12
 1201 007b 06       		.uleb128 0x6
 1202 007c 40       		.uleb128 0x40
 1203 007d 18       		.uleb128 0x18
 1204 007e 9642     		.uleb128 0x2116
 1205 0080 19       		.uleb128 0x19
 1206 0081 01       		.uleb128 0x1
 1207 0082 13       		.uleb128 0x13
 1208 0083 00       		.byte	0
 1209 0084 00       		.byte	0
 1210 0085 0B       		.uleb128 0xb
 1211 0086 05       		.uleb128 0x5
 1212 0087 00       		.byte	0
 1213 0088 03       		.uleb128 0x3
 1214 0089 08       		.uleb128 0x8
 1215 008a 3A       		.uleb128 0x3a
 1216 008b 0B       		.uleb128 0xb
 1217 008c 3B       		.uleb128 0x3b
 1218 008d 0B       		.uleb128 0xb
 1219 008e 49       		.uleb128 0x49
 1220 008f 13       		.uleb128 0x13
 1221 0090 02       		.uleb128 0x2
 1222 0091 18       		.uleb128 0x18
 1223 0092 00       		.byte	0
 1224 0093 00       		.byte	0
 1225 0094 0C       		.uleb128 0xc
 1226 0095 05       		.uleb128 0x5
 1227 0096 00       		.byte	0
 1228 0097 03       		.uleb128 0x3
 1229 0098 0E       		.uleb128 0xe
 1230 0099 3A       		.uleb128 0x3a
 1231 009a 0B       		.uleb128 0xb
 1232 009b 3B       		.uleb128 0x3b
 1233 009c 0B       		.uleb128 0xb
 1234 009d 49       		.uleb128 0x49
 1235 009e 13       		.uleb128 0x13
 1236 009f 02       		.uleb128 0x2
 1237 00a0 18       		.uleb128 0x18
 1238 00a1 00       		.byte	0
 1239 00a2 00       		.byte	0
ARM GAS  C:\Users\Arturo\AppData\Local\Temp\cccIaP96.s 			page 30


 1240 00a3 0D       		.uleb128 0xd
 1241 00a4 0F       		.uleb128 0xf
 1242 00a5 00       		.byte	0
 1243 00a6 0B       		.uleb128 0xb
 1244 00a7 0B       		.uleb128 0xb
 1245 00a8 49       		.uleb128 0x49
 1246 00a9 13       		.uleb128 0x13
 1247 00aa 00       		.byte	0
 1248 00ab 00       		.byte	0
 1249 00ac 0E       		.uleb128 0xe
 1250 00ad 26       		.uleb128 0x26
 1251 00ae 00       		.byte	0
 1252 00af 00       		.byte	0
 1253 00b0 00       		.byte	0
 1254 00b1 0F       		.uleb128 0xf
 1255 00b2 2E       		.uleb128 0x2e
 1256 00b3 01       		.byte	0x1
 1257 00b4 03       		.uleb128 0x3
 1258 00b5 0E       		.uleb128 0xe
 1259 00b6 3A       		.uleb128 0x3a
 1260 00b7 0B       		.uleb128 0xb
 1261 00b8 3B       		.uleb128 0x3b
 1262 00b9 0B       		.uleb128 0xb
 1263 00ba 27       		.uleb128 0x27
 1264 00bb 19       		.uleb128 0x19
 1265 00bc 11       		.uleb128 0x11
 1266 00bd 01       		.uleb128 0x1
 1267 00be 12       		.uleb128 0x12
 1268 00bf 06       		.uleb128 0x6
 1269 00c0 40       		.uleb128 0x40
 1270 00c1 18       		.uleb128 0x18
 1271 00c2 9742     		.uleb128 0x2117
 1272 00c4 19       		.uleb128 0x19
 1273 00c5 01       		.uleb128 0x1
 1274 00c6 13       		.uleb128 0x13
 1275 00c7 00       		.byte	0
 1276 00c8 00       		.byte	0
 1277 00c9 10       		.uleb128 0x10
 1278 00ca 34       		.uleb128 0x34
 1279 00cb 00       		.byte	0
 1280 00cc 03       		.uleb128 0x3
 1281 00cd 08       		.uleb128 0x8
 1282 00ce 3A       		.uleb128 0x3a
 1283 00cf 0B       		.uleb128 0xb
 1284 00d0 3B       		.uleb128 0x3b
 1285 00d1 0B       		.uleb128 0xb
 1286 00d2 49       		.uleb128 0x49
 1287 00d3 13       		.uleb128 0x13
 1288 00d4 02       		.uleb128 0x2
 1289 00d5 18       		.uleb128 0x18
 1290 00d6 00       		.byte	0
 1291 00d7 00       		.byte	0
 1292 00d8 11       		.uleb128 0x11
 1293 00d9 0B       		.uleb128 0xb
 1294 00da 01       		.byte	0x1
 1295 00db 11       		.uleb128 0x11
 1296 00dc 01       		.uleb128 0x1
ARM GAS  C:\Users\Arturo\AppData\Local\Temp\cccIaP96.s 			page 31


 1297 00dd 12       		.uleb128 0x12
 1298 00de 06       		.uleb128 0x6
 1299 00df 00       		.byte	0
 1300 00e0 00       		.byte	0
 1301 00e1 12       		.uleb128 0x12
 1302 00e2 34       		.uleb128 0x34
 1303 00e3 00       		.byte	0
 1304 00e4 03       		.uleb128 0x3
 1305 00e5 0E       		.uleb128 0xe
 1306 00e6 3A       		.uleb128 0x3a
 1307 00e7 0B       		.uleb128 0xb
 1308 00e8 3B       		.uleb128 0x3b
 1309 00e9 0B       		.uleb128 0xb
 1310 00ea 49       		.uleb128 0x49
 1311 00eb 13       		.uleb128 0x13
 1312 00ec 02       		.uleb128 0x2
 1313 00ed 18       		.uleb128 0x18
 1314 00ee 00       		.byte	0
 1315 00ef 00       		.byte	0
 1316 00f0 13       		.uleb128 0x13
 1317 00f1 26       		.uleb128 0x26
 1318 00f2 00       		.byte	0
 1319 00f3 49       		.uleb128 0x49
 1320 00f4 13       		.uleb128 0x13
 1321 00f5 00       		.byte	0
 1322 00f6 00       		.byte	0
 1323 00f7 14       		.uleb128 0x14
 1324 00f8 2E       		.uleb128 0x2e
 1325 00f9 00       		.byte	0
 1326 00fa 03       		.uleb128 0x3
 1327 00fb 0E       		.uleb128 0xe
 1328 00fc 3A       		.uleb128 0x3a
 1329 00fd 0B       		.uleb128 0xb
 1330 00fe 3B       		.uleb128 0x3b
 1331 00ff 0B       		.uleb128 0xb
 1332 0100 27       		.uleb128 0x27
 1333 0101 19       		.uleb128 0x19
 1334 0102 11       		.uleb128 0x11
 1335 0103 01       		.uleb128 0x1
 1336 0104 12       		.uleb128 0x12
 1337 0105 06       		.uleb128 0x6
 1338 0106 40       		.uleb128 0x40
 1339 0107 18       		.uleb128 0x18
 1340 0108 9642     		.uleb128 0x2116
 1341 010a 19       		.uleb128 0x19
 1342 010b 00       		.byte	0
 1343 010c 00       		.byte	0
 1344 010d 15       		.uleb128 0x15
 1345 010e 2E       		.uleb128 0x2e
 1346 010f 00       		.byte	0
 1347 0110 03       		.uleb128 0x3
 1348 0111 0E       		.uleb128 0xe
 1349 0112 3A       		.uleb128 0x3a
 1350 0113 0B       		.uleb128 0xb
 1351 0114 3B       		.uleb128 0x3b
 1352 0115 05       		.uleb128 0x5
 1353 0116 27       		.uleb128 0x27
ARM GAS  C:\Users\Arturo\AppData\Local\Temp\cccIaP96.s 			page 32


 1354 0117 19       		.uleb128 0x19
 1355 0118 11       		.uleb128 0x11
 1356 0119 01       		.uleb128 0x1
 1357 011a 12       		.uleb128 0x12
 1358 011b 06       		.uleb128 0x6
 1359 011c 40       		.uleb128 0x40
 1360 011d 18       		.uleb128 0x18
 1361 011e 9742     		.uleb128 0x2117
 1362 0120 19       		.uleb128 0x19
 1363 0121 00       		.byte	0
 1364 0122 00       		.byte	0
 1365 0123 16       		.uleb128 0x16
 1366 0124 2E       		.uleb128 0x2e
 1367 0125 01       		.byte	0x1
 1368 0126 3F       		.uleb128 0x3f
 1369 0127 19       		.uleb128 0x19
 1370 0128 03       		.uleb128 0x3
 1371 0129 0E       		.uleb128 0xe
 1372 012a 3A       		.uleb128 0x3a
 1373 012b 0B       		.uleb128 0xb
 1374 012c 3B       		.uleb128 0x3b
 1375 012d 05       		.uleb128 0x5
 1376 012e 27       		.uleb128 0x27
 1377 012f 19       		.uleb128 0x19
 1378 0130 11       		.uleb128 0x11
 1379 0131 01       		.uleb128 0x1
 1380 0132 12       		.uleb128 0x12
 1381 0133 06       		.uleb128 0x6
 1382 0134 40       		.uleb128 0x40
 1383 0135 18       		.uleb128 0x18
 1384 0136 9642     		.uleb128 0x2116
 1385 0138 19       		.uleb128 0x19
 1386 0139 01       		.uleb128 0x1
 1387 013a 13       		.uleb128 0x13
 1388 013b 00       		.byte	0
 1389 013c 00       		.byte	0
 1390 013d 17       		.uleb128 0x17
 1391 013e 34       		.uleb128 0x34
 1392 013f 00       		.byte	0
 1393 0140 03       		.uleb128 0x3
 1394 0141 0E       		.uleb128 0xe
 1395 0142 3A       		.uleb128 0x3a
 1396 0143 0B       		.uleb128 0xb
 1397 0144 3B       		.uleb128 0x3b
 1398 0145 05       		.uleb128 0x5
 1399 0146 49       		.uleb128 0x49
 1400 0147 13       		.uleb128 0x13
 1401 0148 02       		.uleb128 0x2
 1402 0149 18       		.uleb128 0x18
 1403 014a 00       		.byte	0
 1404 014b 00       		.byte	0
 1405 014c 18       		.uleb128 0x18
 1406 014d 13       		.uleb128 0x13
 1407 014e 01       		.byte	0x1
 1408 014f 0B       		.uleb128 0xb
 1409 0150 0B       		.uleb128 0xb
 1410 0151 3A       		.uleb128 0x3a
ARM GAS  C:\Users\Arturo\AppData\Local\Temp\cccIaP96.s 			page 33


 1411 0152 0B       		.uleb128 0xb
 1412 0153 3B       		.uleb128 0x3b
 1413 0154 05       		.uleb128 0x5
 1414 0155 01       		.uleb128 0x1
 1415 0156 13       		.uleb128 0x13
 1416 0157 00       		.byte	0
 1417 0158 00       		.byte	0
 1418 0159 19       		.uleb128 0x19
 1419 015a 0D       		.uleb128 0xd
 1420 015b 00       		.byte	0
 1421 015c 03       		.uleb128 0x3
 1422 015d 0E       		.uleb128 0xe
 1423 015e 3A       		.uleb128 0x3a
 1424 015f 0B       		.uleb128 0xb
 1425 0160 3B       		.uleb128 0x3b
 1426 0161 05       		.uleb128 0x5
 1427 0162 49       		.uleb128 0x49
 1428 0163 13       		.uleb128 0x13
 1429 0164 38       		.uleb128 0x38
 1430 0165 0B       		.uleb128 0xb
 1431 0166 00       		.byte	0
 1432 0167 00       		.byte	0
 1433 0168 1A       		.uleb128 0x1a
 1434 0169 01       		.uleb128 0x1
 1435 016a 01       		.byte	0x1
 1436 016b 49       		.uleb128 0x49
 1437 016c 13       		.uleb128 0x13
 1438 016d 01       		.uleb128 0x1
 1439 016e 13       		.uleb128 0x13
 1440 016f 00       		.byte	0
 1441 0170 00       		.byte	0
 1442 0171 1B       		.uleb128 0x1b
 1443 0172 21       		.uleb128 0x21
 1444 0173 00       		.byte	0
 1445 0174 49       		.uleb128 0x49
 1446 0175 13       		.uleb128 0x13
 1447 0176 2F       		.uleb128 0x2f
 1448 0177 0B       		.uleb128 0xb
 1449 0178 00       		.byte	0
 1450 0179 00       		.byte	0
 1451 017a 1C       		.uleb128 0x1c
 1452 017b 34       		.uleb128 0x34
 1453 017c 00       		.byte	0
 1454 017d 03       		.uleb128 0x3
 1455 017e 08       		.uleb128 0x8
 1456 017f 3A       		.uleb128 0x3a
 1457 0180 0B       		.uleb128 0xb
 1458 0181 3B       		.uleb128 0x3b
 1459 0182 05       		.uleb128 0x5
 1460 0183 49       		.uleb128 0x49
 1461 0184 13       		.uleb128 0x13
 1462 0185 02       		.uleb128 0x2
 1463 0186 18       		.uleb128 0x18
 1464 0187 00       		.byte	0
 1465 0188 00       		.byte	0
 1466 0189 00       		.byte	0
 1467              		.section	.debug_aranges,"",%progbits
ARM GAS  C:\Users\Arturo\AppData\Local\Temp\cccIaP96.s 			page 34


 1468 0000 4C000000 		.4byte	0x4c
 1469 0004 0200     		.2byte	0x2
 1470 0006 00000000 		.4byte	.Ldebug_info0
 1471 000a 04       		.byte	0x4
 1472 000b 00       		.byte	0
 1473 000c 0000     		.2byte	0
 1474 000e 0000     		.2byte	0
 1475 0010 00000000 		.4byte	.LFB0
 1476 0014 1E000000 		.4byte	.LFE0-.LFB0
 1477 0018 00000000 		.4byte	.LFB1
 1478 001c 20000000 		.4byte	.LFE1-.LFB1
 1479 0020 00000000 		.4byte	.LFB2
 1480 0024 20000000 		.4byte	.LFE2-.LFB2
 1481 0028 00000000 		.4byte	.LFB3
 1482 002c 82000000 		.4byte	.LFE3-.LFB3
 1483 0030 00000000 		.4byte	.LFB4
 1484 0034 84000000 		.4byte	.LFE4-.LFB4
 1485 0038 00000000 		.4byte	.LFB5
 1486 003c 0A000000 		.4byte	.LFE5-.LFB5
 1487 0040 84000000 		.4byte	.LFB6
 1488 0044 14010000 		.4byte	.LFE6-.LFB6
 1489 0048 00000000 		.4byte	0
 1490 004c 00000000 		.4byte	0
 1491              		.section	.debug_ranges,"",%progbits
 1492              	.Ldebug_ranges0:
 1493 0000 00000000 		.4byte	.LFB0
 1494 0004 1E000000 		.4byte	.LFE0
 1495 0008 00000000 		.4byte	.LFB1
 1496 000c 20000000 		.4byte	.LFE1
 1497 0010 00000000 		.4byte	.LFB2
 1498 0014 20000000 		.4byte	.LFE2
 1499 0018 00000000 		.4byte	.LFB3
 1500 001c 82000000 		.4byte	.LFE3
 1501 0020 00000000 		.4byte	.LFB4
 1502 0024 84000000 		.4byte	.LFE4
 1503 0028 00000000 		.4byte	.LFB5
 1504 002c 0A000000 		.4byte	.LFE5
 1505 0030 84000000 		.4byte	.LFB6
 1506 0034 98010000 		.4byte	.LFE6
 1507 0038 00000000 		.4byte	0
 1508 003c 00000000 		.4byte	0
 1509              		.section	.debug_line,"",%progbits
 1510              	.Ldebug_line0:
 1511 0000 8A010000 		.section	.debug_str,"MS",%progbits,1
 1511      0200CB00 
 1511      00000201 
 1511      FB0E0D00 
 1511      01010101 
 1512              	.LASF19:
 1513 0000 72656733 		.ascii	"reg32\000"
 1513      3200
 1514              	.LASF12:
 1515 0006 73697A65 		.ascii	"size_t\000"
 1515      5F7400
 1516              	.LASF33:
 1517 000d 416E616C 		.ascii	"AnalogSetDefault\000"
 1517      6F675365 
ARM GAS  C:\Users\Arturo\AppData\Local\Temp\cccIaP96.s 			page 35


 1517      74446566 
 1517      61756C74 
 1517      00
 1518              	.LASF21:
 1519 001e 76616C75 		.ascii	"value\000"
 1519      6500
 1520              	.LASF31:
 1521 0024 636F756E 		.ascii	"count\000"
 1521      7400
 1522              	.LASF32:
 1523 002a 436C6F63 		.ascii	"ClockSetup\000"
 1523      6B536574 
 1523      757000
 1524              	.LASF34:
 1525 0035 63795F63 		.ascii	"cy_cfg_addr_table\000"
 1525      66675F61 
 1525      6464725F 
 1525      7461626C 
 1525      6500
 1526              	.LASF35:
 1527 0047 63795F63 		.ascii	"cy_cfg_data_table\000"
 1527      66675F64 
 1527      6174615F 
 1527      7461626C 
 1527      6500
 1528              	.LASF16:
 1529 0059 666C6F61 		.ascii	"float\000"
 1529      7400
 1530              	.LASF25:
 1531 005f 64657374 		.ascii	"dest\000"
 1531      00
 1532              	.LASF39:
 1533 0064 6366675F 		.ascii	"cfg_memset_list\000"
 1533      6D656D73 
 1533      65745F6C 
 1533      69737400 
 1534              	.LASF37:
 1535 0074 73697A65 		.ascii	"size\000"
 1535      00
 1536              	.LASF18:
 1537 0079 72656738 		.ascii	"reg8\000"
 1537      00
 1538              	.LASF8:
 1539 007e 6C6F6E67 		.ascii	"long unsigned int\000"
 1539      20756E73 
 1539      69676E65 
 1539      6420696E 
 1539      7400
 1540              	.LASF13:
 1541 0090 75696E74 		.ascii	"uint8\000"
 1541      3800
 1542              	.LASF23:
 1543 0096 43594D45 		.ascii	"CYMEMZERO\000"
 1543      4D5A4552 
 1543      4F00
 1544              	.LASF40:
 1545 00a0 474E5520 		.ascii	"GNU C11 5.4.1 20160609 (release) [ARM/embedded-5-br"
ARM GAS  C:\Users\Arturo\AppData\Local\Temp\cccIaP96.s 			page 36


 1545      43313120 
 1545      352E342E 
 1545      31203230 
 1545      31363036 
 1546 00d3 616E6368 		.ascii	"anch revision 237715] -mcpu=cortex-m0 -mthumb -g -O"
 1546      20726576 
 1546      6973696F 
 1546      6E203233 
 1546      37373135 
 1547 0106 30202D66 		.ascii	"0 -ffunction-sections -ffat-lto-objects\000"
 1547      66756E63 
 1547      74696F6E 
 1547      2D736563 
 1547      74696F6E 
 1548              	.LASF4:
 1549 012e 756E7369 		.ascii	"unsigned char\000"
 1549      676E6564 
 1549      20636861 
 1549      7200
 1550              	.LASF17:
 1551 013c 646F7562 		.ascii	"double\000"
 1551      6C6500
 1552              	.LASF27:
 1553 0143 6366675F 		.ascii	"cfg_write_bytes32\000"
 1553      77726974 
 1553      655F6279 
 1553      74657333 
 1553      3200
 1554              	.LASF43:
 1555 0155 63796669 		.ascii	"cyfitter_cfg\000"
 1555      74746572 
 1555      5F636667 
 1555      00
 1556              	.LASF28:
 1557 0162 61646472 		.ascii	"addr_table\000"
 1557      5F746162 
 1557      6C6500
 1558              	.LASF14:
 1559 016d 75696E74 		.ascii	"uint16\000"
 1559      313600
 1560              	.LASF29:
 1561 0174 64617461 		.ascii	"data_table\000"
 1561      5F746162 
 1561      6C6500
 1562              	.LASF15:
 1563 017f 75696E74 		.ascii	"uint32\000"
 1563      333200
 1564              	.LASF0:
 1565 0186 756E7369 		.ascii	"unsigned int\000"
 1565      676E6564 
 1565      20696E74 
 1565      00
 1566              	.LASF36:
 1567 0193 61646472 		.ascii	"address\000"
 1567      65737300 
 1568              	.LASF9:
 1569 019b 6C6F6E67 		.ascii	"long long unsigned int\000"
ARM GAS  C:\Users\Arturo\AppData\Local\Temp\cccIaP96.s 			page 37


 1569      206C6F6E 
 1569      6720756E 
 1569      7369676E 
 1569      65642069 
 1570              	.LASF38:
 1571 01b2 6366675F 		.ascii	"cfg_memset_t\000"
 1571      6D656D73 
 1571      65745F74 
 1571      00
 1572              	.LASF30:
 1573 01bf 62617365 		.ascii	"baseAddr\000"
 1573      41646472 
 1573      00
 1574              	.LASF10:
 1575 01c8 73697A65 		.ascii	"sizetype\000"
 1575      74797065 
 1575      00
 1576              	.LASF6:
 1577 01d1 73686F72 		.ascii	"short unsigned int\000"
 1577      7420756E 
 1577      7369676E 
 1577      65642069 
 1577      6E7400
 1578              	.LASF1:
 1579 01e4 6C6F6E67 		.ascii	"long long int\000"
 1579      206C6F6E 
 1579      6720696E 
 1579      7400
 1580              	.LASF11:
 1581 01f2 63686172 		.ascii	"char\000"
 1581      00
 1582              	.LASF22:
 1583 01f7 63795F63 		.ascii	"cy_cfg_addrvalue_t\000"
 1583      66675F61 
 1583      64647276 
 1583      616C7565 
 1583      5F7400
 1584              	.LASF20:
 1585 020a 6F666673 		.ascii	"offset\000"
 1585      657400
 1586              	.LASF5:
 1587 0211 73686F72 		.ascii	"short int\000"
 1587      7420696E 
 1587      7400
 1588              	.LASF7:
 1589 021b 6C6F6E67 		.ascii	"long int\000"
 1589      20696E74 
 1589      00
 1590              	.LASF2:
 1591 0224 6C6F6E67 		.ascii	"long double\000"
 1591      20646F75 
 1591      626C6500 
 1592              	.LASF42:
 1593 0230 433A5C55 		.ascii	"C:\\Users\\Arturo\\Documents\\MSC\\Subjects\\MDiscr"
 1593      73657273 
 1593      5C417274 
 1593      75726F5C 
ARM GAS  C:\Users\Arturo\AppData\Local\Temp\cccIaP96.s 			page 38


 1593      446F6375 
 1594 025d 65746173 		.ascii	"etas\\Test\\Liquid Crystal Display.cydsn\000"
 1594      5C546573 
 1594      745C4C69 
 1594      71756964 
 1594      20437279 
 1595              	.LASF3:
 1596 0284 7369676E 		.ascii	"signed char\000"
 1596      65642063 
 1596      68617200 
 1597              	.LASF41:
 1598 0290 47656E65 		.ascii	"Generated_Source\\PSoC4\\cyfitter_cfg.c\000"
 1598      72617465 
 1598      645F536F 
 1598      75726365 
 1598      5C50536F 
 1599              	.LASF26:
 1600 02b6 4359434F 		.ascii	"CYCONFIGCPYCODE\000"
 1600      4E464947 
 1600      43505943 
 1600      4F444500 
 1601              	.LASF24:
 1602 02c6 4359434F 		.ascii	"CYCONFIGCPY\000"
 1602      4E464947 
 1602      43505900 
 1603              		.ident	"GCC: (GNU Tools for ARM Embedded Processors) 5.4.1 20160609 (release) [ARM/embedded-5-bran
