ARM GAS  C:\Users\Arturo\AppData\Local\Temp\ccYR2wjg.s 			page 1


   1              		.syntax unified
   2              		.cpu cortex-m0
   3              		.fpu softvfp
   4              		.eabi_attribute 20, 1
   5              		.eabi_attribute 21, 1
   6              		.eabi_attribute 23, 3
   7              		.eabi_attribute 24, 1
   8              		.eabi_attribute 25, 1
   9              		.eabi_attribute 26, 1
  10              		.eabi_attribute 30, 6
  11              		.eabi_attribute 34, 0
  12              		.eabi_attribute 18, 4
  13              		.thumb
  14              		.syntax unified
  15              		.file	"cyfitter_cfg.c"
  16              		.text
  17              	.Ltext0:
  18              		.cfi_sections	.debug_frame
  19              		.section	.text.CYMEMZERO,"ax",%progbits
  20              		.align	2
  21              		.code	16
  22              		.thumb_func
  23              		.type	CYMEMZERO, %function
  24              	CYMEMZERO:
  25              	.LFB0:
  26              		.file 1 "Generated_Source\\PSoC4\\cyfitter_cfg.c"
   1:Generated_Source\PSoC4/cyfitter_cfg.c **** 
   2:Generated_Source\PSoC4/cyfitter_cfg.c **** /*******************************************************************************
   3:Generated_Source\PSoC4/cyfitter_cfg.c **** * File Name: cyfitter_cfg.c
   4:Generated_Source\PSoC4/cyfitter_cfg.c **** * 
   5:Generated_Source\PSoC4/cyfitter_cfg.c **** * PSoC Creator  4.2
   6:Generated_Source\PSoC4/cyfitter_cfg.c **** *
   7:Generated_Source\PSoC4/cyfitter_cfg.c **** * Description:
   8:Generated_Source\PSoC4/cyfitter_cfg.c **** * This file contains device initialization code.
   9:Generated_Source\PSoC4/cyfitter_cfg.c **** * Except for the user defined sections in CyClockStartupError(), this file should not be modified.
  10:Generated_Source\PSoC4/cyfitter_cfg.c **** * This file is automatically generated by PSoC Creator.
  11:Generated_Source\PSoC4/cyfitter_cfg.c **** *
  12:Generated_Source\PSoC4/cyfitter_cfg.c **** ********************************************************************************
  13:Generated_Source\PSoC4/cyfitter_cfg.c **** * Copyright (c) 2007-2018 Cypress Semiconductor.  All rights reserved.
  14:Generated_Source\PSoC4/cyfitter_cfg.c **** * You may use this file only in accordance with the license, terms, conditions, 
  15:Generated_Source\PSoC4/cyfitter_cfg.c **** * disclaimers, and limitations in the end user license agreement accompanying 
  16:Generated_Source\PSoC4/cyfitter_cfg.c **** * the software package with which this file was provided.
  17:Generated_Source\PSoC4/cyfitter_cfg.c **** ********************************************************************************/
  18:Generated_Source\PSoC4/cyfitter_cfg.c **** 
  19:Generated_Source\PSoC4/cyfitter_cfg.c **** #include <string.h>
  20:Generated_Source\PSoC4/cyfitter_cfg.c **** #include "cytypes.h"
  21:Generated_Source\PSoC4/cyfitter_cfg.c **** #include "cydevice_trm.h"
  22:Generated_Source\PSoC4/cyfitter_cfg.c **** #include "cyfitter.h"
  23:Generated_Source\PSoC4/cyfitter_cfg.c **** #include "CyLib.h"
  24:Generated_Source\PSoC4/cyfitter_cfg.c **** #include "cyfitter_cfg.h"
  25:Generated_Source\PSoC4/cyfitter_cfg.c **** 
  26:Generated_Source\PSoC4/cyfitter_cfg.c **** 
  27:Generated_Source\PSoC4/cyfitter_cfg.c **** #if defined(__GNUC__) || defined(__ARMCC_VERSION)
  28:Generated_Source\PSoC4/cyfitter_cfg.c ****     #define CYPACKED 
  29:Generated_Source\PSoC4/cyfitter_cfg.c ****     #define CYPACKED_ATTR __attribute__ ((packed))
  30:Generated_Source\PSoC4/cyfitter_cfg.c ****     #define CYALIGNED __attribute__ ((aligned))
  31:Generated_Source\PSoC4/cyfitter_cfg.c ****     #define CY_CFG_UNUSED __attribute__ ((unused))
ARM GAS  C:\Users\Arturo\AppData\Local\Temp\ccYR2wjg.s 			page 2


  32:Generated_Source\PSoC4/cyfitter_cfg.c ****     #ifndef CY_CFG_SECTION
  33:Generated_Source\PSoC4/cyfitter_cfg.c ****         #define CY_CFG_SECTION __attribute__ ((section(".psocinit")))
  34:Generated_Source\PSoC4/cyfitter_cfg.c ****     #endif
  35:Generated_Source\PSoC4/cyfitter_cfg.c ****     
  36:Generated_Source\PSoC4/cyfitter_cfg.c ****     #if defined(__ARMCC_VERSION)
  37:Generated_Source\PSoC4/cyfitter_cfg.c ****         #define CY_CFG_MEMORY_BARRIER() __memory_changed()
  38:Generated_Source\PSoC4/cyfitter_cfg.c ****     #else
  39:Generated_Source\PSoC4/cyfitter_cfg.c ****         #define CY_CFG_MEMORY_BARRIER() __sync_synchronize()
  40:Generated_Source\PSoC4/cyfitter_cfg.c ****     #endif
  41:Generated_Source\PSoC4/cyfitter_cfg.c ****     
  42:Generated_Source\PSoC4/cyfitter_cfg.c **** #elif defined(__ICCARM__)
  43:Generated_Source\PSoC4/cyfitter_cfg.c ****     #include <intrinsics.h>
  44:Generated_Source\PSoC4/cyfitter_cfg.c **** 
  45:Generated_Source\PSoC4/cyfitter_cfg.c ****     #define CYPACKED __packed
  46:Generated_Source\PSoC4/cyfitter_cfg.c ****     #define CYPACKED_ATTR 
  47:Generated_Source\PSoC4/cyfitter_cfg.c ****     #define CYALIGNED _Pragma("data_alignment=4")
  48:Generated_Source\PSoC4/cyfitter_cfg.c ****     #define CY_CFG_UNUSED _Pragma("diag_suppress=Pe177")
  49:Generated_Source\PSoC4/cyfitter_cfg.c ****     #define CY_CFG_SECTION _Pragma("location=\".psocinit\"")
  50:Generated_Source\PSoC4/cyfitter_cfg.c ****     
  51:Generated_Source\PSoC4/cyfitter_cfg.c ****     #define CY_CFG_MEMORY_BARRIER() __DMB()
  52:Generated_Source\PSoC4/cyfitter_cfg.c ****     
  53:Generated_Source\PSoC4/cyfitter_cfg.c **** #else
  54:Generated_Source\PSoC4/cyfitter_cfg.c ****     #error Unsupported toolchain
  55:Generated_Source\PSoC4/cyfitter_cfg.c **** #endif
  56:Generated_Source\PSoC4/cyfitter_cfg.c **** 
  57:Generated_Source\PSoC4/cyfitter_cfg.c **** #ifndef CYCODE
  58:Generated_Source\PSoC4/cyfitter_cfg.c ****     #define CYCODE
  59:Generated_Source\PSoC4/cyfitter_cfg.c **** #endif
  60:Generated_Source\PSoC4/cyfitter_cfg.c **** #ifndef CYDATA
  61:Generated_Source\PSoC4/cyfitter_cfg.c ****     #define CYDATA
  62:Generated_Source\PSoC4/cyfitter_cfg.c **** #endif
  63:Generated_Source\PSoC4/cyfitter_cfg.c **** #ifndef CYFAR
  64:Generated_Source\PSoC4/cyfitter_cfg.c ****     #define CYFAR
  65:Generated_Source\PSoC4/cyfitter_cfg.c **** #endif
  66:Generated_Source\PSoC4/cyfitter_cfg.c **** #ifndef CYXDATA
  67:Generated_Source\PSoC4/cyfitter_cfg.c ****     #define CYXDATA
  68:Generated_Source\PSoC4/cyfitter_cfg.c **** #endif
  69:Generated_Source\PSoC4/cyfitter_cfg.c **** 
  70:Generated_Source\PSoC4/cyfitter_cfg.c **** 
  71:Generated_Source\PSoC4/cyfitter_cfg.c **** CY_CFG_UNUSED
  72:Generated_Source\PSoC4/cyfitter_cfg.c **** static void CYMEMZERO(void *s, size_t n);
  73:Generated_Source\PSoC4/cyfitter_cfg.c **** CY_CFG_UNUSED
  74:Generated_Source\PSoC4/cyfitter_cfg.c **** static void CYMEMZERO(void *s, size_t n)
  75:Generated_Source\PSoC4/cyfitter_cfg.c **** {
  27              		.loc 1 75 0
  28              		.cfi_startproc
  29              		@ args = 0, pretend = 0, frame = 8
  30              		@ frame_needed = 1, uses_anonymous_args = 0
  31 0000 80B5     		push	{r7, lr}
  32              		.cfi_def_cfa_offset 8
  33              		.cfi_offset 7, -8
  34              		.cfi_offset 14, -4
  35 0002 82B0     		sub	sp, sp, #8
  36              		.cfi_def_cfa_offset 16
  37 0004 00AF     		add	r7, sp, #0
  38              		.cfi_def_cfa_register 7
  39 0006 7860     		str	r0, [r7, #4]
ARM GAS  C:\Users\Arturo\AppData\Local\Temp\ccYR2wjg.s 			page 3


  40 0008 3960     		str	r1, [r7]
  76:Generated_Source\PSoC4/cyfitter_cfg.c **** 	(void)memset(s, 0, n);
  41              		.loc 1 76 0
  42 000a 3A68     		ldr	r2, [r7]
  43 000c 7B68     		ldr	r3, [r7, #4]
  44 000e 0021     		movs	r1, #0
  45 0010 1800     		movs	r0, r3
  46 0012 FFF7FEFF 		bl	memset
  77:Generated_Source\PSoC4/cyfitter_cfg.c **** }
  47              		.loc 1 77 0
  48 0016 C046     		nop
  49 0018 BD46     		mov	sp, r7
  50 001a 02B0     		add	sp, sp, #8
  51              		@ sp needed
  52 001c 80BD     		pop	{r7, pc}
  53              		.cfi_endproc
  54              	.LFE0:
  55              		.size	CYMEMZERO, .-CYMEMZERO
  56 001e C046     		.section	.text.CYCONFIGCPY,"ax",%progbits
  57              		.align	2
  58              		.code	16
  59              		.thumb_func
  60              		.type	CYCONFIGCPY, %function
  61              	CYCONFIGCPY:
  62              	.LFB1:
  78:Generated_Source\PSoC4/cyfitter_cfg.c **** CY_CFG_UNUSED
  79:Generated_Source\PSoC4/cyfitter_cfg.c **** static void CYCONFIGCPY(void *dest, const void *src, size_t n);
  80:Generated_Source\PSoC4/cyfitter_cfg.c **** CY_CFG_UNUSED
  81:Generated_Source\PSoC4/cyfitter_cfg.c **** static void CYCONFIGCPY(void *dest, const void *src, size_t n)
  82:Generated_Source\PSoC4/cyfitter_cfg.c **** {
  63              		.loc 1 82 0
  64              		.cfi_startproc
  65              		@ args = 0, pretend = 0, frame = 16
  66              		@ frame_needed = 1, uses_anonymous_args = 0
  67 0000 80B5     		push	{r7, lr}
  68              		.cfi_def_cfa_offset 8
  69              		.cfi_offset 7, -8
  70              		.cfi_offset 14, -4
  71 0002 84B0     		sub	sp, sp, #16
  72              		.cfi_def_cfa_offset 24
  73 0004 00AF     		add	r7, sp, #0
  74              		.cfi_def_cfa_register 7
  75 0006 F860     		str	r0, [r7, #12]
  76 0008 B960     		str	r1, [r7, #8]
  77 000a 7A60     		str	r2, [r7, #4]
  83:Generated_Source\PSoC4/cyfitter_cfg.c **** 	(void)memcpy(dest, src, n);
  78              		.loc 1 83 0
  79 000c 7A68     		ldr	r2, [r7, #4]
  80 000e B968     		ldr	r1, [r7, #8]
  81 0010 FB68     		ldr	r3, [r7, #12]
  82 0012 1800     		movs	r0, r3
  83 0014 FFF7FEFF 		bl	memcpy
  84:Generated_Source\PSoC4/cyfitter_cfg.c **** }
  84              		.loc 1 84 0
  85 0018 C046     		nop
  86 001a BD46     		mov	sp, r7
  87 001c 04B0     		add	sp, sp, #16
ARM GAS  C:\Users\Arturo\AppData\Local\Temp\ccYR2wjg.s 			page 4


  88              		@ sp needed
  89 001e 80BD     		pop	{r7, pc}
  90              		.cfi_endproc
  91              	.LFE1:
  92              		.size	CYCONFIGCPY, .-CYCONFIGCPY
  93              		.section	.text.CYCONFIGCPYCODE,"ax",%progbits
  94              		.align	2
  95              		.code	16
  96              		.thumb_func
  97              		.type	CYCONFIGCPYCODE, %function
  98              	CYCONFIGCPYCODE:
  99              	.LFB2:
  85:Generated_Source\PSoC4/cyfitter_cfg.c **** CY_CFG_UNUSED
  86:Generated_Source\PSoC4/cyfitter_cfg.c **** static void CYCONFIGCPYCODE(void *dest, const void *src, size_t n);
  87:Generated_Source\PSoC4/cyfitter_cfg.c **** CY_CFG_UNUSED
  88:Generated_Source\PSoC4/cyfitter_cfg.c **** static void CYCONFIGCPYCODE(void *dest, const void *src, size_t n)
  89:Generated_Source\PSoC4/cyfitter_cfg.c **** {
 100              		.loc 1 89 0
 101              		.cfi_startproc
 102              		@ args = 0, pretend = 0, frame = 16
 103              		@ frame_needed = 1, uses_anonymous_args = 0
 104 0000 80B5     		push	{r7, lr}
 105              		.cfi_def_cfa_offset 8
 106              		.cfi_offset 7, -8
 107              		.cfi_offset 14, -4
 108 0002 84B0     		sub	sp, sp, #16
 109              		.cfi_def_cfa_offset 24
 110 0004 00AF     		add	r7, sp, #0
 111              		.cfi_def_cfa_register 7
 112 0006 F860     		str	r0, [r7, #12]
 113 0008 B960     		str	r1, [r7, #8]
 114 000a 7A60     		str	r2, [r7, #4]
  90:Generated_Source\PSoC4/cyfitter_cfg.c **** 	(void)memcpy(dest, src, n);
 115              		.loc 1 90 0
 116 000c 7A68     		ldr	r2, [r7, #4]
 117 000e B968     		ldr	r1, [r7, #8]
 118 0010 FB68     		ldr	r3, [r7, #12]
 119 0012 1800     		movs	r0, r3
 120 0014 FFF7FEFF 		bl	memcpy
  91:Generated_Source\PSoC4/cyfitter_cfg.c **** }
 121              		.loc 1 91 0
 122 0018 C046     		nop
 123 001a BD46     		mov	sp, r7
 124 001c 04B0     		add	sp, sp, #16
 125              		@ sp needed
 126 001e 80BD     		pop	{r7, pc}
 127              		.cfi_endproc
 128              	.LFE2:
 129              		.size	CYCONFIGCPYCODE, .-CYCONFIGCPYCODE
 130              		.section	.text.cfg_write_bytes32,"ax",%progbits
 131              		.align	2
 132              		.code	16
 133              		.thumb_func
 134              		.type	cfg_write_bytes32, %function
 135              	cfg_write_bytes32:
 136              	.LFB3:
  92:Generated_Source\PSoC4/cyfitter_cfg.c **** 
ARM GAS  C:\Users\Arturo\AppData\Local\Temp\ccYR2wjg.s 			page 5


  93:Generated_Source\PSoC4/cyfitter_cfg.c **** 
  94:Generated_Source\PSoC4/cyfitter_cfg.c **** 
  95:Generated_Source\PSoC4/cyfitter_cfg.c **** 
  96:Generated_Source\PSoC4/cyfitter_cfg.c **** /* Clock startup error codes                                                   */
  97:Generated_Source\PSoC4/cyfitter_cfg.c **** #define CYCLOCKSTART_NO_ERROR    0u
  98:Generated_Source\PSoC4/cyfitter_cfg.c **** #define CYCLOCKSTART_XTAL_ERROR  1u
  99:Generated_Source\PSoC4/cyfitter_cfg.c **** #define CYCLOCKSTART_32KHZ_ERROR 2u
 100:Generated_Source\PSoC4/cyfitter_cfg.c **** #define CYCLOCKSTART_PLL_ERROR   3u
 101:Generated_Source\PSoC4/cyfitter_cfg.c **** #define CYCLOCKSTART_FLL_ERROR   4u
 102:Generated_Source\PSoC4/cyfitter_cfg.c **** #define CYCLOCKSTART_WCO_ERROR   5u
 103:Generated_Source\PSoC4/cyfitter_cfg.c **** 
 104:Generated_Source\PSoC4/cyfitter_cfg.c **** 
 105:Generated_Source\PSoC4/cyfitter_cfg.c **** #ifdef CY_NEED_CYCLOCKSTARTUPERROR
 106:Generated_Source\PSoC4/cyfitter_cfg.c **** /*******************************************************************************
 107:Generated_Source\PSoC4/cyfitter_cfg.c **** * Function Name: CyClockStartupError
 108:Generated_Source\PSoC4/cyfitter_cfg.c **** ********************************************************************************
 109:Generated_Source\PSoC4/cyfitter_cfg.c **** * Summary:
 110:Generated_Source\PSoC4/cyfitter_cfg.c **** *  If an error is encountered during clock configuration (crystal startup error,
 111:Generated_Source\PSoC4/cyfitter_cfg.c **** *  PLL lock error, etc.), the system will end up here.  Unless reimplemented by
 112:Generated_Source\PSoC4/cyfitter_cfg.c **** *  the customer, this function will stop in an infinite loop.
 113:Generated_Source\PSoC4/cyfitter_cfg.c **** *
 114:Generated_Source\PSoC4/cyfitter_cfg.c **** * Parameters:
 115:Generated_Source\PSoC4/cyfitter_cfg.c **** *   void
 116:Generated_Source\PSoC4/cyfitter_cfg.c **** *
 117:Generated_Source\PSoC4/cyfitter_cfg.c **** * Return:
 118:Generated_Source\PSoC4/cyfitter_cfg.c **** *   void
 119:Generated_Source\PSoC4/cyfitter_cfg.c **** *
 120:Generated_Source\PSoC4/cyfitter_cfg.c **** *******************************************************************************/
 121:Generated_Source\PSoC4/cyfitter_cfg.c **** CY_CFG_UNUSED
 122:Generated_Source\PSoC4/cyfitter_cfg.c **** static void CyClockStartupError(uint8 errorCode);
 123:Generated_Source\PSoC4/cyfitter_cfg.c **** CY_CFG_UNUSED
 124:Generated_Source\PSoC4/cyfitter_cfg.c **** static void CyClockStartupError(uint8 errorCode)
 125:Generated_Source\PSoC4/cyfitter_cfg.c **** {
 126:Generated_Source\PSoC4/cyfitter_cfg.c ****     /* To remove the compiler warning if errorCode not used.                */
 127:Generated_Source\PSoC4/cyfitter_cfg.c ****     errorCode = errorCode;
 128:Generated_Source\PSoC4/cyfitter_cfg.c **** 
 129:Generated_Source\PSoC4/cyfitter_cfg.c ****     /* If we have a clock startup error (bad MHz crystal, PLL lock, etc.),  */
 130:Generated_Source\PSoC4/cyfitter_cfg.c ****     /* we will end up here to allow the customer to implement something to  */
 131:Generated_Source\PSoC4/cyfitter_cfg.c ****     /* deal with the clock condition.                                       */
 132:Generated_Source\PSoC4/cyfitter_cfg.c **** 
 133:Generated_Source\PSoC4/cyfitter_cfg.c **** #ifdef CY_CFG_CLOCK_STARTUP_ERROR_CALLBACK
 134:Generated_Source\PSoC4/cyfitter_cfg.c ****     CY_CFG_Clock_Startup_ErrorCallback();
 135:Generated_Source\PSoC4/cyfitter_cfg.c **** #else
 136:Generated_Source\PSoC4/cyfitter_cfg.c ****     /*  If not using CY_CFG_CLOCK_STARTUP_ERROR_CALLBACK, place your clock startup code here. */
 137:Generated_Source\PSoC4/cyfitter_cfg.c ****     /* `#START CyClockStartupError` */
 138:Generated_Source\PSoC4/cyfitter_cfg.c **** 
 139:Generated_Source\PSoC4/cyfitter_cfg.c ****     /* If we have a clock startup error (bad MHz crystal, PLL lock, etc.),  */
 140:Generated_Source\PSoC4/cyfitter_cfg.c ****     /* we will end up here to allow the customer to implement something to  */
 141:Generated_Source\PSoC4/cyfitter_cfg.c ****     /* deal with the clock condition.                                       */
 142:Generated_Source\PSoC4/cyfitter_cfg.c **** 
 143:Generated_Source\PSoC4/cyfitter_cfg.c ****     /* `#END` */
 144:Generated_Source\PSoC4/cyfitter_cfg.c **** 
 145:Generated_Source\PSoC4/cyfitter_cfg.c ****     while(1) {}
 146:Generated_Source\PSoC4/cyfitter_cfg.c **** #endif /* CY_CFG_CLOCK_STARTUP_ERROR_CALLBACK */
 147:Generated_Source\PSoC4/cyfitter_cfg.c **** }
 148:Generated_Source\PSoC4/cyfitter_cfg.c **** #endif
 149:Generated_Source\PSoC4/cyfitter_cfg.c **** 
ARM GAS  C:\Users\Arturo\AppData\Local\Temp\ccYR2wjg.s 			page 6


 150:Generated_Source\PSoC4/cyfitter_cfg.c **** #define CY_CFG_BASE_ADDR_COUNT 5u
 151:Generated_Source\PSoC4/cyfitter_cfg.c **** CYPACKED typedef struct
 152:Generated_Source\PSoC4/cyfitter_cfg.c **** {
 153:Generated_Source\PSoC4/cyfitter_cfg.c **** 	uint8 offset;
 154:Generated_Source\PSoC4/cyfitter_cfg.c **** 	uint8 value;
 155:Generated_Source\PSoC4/cyfitter_cfg.c **** } CYPACKED_ATTR cy_cfg_addrvalue_t;
 156:Generated_Source\PSoC4/cyfitter_cfg.c **** 
 157:Generated_Source\PSoC4/cyfitter_cfg.c **** 
 158:Generated_Source\PSoC4/cyfitter_cfg.c **** 
 159:Generated_Source\PSoC4/cyfitter_cfg.c **** /*******************************************************************************
 160:Generated_Source\PSoC4/cyfitter_cfg.c **** * Function Name: cfg_write_bytes32
 161:Generated_Source\PSoC4/cyfitter_cfg.c **** ********************************************************************************
 162:Generated_Source\PSoC4/cyfitter_cfg.c **** * Summary:
 163:Generated_Source\PSoC4/cyfitter_cfg.c **** *  This function is used for setting up the chip configuration areas that
 164:Generated_Source\PSoC4/cyfitter_cfg.c **** *  contain relatively sparse data.
 165:Generated_Source\PSoC4/cyfitter_cfg.c **** *
 166:Generated_Source\PSoC4/cyfitter_cfg.c **** * Parameters:
 167:Generated_Source\PSoC4/cyfitter_cfg.c **** *   void
 168:Generated_Source\PSoC4/cyfitter_cfg.c **** *
 169:Generated_Source\PSoC4/cyfitter_cfg.c **** * Return:
 170:Generated_Source\PSoC4/cyfitter_cfg.c **** *   void
 171:Generated_Source\PSoC4/cyfitter_cfg.c **** *
 172:Generated_Source\PSoC4/cyfitter_cfg.c **** *******************************************************************************/
 173:Generated_Source\PSoC4/cyfitter_cfg.c **** static void cfg_write_bytes32(const uint32 addr_table[], const cy_cfg_addrvalue_t data_table[]);
 174:Generated_Source\PSoC4/cyfitter_cfg.c **** static void cfg_write_bytes32(const uint32 addr_table[], const cy_cfg_addrvalue_t data_table[])
 175:Generated_Source\PSoC4/cyfitter_cfg.c **** {
 137              		.loc 1 175 0
 138              		.cfi_startproc
 139              		@ args = 0, pretend = 0, frame = 24
 140              		@ frame_needed = 1, uses_anonymous_args = 0
 141 0000 80B5     		push	{r7, lr}
 142              		.cfi_def_cfa_offset 8
 143              		.cfi_offset 7, -8
 144              		.cfi_offset 14, -4
 145 0002 86B0     		sub	sp, sp, #24
 146              		.cfi_def_cfa_offset 32
 147 0004 00AF     		add	r7, sp, #0
 148              		.cfi_def_cfa_register 7
 149 0006 7860     		str	r0, [r7, #4]
 150 0008 3960     		str	r1, [r7]
 176:Generated_Source\PSoC4/cyfitter_cfg.c **** 	/* For 32-bit little-endian architectures */
 177:Generated_Source\PSoC4/cyfitter_cfg.c **** 	uint32 i, j = 0u;
 151              		.loc 1 177 0
 152 000a 0023     		movs	r3, #0
 153 000c 3B61     		str	r3, [r7, #16]
 178:Generated_Source\PSoC4/cyfitter_cfg.c **** 	for (i = 0u; i < CY_CFG_BASE_ADDR_COUNT; i++)
 154              		.loc 1 178 0
 155 000e 0023     		movs	r3, #0
 156 0010 7B61     		str	r3, [r7, #20]
 157 0012 2FE0     		b	.L5
 158              	.L8:
 159              	.LBB2:
 179:Generated_Source\PSoC4/cyfitter_cfg.c **** 	{
 180:Generated_Source\PSoC4/cyfitter_cfg.c **** 		uint32 baseAddr = addr_table[i];
 160              		.loc 1 180 0
 161 0014 7B69     		ldr	r3, [r7, #20]
 162 0016 9B00     		lsls	r3, r3, #2
ARM GAS  C:\Users\Arturo\AppData\Local\Temp\ccYR2wjg.s 			page 7


 163 0018 7A68     		ldr	r2, [r7, #4]
 164 001a D318     		adds	r3, r2, r3
 165 001c 1B68     		ldr	r3, [r3]
 166 001e BB60     		str	r3, [r7, #8]
 181:Generated_Source\PSoC4/cyfitter_cfg.c **** 		uint8 count = (uint8)baseAddr;
 167              		.loc 1 181 0
 168 0020 0F23     		movs	r3, #15
 169 0022 FB18     		adds	r3, r7, r3
 170 0024 BA68     		ldr	r2, [r7, #8]
 171 0026 1A70     		strb	r2, [r3]
 182:Generated_Source\PSoC4/cyfitter_cfg.c **** 		baseAddr &= 0xFFFFFF00u;
 172              		.loc 1 182 0
 173 0028 BB68     		ldr	r3, [r7, #8]
 174 002a FF22     		movs	r2, #255
 175 002c 9343     		bics	r3, r2
 176 002e BB60     		str	r3, [r7, #8]
 183:Generated_Source\PSoC4/cyfitter_cfg.c **** 		while (count != 0u)
 177              		.loc 1 183 0
 178 0030 18E0     		b	.L6
 179              	.L7:
 184:Generated_Source\PSoC4/cyfitter_cfg.c **** 		{
 185:Generated_Source\PSoC4/cyfitter_cfg.c **** 			CY_SET_REG8((void *)(baseAddr + data_table[j].offset), data_table[j].value);
 180              		.loc 1 185 0
 181 0032 3B69     		ldr	r3, [r7, #16]
 182 0034 5B00     		lsls	r3, r3, #1
 183 0036 3A68     		ldr	r2, [r7]
 184 0038 D318     		adds	r3, r2, r3
 185 003a 1B78     		ldrb	r3, [r3]
 186 003c 1A00     		movs	r2, r3
 187 003e BB68     		ldr	r3, [r7, #8]
 188 0040 D318     		adds	r3, r2, r3
 189 0042 1900     		movs	r1, r3
 190 0044 3B69     		ldr	r3, [r7, #16]
 191 0046 5B00     		lsls	r3, r3, #1
 192 0048 3A68     		ldr	r2, [r7]
 193 004a D318     		adds	r3, r2, r3
 194 004c 5B78     		ldrb	r3, [r3, #1]
 195 004e 0B70     		strb	r3, [r1]
 186:Generated_Source\PSoC4/cyfitter_cfg.c **** 			j++;
 196              		.loc 1 186 0
 197 0050 3B69     		ldr	r3, [r7, #16]
 198 0052 0133     		adds	r3, r3, #1
 199 0054 3B61     		str	r3, [r7, #16]
 187:Generated_Source\PSoC4/cyfitter_cfg.c **** 			count--;
 200              		.loc 1 187 0
 201 0056 0F23     		movs	r3, #15
 202 0058 FB18     		adds	r3, r7, r3
 203 005a 1A78     		ldrb	r2, [r3]
 204 005c 0F23     		movs	r3, #15
 205 005e FB18     		adds	r3, r7, r3
 206 0060 013A     		subs	r2, r2, #1
 207 0062 1A70     		strb	r2, [r3]
 208              	.L6:
 183:Generated_Source\PSoC4/cyfitter_cfg.c **** 		{
 209              		.loc 1 183 0
 210 0064 0F23     		movs	r3, #15
 211 0066 FB18     		adds	r3, r7, r3
ARM GAS  C:\Users\Arturo\AppData\Local\Temp\ccYR2wjg.s 			page 8


 212 0068 1B78     		ldrb	r3, [r3]
 213 006a 002B     		cmp	r3, #0
 214 006c E1D1     		bne	.L7
 215              	.LBE2:
 178:Generated_Source\PSoC4/cyfitter_cfg.c **** 	{
 216              		.loc 1 178 0 discriminator 2
 217 006e 7B69     		ldr	r3, [r7, #20]
 218 0070 0133     		adds	r3, r3, #1
 219 0072 7B61     		str	r3, [r7, #20]
 220              	.L5:
 178:Generated_Source\PSoC4/cyfitter_cfg.c **** 	{
 221              		.loc 1 178 0 is_stmt 0 discriminator 1
 222 0074 7B69     		ldr	r3, [r7, #20]
 223 0076 042B     		cmp	r3, #4
 224 0078 CCD9     		bls	.L8
 188:Generated_Source\PSoC4/cyfitter_cfg.c **** 		}
 189:Generated_Source\PSoC4/cyfitter_cfg.c **** 	}
 190:Generated_Source\PSoC4/cyfitter_cfg.c **** }
 225              		.loc 1 190 0 is_stmt 1
 226 007a C046     		nop
 227 007c BD46     		mov	sp, r7
 228 007e 06B0     		add	sp, sp, #24
 229              		@ sp needed
 230 0080 80BD     		pop	{r7, pc}
 231              		.cfi_endproc
 232              	.LFE3:
 233              		.size	cfg_write_bytes32, .-cfg_write_bytes32
 234 0082 C046     		.section	.psocinit,"ax",%progbits
 235              		.align	2
 236              		.code	16
 237              		.thumb_func
 238              		.type	ClockSetup, %function
 239              	ClockSetup:
 240              	.LFB4:
 191:Generated_Source\PSoC4/cyfitter_cfg.c **** 
 192:Generated_Source\PSoC4/cyfitter_cfg.c **** 
 193:Generated_Source\PSoC4/cyfitter_cfg.c **** /*******************************************************************************
 194:Generated_Source\PSoC4/cyfitter_cfg.c **** * Function Name: ClockSetup
 195:Generated_Source\PSoC4/cyfitter_cfg.c **** ********************************************************************************
 196:Generated_Source\PSoC4/cyfitter_cfg.c **** *
 197:Generated_Source\PSoC4/cyfitter_cfg.c **** * Summary:
 198:Generated_Source\PSoC4/cyfitter_cfg.c **** *   Performs the initialization of all of the clocks in the device based on the
 199:Generated_Source\PSoC4/cyfitter_cfg.c **** *   settings in the Clock tab of the DWR.  This includes enabling the requested
 200:Generated_Source\PSoC4/cyfitter_cfg.c **** *   clocks and setting the necessary dividers to produce the desired frequency. 
 201:Generated_Source\PSoC4/cyfitter_cfg.c **** *
 202:Generated_Source\PSoC4/cyfitter_cfg.c **** * Parameters:
 203:Generated_Source\PSoC4/cyfitter_cfg.c **** *   void
 204:Generated_Source\PSoC4/cyfitter_cfg.c **** *
 205:Generated_Source\PSoC4/cyfitter_cfg.c **** * Return:
 206:Generated_Source\PSoC4/cyfitter_cfg.c **** *   void
 207:Generated_Source\PSoC4/cyfitter_cfg.c **** *
 208:Generated_Source\PSoC4/cyfitter_cfg.c **** *******************************************************************************/
 209:Generated_Source\PSoC4/cyfitter_cfg.c **** static void ClockSetup(void);
 210:Generated_Source\PSoC4/cyfitter_cfg.c **** CY_CFG_SECTION
 211:Generated_Source\PSoC4/cyfitter_cfg.c **** static void ClockSetup(void)
 212:Generated_Source\PSoC4/cyfitter_cfg.c **** {
 241              		.loc 1 212 0
ARM GAS  C:\Users\Arturo\AppData\Local\Temp\ccYR2wjg.s 			page 9


 242              		.cfi_startproc
 243              		@ args = 0, pretend = 0, frame = 0
 244              		@ frame_needed = 1, uses_anonymous_args = 0
 245 0000 80B5     		push	{r7, lr}
 246              		.cfi_def_cfa_offset 8
 247              		.cfi_offset 7, -8
 248              		.cfi_offset 14, -4
 249 0002 00AF     		add	r7, sp, #0
 250              		.cfi_def_cfa_register 7
 213:Generated_Source\PSoC4/cyfitter_cfg.c **** 	/* Enable HALF_EN before trimming for the flash accelerator. */
 214:Generated_Source\PSoC4/cyfitter_cfg.c **** 	CY_SET_REG32((void CYXDATA *)(CYREG_CLK_SELECT), (CY_GET_REG32((void *)CYREG_CLK_SELECT) | 0x00040
 251              		.loc 1 214 0
 252 0004 144B     		ldr	r3, .L10
 253 0006 144A     		ldr	r2, .L10
 254 0008 1268     		ldr	r2, [r2]
 255 000a 8021     		movs	r1, #128
 256 000c C902     		lsls	r1, r1, #11
 257 000e 0A43     		orrs	r2, r1
 258 0010 1A60     		str	r2, [r3]
 215:Generated_Source\PSoC4/cyfitter_cfg.c **** 
 216:Generated_Source\PSoC4/cyfitter_cfg.c **** 	/* Setup and trim IMO based on desired frequency. */
 217:Generated_Source\PSoC4/cyfitter_cfg.c **** 	CySysClkWriteImoFreq(3u);
 259              		.loc 1 217 0
 260 0012 0320     		movs	r0, #3
 261 0014 FFF7FEFF 		bl	CySysClkWriteImoFreq
 218:Generated_Source\PSoC4/cyfitter_cfg.c **** 
 219:Generated_Source\PSoC4/cyfitter_cfg.c **** 	/* Disable HALF_EN since it is not required at this IMO frequency. */
 220:Generated_Source\PSoC4/cyfitter_cfg.c **** 	CY_SET_REG32((void CYXDATA *)(CYREG_CLK_SELECT), (CY_GET_REG32((void *)CYREG_CLK_SELECT) & 0xFFFBF
 262              		.loc 1 220 0
 263 0018 0F4B     		ldr	r3, .L10
 264 001a 0F4A     		ldr	r2, .L10
 265 001c 1268     		ldr	r2, [r2]
 266 001e 0F49     		ldr	r1, .L10+4
 267 0020 0A40     		ands	r2, r1
 268 0022 1A60     		str	r2, [r3]
 221:Generated_Source\PSoC4/cyfitter_cfg.c **** 	/* CYDEV_CLK_ILO_CONFIG Starting address: CYDEV_CLK_ILO_CONFIG */
 222:Generated_Source\PSoC4/cyfitter_cfg.c **** 	CY_SET_REG32((void *)(CYREG_CLK_ILO_CONFIG), 0x80000006u);
 269              		.loc 1 222 0
 270 0024 0E4B     		ldr	r3, .L10+8
 271 0026 0F4A     		ldr	r2, .L10+12
 272 0028 1A60     		str	r2, [r3]
 223:Generated_Source\PSoC4/cyfitter_cfg.c **** 
 224:Generated_Source\PSoC4/cyfitter_cfg.c **** 
 225:Generated_Source\PSoC4/cyfitter_cfg.c **** 	/* CYDEV_CLK_SELECT00 Starting address: CYDEV_CLK_SELECT00 */
 226:Generated_Source\PSoC4/cyfitter_cfg.c **** 	CY_SET_REG32((void *)(CYREG_CLK_SELECT12), 0x00000020u);
 273              		.loc 1 226 0
 274 002a 0F4B     		ldr	r3, .L10+16
 275 002c 2022     		movs	r2, #32
 276 002e 1A60     		str	r2, [r3]
 227:Generated_Source\PSoC4/cyfitter_cfg.c **** 
 228:Generated_Source\PSoC4/cyfitter_cfg.c **** 	/* CYDEV_CLK_IMO_CONFIG Starting address: CYDEV_CLK_IMO_CONFIG */
 229:Generated_Source\PSoC4/cyfitter_cfg.c **** 	CY_SET_REG32((void *)(CYREG_CLK_IMO_CONFIG), 0x80000000u);
 277              		.loc 1 229 0
 278 0030 0E4B     		ldr	r3, .L10+20
 279 0032 8022     		movs	r2, #128
 280 0034 1206     		lsls	r2, r2, #24
 281 0036 1A60     		str	r2, [r3]
ARM GAS  C:\Users\Arturo\AppData\Local\Temp\ccYR2wjg.s 			page 10


 230:Generated_Source\PSoC4/cyfitter_cfg.c **** 
 231:Generated_Source\PSoC4/cyfitter_cfg.c **** 	/* CYDEV_CLK_SELECT Starting address: CYDEV_CLK_SELECT */
 232:Generated_Source\PSoC4/cyfitter_cfg.c **** 	CY_SET_REG32((void *)(CYREG_CLK_SELECT), 0x00000000u);
 282              		.loc 1 232 0
 283 0038 074B     		ldr	r3, .L10
 284 003a 0022     		movs	r2, #0
 285 003c 1A60     		str	r2, [r3]
 233:Generated_Source\PSoC4/cyfitter_cfg.c **** 
 234:Generated_Source\PSoC4/cyfitter_cfg.c **** 	/* CYDEV_CLK_DIVIDER_A00 Starting address: CYDEV_CLK_DIVIDER_A00 */
 235:Generated_Source\PSoC4/cyfitter_cfg.c **** 	CY_SET_REG32((void *)(CYREG_CLK_DIVIDER_A00), 0x80000257u);
 286              		.loc 1 235 0
 287 003e 0C4B     		ldr	r3, .L10+24
 288 0040 0C4A     		ldr	r2, .L10+28
 289 0042 1A60     		str	r2, [r3]
 236:Generated_Source\PSoC4/cyfitter_cfg.c **** 
 237:Generated_Source\PSoC4/cyfitter_cfg.c **** 	/* CYDEV_CLK_DIVIDER_B00 Starting address: CYDEV_CLK_DIVIDER_B00 */
 238:Generated_Source\PSoC4/cyfitter_cfg.c **** 	CY_SET_REG32((void *)(CYREG_CLK_DIVIDER_B00), 0xC00001F3u);
 290              		.loc 1 238 0
 291 0044 0C4B     		ldr	r3, .L10+32
 292 0046 0D4A     		ldr	r2, .L10+36
 293 0048 1A60     		str	r2, [r3]
 239:Generated_Source\PSoC4/cyfitter_cfg.c **** 
 240:Generated_Source\PSoC4/cyfitter_cfg.c **** 	CY_SET_REG32((void *)(CYREG_WDT_CONFIG), 0x00000000u);
 294              		.loc 1 240 0
 295 004a 0D4B     		ldr	r3, .L10+40
 296 004c 0022     		movs	r2, #0
 297 004e 1A60     		str	r2, [r3]
 241:Generated_Source\PSoC4/cyfitter_cfg.c **** }
 298              		.loc 1 241 0
 299 0050 C046     		nop
 300 0052 BD46     		mov	sp, r7
 301              		@ sp needed
 302 0054 80BD     		pop	{r7, pc}
 303              	.L11:
 304 0056 C046     		.align	2
 305              	.L10:
 306 0058 00010B40 		.word	1074462976
 307 005c FFFFFBFF 		.word	-262145
 308 0060 04010B40 		.word	1074462980
 309 0064 06000080 		.word	-2147483642
 310 0068 30020240 		.word	1073873456
 311 006c 08010B40 		.word	1074462984
 312 0070 00000240 		.word	1073872896
 313 0074 57020080 		.word	-2147483049
 314 0078 40000240 		.word	1073872960
 315 007c F30100C0 		.word	-1073741325
 316 0080 0C020B40 		.word	1074463244
 317              		.cfi_endproc
 318              	.LFE4:
 319              		.size	ClockSetup, .-ClockSetup
 320              		.section	.text.AnalogSetDefault,"ax",%progbits
 321              		.align	2
 322              		.code	16
 323              		.thumb_func
 324              		.type	AnalogSetDefault, %function
 325              	AnalogSetDefault:
 326              	.LFB5:
ARM GAS  C:\Users\Arturo\AppData\Local\Temp\ccYR2wjg.s 			page 11


 242:Generated_Source\PSoC4/cyfitter_cfg.c **** 
 243:Generated_Source\PSoC4/cyfitter_cfg.c **** 
 244:Generated_Source\PSoC4/cyfitter_cfg.c **** /* Analog API Functions */
 245:Generated_Source\PSoC4/cyfitter_cfg.c **** 
 246:Generated_Source\PSoC4/cyfitter_cfg.c **** 
 247:Generated_Source\PSoC4/cyfitter_cfg.c **** /*******************************************************************************
 248:Generated_Source\PSoC4/cyfitter_cfg.c **** * Function Name: AnalogSetDefault
 249:Generated_Source\PSoC4/cyfitter_cfg.c **** ********************************************************************************
 250:Generated_Source\PSoC4/cyfitter_cfg.c **** *
 251:Generated_Source\PSoC4/cyfitter_cfg.c **** * Summary:
 252:Generated_Source\PSoC4/cyfitter_cfg.c **** *  Sets up the analog portions of the chip to default values based on chip
 253:Generated_Source\PSoC4/cyfitter_cfg.c **** *  configuration options from the project.
 254:Generated_Source\PSoC4/cyfitter_cfg.c **** *
 255:Generated_Source\PSoC4/cyfitter_cfg.c **** * Parameters:
 256:Generated_Source\PSoC4/cyfitter_cfg.c **** *  void
 257:Generated_Source\PSoC4/cyfitter_cfg.c **** *
 258:Generated_Source\PSoC4/cyfitter_cfg.c **** * Return:
 259:Generated_Source\PSoC4/cyfitter_cfg.c **** *  void
 260:Generated_Source\PSoC4/cyfitter_cfg.c **** *
 261:Generated_Source\PSoC4/cyfitter_cfg.c **** *******************************************************************************/
 262:Generated_Source\PSoC4/cyfitter_cfg.c **** static void AnalogSetDefault(void);
 263:Generated_Source\PSoC4/cyfitter_cfg.c **** static void AnalogSetDefault(void)
 264:Generated_Source\PSoC4/cyfitter_cfg.c **** {
 327              		.loc 1 264 0
 328              		.cfi_startproc
 329              		@ args = 0, pretend = 0, frame = 0
 330              		@ frame_needed = 1, uses_anonymous_args = 0
 331 0000 80B5     		push	{r7, lr}
 332              		.cfi_def_cfa_offset 8
 333              		.cfi_offset 7, -8
 334              		.cfi_offset 14, -4
 335 0002 00AF     		add	r7, sp, #0
 336              		.cfi_def_cfa_register 7
 265:Generated_Source\PSoC4/cyfitter_cfg.c **** }
 337              		.loc 1 265 0
 338 0004 C046     		nop
 339 0006 BD46     		mov	sp, r7
 340              		@ sp needed
 341 0008 80BD     		pop	{r7, pc}
 342              		.cfi_endproc
 343              	.LFE5:
 344              		.size	AnalogSetDefault, .-AnalogSetDefault
 345 000a C046     		.section	.psocinit
 346              		.align	2
 347              		.global	cyfitter_cfg
 348              		.code	16
 349              		.thumb_func
 350              		.type	cyfitter_cfg, %function
 351              	cyfitter_cfg:
 352              	.LFB6:
 266:Generated_Source\PSoC4/cyfitter_cfg.c **** 
 267:Generated_Source\PSoC4/cyfitter_cfg.c **** 
 268:Generated_Source\PSoC4/cyfitter_cfg.c **** 
 269:Generated_Source\PSoC4/cyfitter_cfg.c **** 
 270:Generated_Source\PSoC4/cyfitter_cfg.c **** /*******************************************************************************
 271:Generated_Source\PSoC4/cyfitter_cfg.c **** * Function Name: cyfitter_cfg
 272:Generated_Source\PSoC4/cyfitter_cfg.c **** ********************************************************************************
ARM GAS  C:\Users\Arturo\AppData\Local\Temp\ccYR2wjg.s 			page 12


 273:Generated_Source\PSoC4/cyfitter_cfg.c **** * Summary:
 274:Generated_Source\PSoC4/cyfitter_cfg.c **** *  This function is called by the start-up code for the selected device. It
 275:Generated_Source\PSoC4/cyfitter_cfg.c **** *  performs all of the necessary device configuration based on the design
 276:Generated_Source\PSoC4/cyfitter_cfg.c **** *  settings.  This includes settings from the Design Wide Resources (DWR) such
 277:Generated_Source\PSoC4/cyfitter_cfg.c **** *  as Clocks and Pins as well as any component configuration that is necessary.
 278:Generated_Source\PSoC4/cyfitter_cfg.c **** *
 279:Generated_Source\PSoC4/cyfitter_cfg.c **** * Parameters:
 280:Generated_Source\PSoC4/cyfitter_cfg.c **** *   void
 281:Generated_Source\PSoC4/cyfitter_cfg.c **** *
 282:Generated_Source\PSoC4/cyfitter_cfg.c **** * Return:
 283:Generated_Source\PSoC4/cyfitter_cfg.c **** *   void
 284:Generated_Source\PSoC4/cyfitter_cfg.c **** *
 285:Generated_Source\PSoC4/cyfitter_cfg.c **** *******************************************************************************/
 286:Generated_Source\PSoC4/cyfitter_cfg.c **** CY_CFG_SECTION
 287:Generated_Source\PSoC4/cyfitter_cfg.c **** void cyfitter_cfg(void)
 288:Generated_Source\PSoC4/cyfitter_cfg.c **** {
 353              		.loc 1 288 0
 354              		.cfi_startproc
 355              		@ args = 0, pretend = 0, frame = 8
 356              		@ frame_needed = 1, uses_anonymous_args = 0
 357 0084 80B5     		push	{r7, lr}
 358              		.cfi_def_cfa_offset 8
 359              		.cfi_offset 7, -8
 360              		.cfi_offset 14, -4
 361 0086 82B0     		sub	sp, sp, #8
 362              		.cfi_def_cfa_offset 16
 363 0088 00AF     		add	r7, sp, #0
 364              		.cfi_def_cfa_register 7
 289:Generated_Source\PSoC4/cyfitter_cfg.c **** 	/* Disable interrupts by default. Let user enable if/when they want. */
 290:Generated_Source\PSoC4/cyfitter_cfg.c **** 	CyGlobalIntDisable;
 365              		.loc 1 290 0
 366              		.syntax divided
 367              	@ 290 "Generated_Source\PSoC4\cyfitter_cfg.c" 1
 368 008a 72B6     		CPSID   i
 369              	@ 0 "" 2
 370              		.thumb
 371              		.syntax unified
 372              	.LBB3:
 291:Generated_Source\PSoC4/cyfitter_cfg.c **** 
 292:Generated_Source\PSoC4/cyfitter_cfg.c **** 	{
 293:Generated_Source\PSoC4/cyfitter_cfg.c **** 		static const uint32 CYCODE cy_cfg_addr_table[] = {
 294:Generated_Source\PSoC4/cyfitter_cfg.c **** 			0x400F0002u, /* Base address: 0x400F0000 Count: 2 */
 295:Generated_Source\PSoC4/cyfitter_cfg.c **** 			0x400F3224u, /* Base address: 0x400F3200 Count: 36 */
 296:Generated_Source\PSoC4/cyfitter_cfg.c **** 			0x400F3318u, /* Base address: 0x400F3300 Count: 24 */
 297:Generated_Source\PSoC4/cyfitter_cfg.c **** 			0x400F430Au, /* Base address: 0x400F4300 Count: 10 */
 298:Generated_Source\PSoC4/cyfitter_cfg.c **** 			0x400F6002u, /* Base address: 0x400F6000 Count: 2 */
 299:Generated_Source\PSoC4/cyfitter_cfg.c **** 		};
 300:Generated_Source\PSoC4/cyfitter_cfg.c **** 
 301:Generated_Source\PSoC4/cyfitter_cfg.c **** 		static const cy_cfg_addrvalue_t CYCODE cy_cfg_data_table[] = {
 302:Generated_Source\PSoC4/cyfitter_cfg.c **** 			{0x23u, 0x03u},
 303:Generated_Source\PSoC4/cyfitter_cfg.c **** 			{0x83u, 0x7Fu},
 304:Generated_Source\PSoC4/cyfitter_cfg.c **** 			{0x80u, 0x2Au},
 305:Generated_Source\PSoC4/cyfitter_cfg.c **** 			{0x82u, 0xD5u},
 306:Generated_Source\PSoC4/cyfitter_cfg.c **** 			{0x8Cu, 0x01u},
 307:Generated_Source\PSoC4/cyfitter_cfg.c **** 			{0x8Eu, 0x04u},
 308:Generated_Source\PSoC4/cyfitter_cfg.c **** 			{0x90u, 0x08u},
 309:Generated_Source\PSoC4/cyfitter_cfg.c **** 			{0x92u, 0x02u},
ARM GAS  C:\Users\Arturo\AppData\Local\Temp\ccYR2wjg.s 			page 13


 310:Generated_Source\PSoC4/cyfitter_cfg.c **** 			{0x93u, 0x01u},
 311:Generated_Source\PSoC4/cyfitter_cfg.c **** 			{0x96u, 0x40u},
 312:Generated_Source\PSoC4/cyfitter_cfg.c **** 			{0x9Au, 0x10u},
 313:Generated_Source\PSoC4/cyfitter_cfg.c **** 			{0x9Cu, 0xA7u},
 314:Generated_Source\PSoC4/cyfitter_cfg.c **** 			{0x9Eu, 0x18u},
 315:Generated_Source\PSoC4/cyfitter_cfg.c **** 			{0xA1u, 0x02u},
 316:Generated_Source\PSoC4/cyfitter_cfg.c **** 			{0xAFu, 0x03u},
 317:Generated_Source\PSoC4/cyfitter_cfg.c **** 			{0xB0u, 0x03u},
 318:Generated_Source\PSoC4/cyfitter_cfg.c **** 			{0xB1u, 0x03u},
 319:Generated_Source\PSoC4/cyfitter_cfg.c **** 			{0xB2u, 0xC0u},
 320:Generated_Source\PSoC4/cyfitter_cfg.c **** 			{0xB4u, 0x30u},
 321:Generated_Source\PSoC4/cyfitter_cfg.c **** 			{0xB6u, 0x0Cu},
 322:Generated_Source\PSoC4/cyfitter_cfg.c **** 			{0xC0u, 0x45u},
 323:Generated_Source\PSoC4/cyfitter_cfg.c **** 			{0xC7u, 0x20u},
 324:Generated_Source\PSoC4/cyfitter_cfg.c **** 			{0xC8u, 0x20u},
 325:Generated_Source\PSoC4/cyfitter_cfg.c **** 			{0xC9u, 0xFFu},
 326:Generated_Source\PSoC4/cyfitter_cfg.c **** 			{0xCAu, 0xFFu},
 327:Generated_Source\PSoC4/cyfitter_cfg.c **** 			{0xCBu, 0xFFu},
 328:Generated_Source\PSoC4/cyfitter_cfg.c **** 			{0xCDu, 0x20u},
 329:Generated_Source\PSoC4/cyfitter_cfg.c **** 			{0xCEu, 0xF0u},
 330:Generated_Source\PSoC4/cyfitter_cfg.c **** 			{0xD1u, 0x10u},
 331:Generated_Source\PSoC4/cyfitter_cfg.c **** 			{0xD6u, 0x02u},
 332:Generated_Source\PSoC4/cyfitter_cfg.c **** 			{0xD8u, 0x04u},
 333:Generated_Source\PSoC4/cyfitter_cfg.c **** 			{0xD9u, 0x04u},
 334:Generated_Source\PSoC4/cyfitter_cfg.c **** 			{0xDAu, 0x04u},
 335:Generated_Source\PSoC4/cyfitter_cfg.c **** 			{0xDBu, 0x04u},
 336:Generated_Source\PSoC4/cyfitter_cfg.c **** 			{0xDFu, 0x01u},
 337:Generated_Source\PSoC4/cyfitter_cfg.c **** 			{0xE4u, 0x40u},
 338:Generated_Source\PSoC4/cyfitter_cfg.c **** 			{0xE5u, 0x40u},
 339:Generated_Source\PSoC4/cyfitter_cfg.c **** 			{0xE6u, 0x80u},
 340:Generated_Source\PSoC4/cyfitter_cfg.c **** 			{0x01u, 0x02u},
 341:Generated_Source\PSoC4/cyfitter_cfg.c **** 			{0x02u, 0x01u},
 342:Generated_Source\PSoC4/cyfitter_cfg.c **** 			{0x0Au, 0x55u},
 343:Generated_Source\PSoC4/cyfitter_cfg.c **** 			{0x19u, 0x43u},
 344:Generated_Source\PSoC4/cyfitter_cfg.c **** 			{0x1Au, 0x15u},
 345:Generated_Source\PSoC4/cyfitter_cfg.c **** 			{0x20u, 0x40u},
 346:Generated_Source\PSoC4/cyfitter_cfg.c **** 			{0x21u, 0x02u},
 347:Generated_Source\PSoC4/cyfitter_cfg.c **** 			{0x29u, 0x41u},
 348:Generated_Source\PSoC4/cyfitter_cfg.c **** 			{0x31u, 0x02u},
 349:Generated_Source\PSoC4/cyfitter_cfg.c **** 			{0x42u, 0x40u},
 350:Generated_Source\PSoC4/cyfitter_cfg.c **** 			{0x48u, 0x02u},
 351:Generated_Source\PSoC4/cyfitter_cfg.c **** 			{0x50u, 0x02u},
 352:Generated_Source\PSoC4/cyfitter_cfg.c **** 			{0x52u, 0x01u},
 353:Generated_Source\PSoC4/cyfitter_cfg.c **** 			{0x72u, 0x40u},
 354:Generated_Source\PSoC4/cyfitter_cfg.c **** 			{0x86u, 0x04u},
 355:Generated_Source\PSoC4/cyfitter_cfg.c **** 			{0x8Cu, 0x40u},
 356:Generated_Source\PSoC4/cyfitter_cfg.c **** 			{0x8Eu, 0x10u},
 357:Generated_Source\PSoC4/cyfitter_cfg.c **** 			{0xC0u, 0x09u},
 358:Generated_Source\PSoC4/cyfitter_cfg.c **** 			{0xC2u, 0x0Fu},
 359:Generated_Source\PSoC4/cyfitter_cfg.c **** 			{0xCAu, 0x09u},
 360:Generated_Source\PSoC4/cyfitter_cfg.c **** 			{0xCCu, 0x01u},
 361:Generated_Source\PSoC4/cyfitter_cfg.c **** 			{0xD0u, 0x01u},
 362:Generated_Source\PSoC4/cyfitter_cfg.c **** 			{0xD2u, 0x08u},
 363:Generated_Source\PSoC4/cyfitter_cfg.c **** 			{0xE0u, 0x02u},
 364:Generated_Source\PSoC4/cyfitter_cfg.c **** 			{0x56u, 0x10u},
 365:Generated_Source\PSoC4/cyfitter_cfg.c **** 			{0x5Bu, 0x20u},
 366:Generated_Source\PSoC4/cyfitter_cfg.c **** 			{0x60u, 0x20u},
ARM GAS  C:\Users\Arturo\AppData\Local\Temp\ccYR2wjg.s 			page 14


 367:Generated_Source\PSoC4/cyfitter_cfg.c **** 			{0x86u, 0x10u},
 368:Generated_Source\PSoC4/cyfitter_cfg.c **** 			{0x8Cu, 0x20u},
 369:Generated_Source\PSoC4/cyfitter_cfg.c **** 			{0x8Fu, 0x20u},
 370:Generated_Source\PSoC4/cyfitter_cfg.c **** 			{0xD4u, 0x03u},
 371:Generated_Source\PSoC4/cyfitter_cfg.c **** 			{0xD8u, 0x02u},
 372:Generated_Source\PSoC4/cyfitter_cfg.c **** 			{0xE0u, 0x02u},
 373:Generated_Source\PSoC4/cyfitter_cfg.c **** 			{0xE4u, 0x08u},
 374:Generated_Source\PSoC4/cyfitter_cfg.c **** 			{0x01u, 0x01u},
 375:Generated_Source\PSoC4/cyfitter_cfg.c **** 			{0x10u, 0x01u},
 376:Generated_Source\PSoC4/cyfitter_cfg.c **** 		};
 377:Generated_Source\PSoC4/cyfitter_cfg.c **** 
 378:Generated_Source\PSoC4/cyfitter_cfg.c **** 
 379:Generated_Source\PSoC4/cyfitter_cfg.c **** 
 380:Generated_Source\PSoC4/cyfitter_cfg.c **** 		CYPACKED typedef struct {
 381:Generated_Source\PSoC4/cyfitter_cfg.c **** 			void CYFAR *address;
 382:Generated_Source\PSoC4/cyfitter_cfg.c **** 			uint16 size;
 383:Generated_Source\PSoC4/cyfitter_cfg.c **** 		} CYPACKED_ATTR cfg_memset_t;
 384:Generated_Source\PSoC4/cyfitter_cfg.c **** 
 385:Generated_Source\PSoC4/cyfitter_cfg.c **** 		static const cfg_memset_t CYCODE cfg_memset_list[] = {
 386:Generated_Source\PSoC4/cyfitter_cfg.c **** 			/* address, size */
 387:Generated_Source\PSoC4/cyfitter_cfg.c **** 			{(void CYFAR *)(CYDEV_UDB_P0_U0_BASE), 1024u},
 388:Generated_Source\PSoC4/cyfitter_cfg.c **** 			{(void CYFAR *)(CYDEV_UDB_DSI0_BASE), 1024u},
 389:Generated_Source\PSoC4/cyfitter_cfg.c **** 		};
 390:Generated_Source\PSoC4/cyfitter_cfg.c **** 
 391:Generated_Source\PSoC4/cyfitter_cfg.c **** 		uint8 CYDATA i;
 392:Generated_Source\PSoC4/cyfitter_cfg.c **** 
 393:Generated_Source\PSoC4/cyfitter_cfg.c **** 		/* Zero out critical memory blocks before beginning configuration */
 394:Generated_Source\PSoC4/cyfitter_cfg.c **** 		for (i = 0u; i < (sizeof(cfg_memset_list)/sizeof(cfg_memset_list[0])); i++)
 373              		.loc 1 394 0
 374 008c FB1D     		adds	r3, r7, #7
 375 008e 0022     		movs	r2, #0
 376 0090 1A70     		strb	r2, [r3]
 377 0092 22E0     		b	.L14
 378              	.L15:
 379              	.LBB4:
 395:Generated_Source\PSoC4/cyfitter_cfg.c **** 		{
 396:Generated_Source\PSoC4/cyfitter_cfg.c **** 			const cfg_memset_t CYCODE * CYDATA ms = &cfg_memset_list[i];
 380              		.loc 1 396 0 discriminator 3
 381 0094 FB1D     		adds	r3, r7, #7
 382 0096 1A78     		ldrb	r2, [r3]
 383 0098 1300     		movs	r3, r2
 384 009a 5B00     		lsls	r3, r3, #1
 385 009c 9B18     		adds	r3, r3, r2
 386 009e 5B00     		lsls	r3, r3, #1
 387 00a0 284A     		ldr	r2, .L16
 388 00a2 9B18     		adds	r3, r3, r2
 389 00a4 3B60     		str	r3, [r7]
 397:Generated_Source\PSoC4/cyfitter_cfg.c **** 			CYMEMZERO(ms->address, (size_t)(uint32)(ms->size));
 390              		.loc 1 397 0 discriminator 3
 391 00a6 3B68     		ldr	r3, [r7]
 392 00a8 1A78     		ldrb	r2, [r3]
 393 00aa 5978     		ldrb	r1, [r3, #1]
 394 00ac 0902     		lsls	r1, r1, #8
 395 00ae 0A43     		orrs	r2, r1
 396 00b0 9978     		ldrb	r1, [r3, #2]
 397 00b2 0904     		lsls	r1, r1, #16
 398 00b4 0A43     		orrs	r2, r1
ARM GAS  C:\Users\Arturo\AppData\Local\Temp\ccYR2wjg.s 			page 15


 399 00b6 DB78     		ldrb	r3, [r3, #3]
 400 00b8 1B06     		lsls	r3, r3, #24
 401 00ba 1343     		orrs	r3, r2
 402 00bc 1800     		movs	r0, r3
 403 00be 3B68     		ldr	r3, [r7]
 404 00c0 1A79     		ldrb	r2, [r3, #4]
 405 00c2 5B79     		ldrb	r3, [r3, #5]
 406 00c4 1B02     		lsls	r3, r3, #8
 407 00c6 1343     		orrs	r3, r2
 408 00c8 9BB2     		uxth	r3, r3
 409 00ca 1900     		movs	r1, r3
 410 00cc FFF7FEFF 		bl	CYMEMZERO
 411              	.LBE4:
 394:Generated_Source\PSoC4/cyfitter_cfg.c **** 		{
 412              		.loc 1 394 0 discriminator 3
 413 00d0 FB1D     		adds	r3, r7, #7
 414 00d2 1A78     		ldrb	r2, [r3]
 415 00d4 FB1D     		adds	r3, r7, #7
 416 00d6 0132     		adds	r2, r2, #1
 417 00d8 1A70     		strb	r2, [r3]
 418              	.L14:
 394:Generated_Source\PSoC4/cyfitter_cfg.c **** 		{
 419              		.loc 1 394 0 is_stmt 0 discriminator 1
 420 00da FB1D     		adds	r3, r7, #7
 421 00dc 1B78     		ldrb	r3, [r3]
 422 00de 012B     		cmp	r3, #1
 423 00e0 D8D9     		bls	.L15
 398:Generated_Source\PSoC4/cyfitter_cfg.c **** 		}
 399:Generated_Source\PSoC4/cyfitter_cfg.c **** 
 400:Generated_Source\PSoC4/cyfitter_cfg.c **** 		cfg_write_bytes32(cy_cfg_addr_table, cy_cfg_data_table);
 424              		.loc 1 400 0 is_stmt 1
 425 00e2 194A     		ldr	r2, .L16+4
 426 00e4 194B     		ldr	r3, .L16+8
 427 00e6 1100     		movs	r1, r2
 428 00e8 1800     		movs	r0, r3
 429 00ea FFF7FEFF 		bl	cfg_write_bytes32
 401:Generated_Source\PSoC4/cyfitter_cfg.c **** 
 402:Generated_Source\PSoC4/cyfitter_cfg.c **** 		/* HSIOM Starting address: CYDEV_HSIOM_BASE */
 403:Generated_Source\PSoC4/cyfitter_cfg.c **** 		CY_SET_REG32((void *)(CYREG_HSIOM_PORT_SEL3), 0x0003EE33u);
 430              		.loc 1 403 0
 431 00ee 184B     		ldr	r3, .L16+12
 432 00f0 184A     		ldr	r2, .L16+16
 433 00f2 1A60     		str	r2, [r3]
 404:Generated_Source\PSoC4/cyfitter_cfg.c **** 
 405:Generated_Source\PSoC4/cyfitter_cfg.c **** 		/* UDB_PA_3 Starting address: CYDEV_UDB_PA3_BASE */
 406:Generated_Source\PSoC4/cyfitter_cfg.c **** 		CY_SET_REG32((void *)(CYDEV_UDB_PA3_BASE), 0x00990000u);
 434              		.loc 1 406 0
 435 00f4 184B     		ldr	r3, .L16+20
 436 00f6 9922     		movs	r2, #153
 437 00f8 1204     		lsls	r2, r2, #16
 438 00fa 1A60     		str	r2, [r3]
 407:Generated_Source\PSoC4/cyfitter_cfg.c **** 		CY_SET_REG32((void *)(CYREG_UDB_PA3_CFG8), 0x02090000u);
 439              		.loc 1 407 0
 440 00fc 174B     		ldr	r3, .L16+24
 441 00fe 184A     		ldr	r2, .L16+28
 442 0100 1A60     		str	r2, [r3]
 408:Generated_Source\PSoC4/cyfitter_cfg.c **** 
ARM GAS  C:\Users\Arturo\AppData\Local\Temp\ccYR2wjg.s 			page 16


 409:Generated_Source\PSoC4/cyfitter_cfg.c **** 		/* Enable UDB array and digital routing */
 410:Generated_Source\PSoC4/cyfitter_cfg.c **** 		CY_SET_XTND_REG8((void *)CYREG_UDB_UDBIF_WAIT_CFG, (uint8)((CY_GET_XTND_REG8((void *)CYREG_UDB_UD
 443              		.loc 1 410 0
 444 0102 184A     		ldr	r2, .L16+32
 445 0104 174B     		ldr	r3, .L16+32
 446 0106 1B78     		ldrb	r3, [r3]
 447 0108 DBB2     		uxtb	r3, r3
 448 010a 3C21     		movs	r1, #60
 449 010c 8B43     		bics	r3, r1
 450 010e DBB2     		uxtb	r3, r3
 451 0110 1421     		movs	r1, #20
 452 0112 0B43     		orrs	r3, r1
 453 0114 DBB2     		uxtb	r3, r3
 454 0116 1370     		strb	r3, [r2]
 411:Generated_Source\PSoC4/cyfitter_cfg.c **** 		CY_SET_XTND_REG8((void *)CYREG_UDB_UDBIF_BANK_CTL, (uint8)(CY_GET_XTND_REG8((void *)CYREG_UDB_UDB
 455              		.loc 1 411 0
 456 0118 134A     		ldr	r2, .L16+36
 457 011a 134B     		ldr	r3, .L16+36
 458 011c 1B78     		ldrb	r3, [r3]
 459 011e DBB2     		uxtb	r3, r3
 460 0120 1621     		movs	r1, #22
 461 0122 0B43     		orrs	r3, r1
 462 0124 DBB2     		uxtb	r3, r3
 463 0126 1370     		strb	r3, [r2]
 464              	.LBE3:
 412:Generated_Source\PSoC4/cyfitter_cfg.c **** 	}
 413:Generated_Source\PSoC4/cyfitter_cfg.c **** 
 414:Generated_Source\PSoC4/cyfitter_cfg.c **** 	/* Perform second pass device configuration. These items must be configured in specific order afte
 415:Generated_Source\PSoC4/cyfitter_cfg.c **** 	/* IOPINS0_3 Starting address: CYDEV_PRT3_BASE */
 416:Generated_Source\PSoC4/cyfitter_cfg.c **** 	CY_SET_REG32((void *)(CYDEV_PRT3_BASE), 0x00000013u);
 465              		.loc 1 416 0
 466 0128 104B     		ldr	r3, .L16+40
 467 012a 1322     		movs	r2, #19
 468 012c 1A60     		str	r2, [r3]
 417:Generated_Source\PSoC4/cyfitter_cfg.c **** 	CY_SET_REG32((void *)(CYREG_PRT3_PC), 0x00006DB6u);
 469              		.loc 1 417 0
 470 012e 104B     		ldr	r3, .L16+44
 471 0130 104A     		ldr	r2, .L16+48
 472 0132 1A60     		str	r2, [r3]
 418:Generated_Source\PSoC4/cyfitter_cfg.c **** 
 419:Generated_Source\PSoC4/cyfitter_cfg.c **** 
 420:Generated_Source\PSoC4/cyfitter_cfg.c **** 	/* Setup clocks based on selections from Clock DWR */
 421:Generated_Source\PSoC4/cyfitter_cfg.c **** 	ClockSetup();
 473              		.loc 1 421 0
 474 0134 FFF764FF 		bl	ClockSetup
 422:Generated_Source\PSoC4/cyfitter_cfg.c **** 
 423:Generated_Source\PSoC4/cyfitter_cfg.c **** 	/* Perform basic analog initialization to defaults */
 424:Generated_Source\PSoC4/cyfitter_cfg.c **** 	AnalogSetDefault();
 475              		.loc 1 424 0
 476 0138 FFF7FEFF 		bl	AnalogSetDefault
 425:Generated_Source\PSoC4/cyfitter_cfg.c **** 
 426:Generated_Source\PSoC4/cyfitter_cfg.c **** }
 477              		.loc 1 426 0
 478 013c C046     		nop
 479 013e BD46     		mov	sp, r7
 480 0140 02B0     		add	sp, sp, #8
 481              		@ sp needed
ARM GAS  C:\Users\Arturo\AppData\Local\Temp\ccYR2wjg.s 			page 17


 482 0142 80BD     		pop	{r7, pc}
 483              	.L17:
 484              		.align	2
 485              	.L16:
 486 0144 00000000 		.word	cfg_memset_list.4870
 487 0148 20000000 		.word	cy_cfg_data_table.4865
 488 014c 0C000000 		.word	cy_cfg_addr_table.4864
 489 0150 0C000140 		.word	1073807372
 490 0154 33EE0300 		.word	257587
 491 0158 30500F40 		.word	1074745392
 492 015c 38500F40 		.word	1074745400
 493 0160 00000902 		.word	34144256
 494 0164 01700F40 		.word	1074753537
 495 0168 00700F40 		.word	1074753536
 496 016c 00030440 		.word	1074004736
 497 0170 08030440 		.word	1074004744
 498 0174 B66D0000 		.word	28086
 499              		.cfi_endproc
 500              	.LFE6:
 501              		.size	cyfitter_cfg, .-cyfitter_cfg
 502              		.section	.rodata
 503              		.align	2
 504              		.type	cfg_memset_list.4870, %object
 505              		.size	cfg_memset_list.4870, 12
 506              	cfg_memset_list.4870:
 507 0000 00300F40 		.word	1074737152
 508 0004 0004     		.short	1024
 509 0006 00400F40 		.4byte	1074741248
 510 000a 0004     		.short	1024
 511              		.align	2
 512              		.type	cy_cfg_addr_table.4864, %object
 513              		.size	cy_cfg_addr_table.4864, 20
 514              	cy_cfg_addr_table.4864:
 515 000c 02000F40 		.word	1074724866
 516 0010 24320F40 		.word	1074737700
 517 0014 18330F40 		.word	1074737944
 518 0018 0A430F40 		.word	1074742026
 519 001c 02600F40 		.word	1074749442
 520              		.align	2
 521              		.type	cy_cfg_data_table.4865, %object
 522              		.size	cy_cfg_data_table.4865, 148
 523              	cy_cfg_data_table.4865:
 524 0020 23       		.byte	35
 525 0021 03       		.byte	3
 526 0022 83       		.byte	-125
 527 0023 7F       		.byte	127
 528 0024 80       		.byte	-128
 529 0025 2A       		.byte	42
 530 0026 82       		.byte	-126
 531 0027 D5       		.byte	-43
 532 0028 8C       		.byte	-116
 533 0029 01       		.byte	1
 534 002a 8E       		.byte	-114
 535 002b 04       		.byte	4
 536 002c 90       		.byte	-112
 537 002d 08       		.byte	8
 538 002e 92       		.byte	-110
ARM GAS  C:\Users\Arturo\AppData\Local\Temp\ccYR2wjg.s 			page 18


 539 002f 02       		.byte	2
 540 0030 93       		.byte	-109
 541 0031 01       		.byte	1
 542 0032 96       		.byte	-106
 543 0033 40       		.byte	64
 544 0034 9A       		.byte	-102
 545 0035 10       		.byte	16
 546 0036 9C       		.byte	-100
 547 0037 A7       		.byte	-89
 548 0038 9E       		.byte	-98
 549 0039 18       		.byte	24
 550 003a A1       		.byte	-95
 551 003b 02       		.byte	2
 552 003c AF       		.byte	-81
 553 003d 03       		.byte	3
 554 003e B0       		.byte	-80
 555 003f 03       		.byte	3
 556 0040 B1       		.byte	-79
 557 0041 03       		.byte	3
 558 0042 B2       		.byte	-78
 559 0043 C0       		.byte	-64
 560 0044 B4       		.byte	-76
 561 0045 30       		.byte	48
 562 0046 B6       		.byte	-74
 563 0047 0C       		.byte	12
 564 0048 C0       		.byte	-64
 565 0049 45       		.byte	69
 566 004a C7       		.byte	-57
 567 004b 20       		.byte	32
 568 004c C8       		.byte	-56
 569 004d 20       		.byte	32
 570 004e C9       		.byte	-55
 571 004f FF       		.byte	-1
 572 0050 CA       		.byte	-54
 573 0051 FF       		.byte	-1
 574 0052 CB       		.byte	-53
 575 0053 FF       		.byte	-1
 576 0054 CD       		.byte	-51
 577 0055 20       		.byte	32
 578 0056 CE       		.byte	-50
 579 0057 F0       		.byte	-16
 580 0058 D1       		.byte	-47
 581 0059 10       		.byte	16
 582 005a D6       		.byte	-42
 583 005b 02       		.byte	2
 584 005c D8       		.byte	-40
 585 005d 04       		.byte	4
 586 005e D9       		.byte	-39
 587 005f 04       		.byte	4
 588 0060 DA       		.byte	-38
 589 0061 04       		.byte	4
 590 0062 DB       		.byte	-37
 591 0063 04       		.byte	4
 592 0064 DF       		.byte	-33
 593 0065 01       		.byte	1
 594 0066 E4       		.byte	-28
 595 0067 40       		.byte	64
ARM GAS  C:\Users\Arturo\AppData\Local\Temp\ccYR2wjg.s 			page 19


 596 0068 E5       		.byte	-27
 597 0069 40       		.byte	64
 598 006a E6       		.byte	-26
 599 006b 80       		.byte	-128
 600 006c 01       		.byte	1
 601 006d 02       		.byte	2
 602 006e 02       		.byte	2
 603 006f 01       		.byte	1
 604 0070 0A       		.byte	10
 605 0071 55       		.byte	85
 606 0072 19       		.byte	25
 607 0073 43       		.byte	67
 608 0074 1A       		.byte	26
 609 0075 15       		.byte	21
 610 0076 20       		.byte	32
 611 0077 40       		.byte	64
 612 0078 21       		.byte	33
 613 0079 02       		.byte	2
 614 007a 29       		.byte	41
 615 007b 41       		.byte	65
 616 007c 31       		.byte	49
 617 007d 02       		.byte	2
 618 007e 42       		.byte	66
 619 007f 40       		.byte	64
 620 0080 48       		.byte	72
 621 0081 02       		.byte	2
 622 0082 50       		.byte	80
 623 0083 02       		.byte	2
 624 0084 52       		.byte	82
 625 0085 01       		.byte	1
 626 0086 72       		.byte	114
 627 0087 40       		.byte	64
 628 0088 86       		.byte	-122
 629 0089 04       		.byte	4
 630 008a 8C       		.byte	-116
 631 008b 40       		.byte	64
 632 008c 8E       		.byte	-114
 633 008d 10       		.byte	16
 634 008e C0       		.byte	-64
 635 008f 09       		.byte	9
 636 0090 C2       		.byte	-62
 637 0091 0F       		.byte	15
 638 0092 CA       		.byte	-54
 639 0093 09       		.byte	9
 640 0094 CC       		.byte	-52
 641 0095 01       		.byte	1
 642 0096 D0       		.byte	-48
 643 0097 01       		.byte	1
 644 0098 D2       		.byte	-46
 645 0099 08       		.byte	8
 646 009a E0       		.byte	-32
 647 009b 02       		.byte	2
 648 009c 56       		.byte	86
 649 009d 10       		.byte	16
 650 009e 5B       		.byte	91
 651 009f 20       		.byte	32
 652 00a0 60       		.byte	96
ARM GAS  C:\Users\Arturo\AppData\Local\Temp\ccYR2wjg.s 			page 20


 653 00a1 20       		.byte	32
 654 00a2 86       		.byte	-122
 655 00a3 10       		.byte	16
 656 00a4 8C       		.byte	-116
 657 00a5 20       		.byte	32
 658 00a6 8F       		.byte	-113
 659 00a7 20       		.byte	32
 660 00a8 D4       		.byte	-44
 661 00a9 03       		.byte	3
 662 00aa D8       		.byte	-40
 663 00ab 02       		.byte	2
 664 00ac E0       		.byte	-32
 665 00ad 02       		.byte	2
 666 00ae E4       		.byte	-28
 667 00af 08       		.byte	8
 668 00b0 01       		.byte	1
 669 00b1 01       		.byte	1
 670 00b2 10       		.byte	16
 671 00b3 01       		.byte	1
 672              		.text
 673              	.Letext0:
 674              		.file 2 "c:\\program files (x86)\\cypress\\psoc creator\\4.2\\psoc creator\\import\\gnu\\arm\\5.4.
 675              		.file 3 "Generated_Source\\PSoC4\\cytypes.h"
 676              		.section	.debug_info,"",%progbits
 677              	.Ldebug_info0:
 678 0000 5A030000 		.4byte	0x35a
 679 0004 0400     		.2byte	0x4
 680 0006 00000000 		.4byte	.Ldebug_abbrev0
 681 000a 04       		.byte	0x4
 682 000b 01       		.uleb128 0x1
 683 000c A0000000 		.4byte	.LASF40
 684 0010 0C       		.byte	0xc
 685 0011 90020000 		.4byte	.LASF41
 686 0015 30020000 		.4byte	.LASF42
 687 0019 00000000 		.4byte	.Ldebug_ranges0+0
 688 001d 00000000 		.4byte	0
 689 0021 00000000 		.4byte	.Ldebug_line0
 690 0025 02       		.uleb128 0x2
 691 0026 04       		.byte	0x4
 692 0027 05       		.byte	0x5
 693 0028 696E7400 		.ascii	"int\000"
 694 002c 03       		.uleb128 0x3
 695 002d 06000000 		.4byte	.LASF12
 696 0031 02       		.byte	0x2
 697 0032 D8       		.byte	0xd8
 698 0033 37000000 		.4byte	0x37
 699 0037 04       		.uleb128 0x4
 700 0038 04       		.byte	0x4
 701 0039 07       		.byte	0x7
 702 003a 86010000 		.4byte	.LASF0
 703 003e 04       		.uleb128 0x4
 704 003f 08       		.byte	0x8
 705 0040 05       		.byte	0x5
 706 0041 E4010000 		.4byte	.LASF1
 707 0045 04       		.uleb128 0x4
 708 0046 08       		.byte	0x8
 709 0047 04       		.byte	0x4
ARM GAS  C:\Users\Arturo\AppData\Local\Temp\ccYR2wjg.s 			page 21


 710 0048 24020000 		.4byte	.LASF2
 711 004c 04       		.uleb128 0x4
 712 004d 01       		.byte	0x1
 713 004e 06       		.byte	0x6
 714 004f 84020000 		.4byte	.LASF3
 715 0053 04       		.uleb128 0x4
 716 0054 01       		.byte	0x1
 717 0055 08       		.byte	0x8
 718 0056 2E010000 		.4byte	.LASF4
 719 005a 04       		.uleb128 0x4
 720 005b 02       		.byte	0x2
 721 005c 05       		.byte	0x5
 722 005d 11020000 		.4byte	.LASF5
 723 0061 04       		.uleb128 0x4
 724 0062 02       		.byte	0x2
 725 0063 07       		.byte	0x7
 726 0064 D1010000 		.4byte	.LASF6
 727 0068 04       		.uleb128 0x4
 728 0069 04       		.byte	0x4
 729 006a 05       		.byte	0x5
 730 006b 1B020000 		.4byte	.LASF7
 731 006f 04       		.uleb128 0x4
 732 0070 04       		.byte	0x4
 733 0071 07       		.byte	0x7
 734 0072 7E000000 		.4byte	.LASF8
 735 0076 04       		.uleb128 0x4
 736 0077 08       		.byte	0x8
 737 0078 07       		.byte	0x7
 738 0079 9B010000 		.4byte	.LASF9
 739 007d 04       		.uleb128 0x4
 740 007e 04       		.byte	0x4
 741 007f 07       		.byte	0x7
 742 0080 C8010000 		.4byte	.LASF10
 743 0084 05       		.uleb128 0x5
 744 0085 04       		.byte	0x4
 745 0086 04       		.uleb128 0x4
 746 0087 01       		.byte	0x1
 747 0088 08       		.byte	0x8
 748 0089 F2010000 		.4byte	.LASF11
 749 008d 06       		.uleb128 0x6
 750 008e 90000000 		.4byte	.LASF13
 751 0092 03       		.byte	0x3
 752 0093 E701     		.2byte	0x1e7
 753 0095 53000000 		.4byte	0x53
 754 0099 06       		.uleb128 0x6
 755 009a 6D010000 		.4byte	.LASF14
 756 009e 03       		.byte	0x3
 757 009f E801     		.2byte	0x1e8
 758 00a1 61000000 		.4byte	0x61
 759 00a5 06       		.uleb128 0x6
 760 00a6 7F010000 		.4byte	.LASF15
 761 00aa 03       		.byte	0x3
 762 00ab E901     		.2byte	0x1e9
 763 00ad 6F000000 		.4byte	0x6f
 764 00b1 04       		.uleb128 0x4
 765 00b2 04       		.byte	0x4
 766 00b3 04       		.byte	0x4
ARM GAS  C:\Users\Arturo\AppData\Local\Temp\ccYR2wjg.s 			page 22


 767 00b4 59000000 		.4byte	.LASF16
 768 00b8 04       		.uleb128 0x4
 769 00b9 08       		.byte	0x8
 770 00ba 04       		.byte	0x4
 771 00bb 3C010000 		.4byte	.LASF17
 772 00bf 06       		.uleb128 0x6
 773 00c0 79000000 		.4byte	.LASF18
 774 00c4 03       		.byte	0x3
 775 00c5 9102     		.2byte	0x291
 776 00c7 CB000000 		.4byte	0xcb
 777 00cb 07       		.uleb128 0x7
 778 00cc 8D000000 		.4byte	0x8d
 779 00d0 06       		.uleb128 0x6
 780 00d1 00000000 		.4byte	.LASF19
 781 00d5 03       		.byte	0x3
 782 00d6 9302     		.2byte	0x293
 783 00d8 DC000000 		.4byte	0xdc
 784 00dc 07       		.uleb128 0x7
 785 00dd A5000000 		.4byte	0xa5
 786 00e1 08       		.uleb128 0x8
 787 00e2 02       		.byte	0x2
 788 00e3 01       		.byte	0x1
 789 00e4 97       		.byte	0x97
 790 00e5 02010000 		.4byte	0x102
 791 00e9 09       		.uleb128 0x9
 792 00ea 0A020000 		.4byte	.LASF20
 793 00ee 01       		.byte	0x1
 794 00ef 99       		.byte	0x99
 795 00f0 8D000000 		.4byte	0x8d
 796 00f4 00       		.byte	0
 797 00f5 09       		.uleb128 0x9
 798 00f6 1E000000 		.4byte	.LASF21
 799 00fa 01       		.byte	0x1
 800 00fb 9A       		.byte	0x9a
 801 00fc 8D000000 		.4byte	0x8d
 802 0100 01       		.byte	0x1
 803 0101 00       		.byte	0
 804 0102 03       		.uleb128 0x3
 805 0103 F7010000 		.4byte	.LASF22
 806 0107 01       		.byte	0x1
 807 0108 9B       		.byte	0x9b
 808 0109 E1000000 		.4byte	0xe1
 809 010d 0A       		.uleb128 0xa
 810 010e 96000000 		.4byte	.LASF23
 811 0112 01       		.byte	0x1
 812 0113 4A       		.byte	0x4a
 813 0114 00000000 		.4byte	.LFB0
 814 0118 1E000000 		.4byte	.LFE0-.LFB0
 815 011c 01       		.uleb128 0x1
 816 011d 9C       		.byte	0x9c
 817 011e 3B010000 		.4byte	0x13b
 818 0122 0B       		.uleb128 0xb
 819 0123 7300     		.ascii	"s\000"
 820 0125 01       		.byte	0x1
 821 0126 4A       		.byte	0x4a
 822 0127 84000000 		.4byte	0x84
 823 012b 02       		.uleb128 0x2
ARM GAS  C:\Users\Arturo\AppData\Local\Temp\ccYR2wjg.s 			page 23


 824 012c 91       		.byte	0x91
 825 012d 74       		.sleb128 -12
 826 012e 0B       		.uleb128 0xb
 827 012f 6E00     		.ascii	"n\000"
 828 0131 01       		.byte	0x1
 829 0132 4A       		.byte	0x4a
 830 0133 2C000000 		.4byte	0x2c
 831 0137 02       		.uleb128 0x2
 832 0138 91       		.byte	0x91
 833 0139 70       		.sleb128 -16
 834 013a 00       		.byte	0
 835 013b 0A       		.uleb128 0xa
 836 013c C6020000 		.4byte	.LASF24
 837 0140 01       		.byte	0x1
 838 0141 51       		.byte	0x51
 839 0142 00000000 		.4byte	.LFB1
 840 0146 20000000 		.4byte	.LFE1-.LFB1
 841 014a 01       		.uleb128 0x1
 842 014b 9C       		.byte	0x9c
 843 014c 79010000 		.4byte	0x179
 844 0150 0C       		.uleb128 0xc
 845 0151 5F000000 		.4byte	.LASF25
 846 0155 01       		.byte	0x1
 847 0156 51       		.byte	0x51
 848 0157 84000000 		.4byte	0x84
 849 015b 02       		.uleb128 0x2
 850 015c 91       		.byte	0x91
 851 015d 74       		.sleb128 -12
 852 015e 0B       		.uleb128 0xb
 853 015f 73726300 		.ascii	"src\000"
 854 0163 01       		.byte	0x1
 855 0164 51       		.byte	0x51
 856 0165 79010000 		.4byte	0x179
 857 0169 02       		.uleb128 0x2
 858 016a 91       		.byte	0x91
 859 016b 70       		.sleb128 -16
 860 016c 0B       		.uleb128 0xb
 861 016d 6E00     		.ascii	"n\000"
 862 016f 01       		.byte	0x1
 863 0170 51       		.byte	0x51
 864 0171 2C000000 		.4byte	0x2c
 865 0175 02       		.uleb128 0x2
 866 0176 91       		.byte	0x91
 867 0177 6C       		.sleb128 -20
 868 0178 00       		.byte	0
 869 0179 0D       		.uleb128 0xd
 870 017a 04       		.byte	0x4
 871 017b 7F010000 		.4byte	0x17f
 872 017f 0E       		.uleb128 0xe
 873 0180 0A       		.uleb128 0xa
 874 0181 B6020000 		.4byte	.LASF26
 875 0185 01       		.byte	0x1
 876 0186 58       		.byte	0x58
 877 0187 00000000 		.4byte	.LFB2
 878 018b 20000000 		.4byte	.LFE2-.LFB2
 879 018f 01       		.uleb128 0x1
 880 0190 9C       		.byte	0x9c
ARM GAS  C:\Users\Arturo\AppData\Local\Temp\ccYR2wjg.s 			page 24


 881 0191 BE010000 		.4byte	0x1be
 882 0195 0C       		.uleb128 0xc
 883 0196 5F000000 		.4byte	.LASF25
 884 019a 01       		.byte	0x1
 885 019b 58       		.byte	0x58
 886 019c 84000000 		.4byte	0x84
 887 01a0 02       		.uleb128 0x2
 888 01a1 91       		.byte	0x91
 889 01a2 74       		.sleb128 -12
 890 01a3 0B       		.uleb128 0xb
 891 01a4 73726300 		.ascii	"src\000"
 892 01a8 01       		.byte	0x1
 893 01a9 58       		.byte	0x58
 894 01aa 79010000 		.4byte	0x179
 895 01ae 02       		.uleb128 0x2
 896 01af 91       		.byte	0x91
 897 01b0 70       		.sleb128 -16
 898 01b1 0B       		.uleb128 0xb
 899 01b2 6E00     		.ascii	"n\000"
 900 01b4 01       		.byte	0x1
 901 01b5 58       		.byte	0x58
 902 01b6 2C000000 		.4byte	0x2c
 903 01ba 02       		.uleb128 0x2
 904 01bb 91       		.byte	0x91
 905 01bc 6C       		.sleb128 -20
 906 01bd 00       		.byte	0
 907 01be 0F       		.uleb128 0xf
 908 01bf 43010000 		.4byte	.LASF27
 909 01c3 01       		.byte	0x1
 910 01c4 AE       		.byte	0xae
 911 01c5 00000000 		.4byte	.LFB3
 912 01c9 82000000 		.4byte	.LFE3-.LFB3
 913 01cd 01       		.uleb128 0x1
 914 01ce 9C       		.byte	0x9c
 915 01cf 2E020000 		.4byte	0x22e
 916 01d3 0C       		.uleb128 0xc
 917 01d4 62010000 		.4byte	.LASF28
 918 01d8 01       		.byte	0x1
 919 01d9 AE       		.byte	0xae
 920 01da 2E020000 		.4byte	0x22e
 921 01de 02       		.uleb128 0x2
 922 01df 91       		.byte	0x91
 923 01e0 64       		.sleb128 -28
 924 01e1 0C       		.uleb128 0xc
 925 01e2 74010000 		.4byte	.LASF29
 926 01e6 01       		.byte	0x1
 927 01e7 AE       		.byte	0xae
 928 01e8 39020000 		.4byte	0x239
 929 01ec 02       		.uleb128 0x2
 930 01ed 91       		.byte	0x91
 931 01ee 60       		.sleb128 -32
 932 01ef 10       		.uleb128 0x10
 933 01f0 6900     		.ascii	"i\000"
 934 01f2 01       		.byte	0x1
 935 01f3 B1       		.byte	0xb1
 936 01f4 A5000000 		.4byte	0xa5
 937 01f8 02       		.uleb128 0x2
ARM GAS  C:\Users\Arturo\AppData\Local\Temp\ccYR2wjg.s 			page 25


 938 01f9 91       		.byte	0x91
 939 01fa 74       		.sleb128 -12
 940 01fb 10       		.uleb128 0x10
 941 01fc 6A00     		.ascii	"j\000"
 942 01fe 01       		.byte	0x1
 943 01ff B1       		.byte	0xb1
 944 0200 A5000000 		.4byte	0xa5
 945 0204 02       		.uleb128 0x2
 946 0205 91       		.byte	0x91
 947 0206 70       		.sleb128 -16
 948 0207 11       		.uleb128 0x11
 949 0208 14000000 		.4byte	.LBB2
 950 020c 5A000000 		.4byte	.LBE2-.LBB2
 951 0210 12       		.uleb128 0x12
 952 0211 BF010000 		.4byte	.LASF30
 953 0215 01       		.byte	0x1
 954 0216 B4       		.byte	0xb4
 955 0217 A5000000 		.4byte	0xa5
 956 021b 02       		.uleb128 0x2
 957 021c 91       		.byte	0x91
 958 021d 68       		.sleb128 -24
 959 021e 12       		.uleb128 0x12
 960 021f 24000000 		.4byte	.LASF31
 961 0223 01       		.byte	0x1
 962 0224 B5       		.byte	0xb5
 963 0225 8D000000 		.4byte	0x8d
 964 0229 02       		.uleb128 0x2
 965 022a 91       		.byte	0x91
 966 022b 6F       		.sleb128 -17
 967 022c 00       		.byte	0
 968 022d 00       		.byte	0
 969 022e 0D       		.uleb128 0xd
 970 022f 04       		.byte	0x4
 971 0230 34020000 		.4byte	0x234
 972 0234 13       		.uleb128 0x13
 973 0235 A5000000 		.4byte	0xa5
 974 0239 0D       		.uleb128 0xd
 975 023a 04       		.byte	0x4
 976 023b 3F020000 		.4byte	0x23f
 977 023f 13       		.uleb128 0x13
 978 0240 02010000 		.4byte	0x102
 979 0244 14       		.uleb128 0x14
 980 0245 2A000000 		.4byte	.LASF32
 981 0249 01       		.byte	0x1
 982 024a D3       		.byte	0xd3
 983 024b 00000000 		.4byte	.LFB4
 984 024f 84000000 		.4byte	.LFE4-.LFB4
 985 0253 01       		.uleb128 0x1
 986 0254 9C       		.byte	0x9c
 987 0255 15       		.uleb128 0x15
 988 0256 0D000000 		.4byte	.LASF33
 989 025a 01       		.byte	0x1
 990 025b 0701     		.2byte	0x107
 991 025d 00000000 		.4byte	.LFB5
 992 0261 0A000000 		.4byte	.LFE5-.LFB5
 993 0265 01       		.uleb128 0x1
 994 0266 9C       		.byte	0x9c
ARM GAS  C:\Users\Arturo\AppData\Local\Temp\ccYR2wjg.s 			page 26


 995 0267 16       		.uleb128 0x16
 996 0268 55010000 		.4byte	.LASF43
 997 026c 01       		.byte	0x1
 998 026d 1F01     		.2byte	0x11f
 999 026f 84000000 		.4byte	.LFB6
 1000 0273 F4000000 		.4byte	.LFE6-.LFB6
 1001 0277 01       		.uleb128 0x1
 1002 0278 9C       		.byte	0x9c
 1003 0279 33030000 		.4byte	0x333
 1004 027d 11       		.uleb128 0x11
 1005 027e 8C000000 		.4byte	.LBB3
 1006 0282 9C000000 		.4byte	.LBE3-.LBB3
 1007 0286 17       		.uleb128 0x17
 1008 0287 35000000 		.4byte	.LASF34
 1009 028b 01       		.byte	0x1
 1010 028c 2501     		.2byte	0x125
 1011 028e 43030000 		.4byte	0x343
 1012 0292 05       		.uleb128 0x5
 1013 0293 03       		.byte	0x3
 1014 0294 0C000000 		.4byte	cy_cfg_addr_table.4864
 1015 0298 17       		.uleb128 0x17
 1016 0299 47000000 		.4byte	.LASF35
 1017 029d 01       		.byte	0x1
 1018 029e 2D01     		.2byte	0x12d
 1019 02a0 58030000 		.4byte	0x358
 1020 02a4 05       		.uleb128 0x5
 1021 02a5 03       		.byte	0x3
 1022 02a6 20000000 		.4byte	cy_cfg_data_table.4865
 1023 02aa 18       		.uleb128 0x18
 1024 02ab 06       		.byte	0x6
 1025 02ac 01       		.byte	0x1
 1026 02ad 7C01     		.2byte	0x17c
 1027 02af CE020000 		.4byte	0x2ce
 1028 02b3 19       		.uleb128 0x19
 1029 02b4 93010000 		.4byte	.LASF36
 1030 02b8 01       		.byte	0x1
 1031 02b9 7D01     		.2byte	0x17d
 1032 02bb 84000000 		.4byte	0x84
 1033 02bf 00       		.byte	0
 1034 02c0 19       		.uleb128 0x19
 1035 02c1 74000000 		.4byte	.LASF37
 1036 02c5 01       		.byte	0x1
 1037 02c6 7E01     		.2byte	0x17e
 1038 02c8 99000000 		.4byte	0x99
 1039 02cc 04       		.byte	0x4
 1040 02cd 00       		.byte	0
 1041 02ce 06       		.uleb128 0x6
 1042 02cf B2010000 		.4byte	.LASF38
 1043 02d3 01       		.byte	0x1
 1044 02d4 7F01     		.2byte	0x17f
 1045 02d6 AA020000 		.4byte	0x2aa
 1046 02da 1A       		.uleb128 0x1a
 1047 02db EA020000 		.4byte	0x2ea
 1048 02df EA020000 		.4byte	0x2ea
 1049 02e3 1B       		.uleb128 0x1b
 1050 02e4 7D000000 		.4byte	0x7d
 1051 02e8 01       		.byte	0x1
ARM GAS  C:\Users\Arturo\AppData\Local\Temp\ccYR2wjg.s 			page 27


 1052 02e9 00       		.byte	0
 1053 02ea 13       		.uleb128 0x13
 1054 02eb CE020000 		.4byte	0x2ce
 1055 02ef 17       		.uleb128 0x17
 1056 02f0 64000000 		.4byte	.LASF39
 1057 02f4 01       		.byte	0x1
 1058 02f5 8101     		.2byte	0x181
 1059 02f7 01030000 		.4byte	0x301
 1060 02fb 05       		.uleb128 0x5
 1061 02fc 03       		.byte	0x3
 1062 02fd 00000000 		.4byte	cfg_memset_list.4870
 1063 0301 13       		.uleb128 0x13
 1064 0302 DA020000 		.4byte	0x2da
 1065 0306 1C       		.uleb128 0x1c
 1066 0307 6900     		.ascii	"i\000"
 1067 0309 01       		.byte	0x1
 1068 030a 8701     		.2byte	0x187
 1069 030c 8D000000 		.4byte	0x8d
 1070 0310 02       		.uleb128 0x2
 1071 0311 91       		.byte	0x91
 1072 0312 77       		.sleb128 -9
 1073 0313 11       		.uleb128 0x11
 1074 0314 94000000 		.4byte	.LBB4
 1075 0318 3C000000 		.4byte	.LBE4-.LBB4
 1076 031c 1C       		.uleb128 0x1c
 1077 031d 6D7300   		.ascii	"ms\000"
 1078 0320 01       		.byte	0x1
 1079 0321 8C01     		.2byte	0x18c
 1080 0323 2A030000 		.4byte	0x32a
 1081 0327 02       		.uleb128 0x2
 1082 0328 91       		.byte	0x91
 1083 0329 70       		.sleb128 -16
 1084 032a 0D       		.uleb128 0xd
 1085 032b 04       		.byte	0x4
 1086 032c EA020000 		.4byte	0x2ea
 1087 0330 00       		.byte	0
 1088 0331 00       		.byte	0
 1089 0332 00       		.byte	0
 1090 0333 1A       		.uleb128 0x1a
 1091 0334 34020000 		.4byte	0x234
 1092 0338 43030000 		.4byte	0x343
 1093 033c 1B       		.uleb128 0x1b
 1094 033d 7D000000 		.4byte	0x7d
 1095 0341 04       		.byte	0x4
 1096 0342 00       		.byte	0
 1097 0343 13       		.uleb128 0x13
 1098 0344 33030000 		.4byte	0x333
 1099 0348 1A       		.uleb128 0x1a
 1100 0349 3F020000 		.4byte	0x23f
 1101 034d 58030000 		.4byte	0x358
 1102 0351 1B       		.uleb128 0x1b
 1103 0352 7D000000 		.4byte	0x7d
 1104 0356 49       		.byte	0x49
 1105 0357 00       		.byte	0
 1106 0358 13       		.uleb128 0x13
 1107 0359 48030000 		.4byte	0x348
 1108 035d 00       		.byte	0
ARM GAS  C:\Users\Arturo\AppData\Local\Temp\ccYR2wjg.s 			page 28


 1109              		.section	.debug_abbrev,"",%progbits
 1110              	.Ldebug_abbrev0:
 1111 0000 01       		.uleb128 0x1
 1112 0001 11       		.uleb128 0x11
 1113 0002 01       		.byte	0x1
 1114 0003 25       		.uleb128 0x25
 1115 0004 0E       		.uleb128 0xe
 1116 0005 13       		.uleb128 0x13
 1117 0006 0B       		.uleb128 0xb
 1118 0007 03       		.uleb128 0x3
 1119 0008 0E       		.uleb128 0xe
 1120 0009 1B       		.uleb128 0x1b
 1121 000a 0E       		.uleb128 0xe
 1122 000b 55       		.uleb128 0x55
 1123 000c 17       		.uleb128 0x17
 1124 000d 11       		.uleb128 0x11
 1125 000e 01       		.uleb128 0x1
 1126 000f 10       		.uleb128 0x10
 1127 0010 17       		.uleb128 0x17
 1128 0011 00       		.byte	0
 1129 0012 00       		.byte	0
 1130 0013 02       		.uleb128 0x2
 1131 0014 24       		.uleb128 0x24
 1132 0015 00       		.byte	0
 1133 0016 0B       		.uleb128 0xb
 1134 0017 0B       		.uleb128 0xb
 1135 0018 3E       		.uleb128 0x3e
 1136 0019 0B       		.uleb128 0xb
 1137 001a 03       		.uleb128 0x3
 1138 001b 08       		.uleb128 0x8
 1139 001c 00       		.byte	0
 1140 001d 00       		.byte	0
 1141 001e 03       		.uleb128 0x3
 1142 001f 16       		.uleb128 0x16
 1143 0020 00       		.byte	0
 1144 0021 03       		.uleb128 0x3
 1145 0022 0E       		.uleb128 0xe
 1146 0023 3A       		.uleb128 0x3a
 1147 0024 0B       		.uleb128 0xb
 1148 0025 3B       		.uleb128 0x3b
 1149 0026 0B       		.uleb128 0xb
 1150 0027 49       		.uleb128 0x49
 1151 0028 13       		.uleb128 0x13
 1152 0029 00       		.byte	0
 1153 002a 00       		.byte	0
 1154 002b 04       		.uleb128 0x4
 1155 002c 24       		.uleb128 0x24
 1156 002d 00       		.byte	0
 1157 002e 0B       		.uleb128 0xb
 1158 002f 0B       		.uleb128 0xb
 1159 0030 3E       		.uleb128 0x3e
 1160 0031 0B       		.uleb128 0xb
 1161 0032 03       		.uleb128 0x3
 1162 0033 0E       		.uleb128 0xe
 1163 0034 00       		.byte	0
 1164 0035 00       		.byte	0
 1165 0036 05       		.uleb128 0x5
ARM GAS  C:\Users\Arturo\AppData\Local\Temp\ccYR2wjg.s 			page 29


 1166 0037 0F       		.uleb128 0xf
 1167 0038 00       		.byte	0
 1168 0039 0B       		.uleb128 0xb
 1169 003a 0B       		.uleb128 0xb
 1170 003b 00       		.byte	0
 1171 003c 00       		.byte	0
 1172 003d 06       		.uleb128 0x6
 1173 003e 16       		.uleb128 0x16
 1174 003f 00       		.byte	0
 1175 0040 03       		.uleb128 0x3
 1176 0041 0E       		.uleb128 0xe
 1177 0042 3A       		.uleb128 0x3a
 1178 0043 0B       		.uleb128 0xb
 1179 0044 3B       		.uleb128 0x3b
 1180 0045 05       		.uleb128 0x5
 1181 0046 49       		.uleb128 0x49
 1182 0047 13       		.uleb128 0x13
 1183 0048 00       		.byte	0
 1184 0049 00       		.byte	0
 1185 004a 07       		.uleb128 0x7
 1186 004b 35       		.uleb128 0x35
 1187 004c 00       		.byte	0
 1188 004d 49       		.uleb128 0x49
 1189 004e 13       		.uleb128 0x13
 1190 004f 00       		.byte	0
 1191 0050 00       		.byte	0
 1192 0051 08       		.uleb128 0x8
 1193 0052 13       		.uleb128 0x13
 1194 0053 01       		.byte	0x1
 1195 0054 0B       		.uleb128 0xb
 1196 0055 0B       		.uleb128 0xb
 1197 0056 3A       		.uleb128 0x3a
 1198 0057 0B       		.uleb128 0xb
 1199 0058 3B       		.uleb128 0x3b
 1200 0059 0B       		.uleb128 0xb
 1201 005a 01       		.uleb128 0x1
 1202 005b 13       		.uleb128 0x13
 1203 005c 00       		.byte	0
 1204 005d 00       		.byte	0
 1205 005e 09       		.uleb128 0x9
 1206 005f 0D       		.uleb128 0xd
 1207 0060 00       		.byte	0
 1208 0061 03       		.uleb128 0x3
 1209 0062 0E       		.uleb128 0xe
 1210 0063 3A       		.uleb128 0x3a
 1211 0064 0B       		.uleb128 0xb
 1212 0065 3B       		.uleb128 0x3b
 1213 0066 0B       		.uleb128 0xb
 1214 0067 49       		.uleb128 0x49
 1215 0068 13       		.uleb128 0x13
 1216 0069 38       		.uleb128 0x38
 1217 006a 0B       		.uleb128 0xb
 1218 006b 00       		.byte	0
 1219 006c 00       		.byte	0
 1220 006d 0A       		.uleb128 0xa
 1221 006e 2E       		.uleb128 0x2e
 1222 006f 01       		.byte	0x1
ARM GAS  C:\Users\Arturo\AppData\Local\Temp\ccYR2wjg.s 			page 30


 1223 0070 03       		.uleb128 0x3
 1224 0071 0E       		.uleb128 0xe
 1225 0072 3A       		.uleb128 0x3a
 1226 0073 0B       		.uleb128 0xb
 1227 0074 3B       		.uleb128 0x3b
 1228 0075 0B       		.uleb128 0xb
 1229 0076 27       		.uleb128 0x27
 1230 0077 19       		.uleb128 0x19
 1231 0078 11       		.uleb128 0x11
 1232 0079 01       		.uleb128 0x1
 1233 007a 12       		.uleb128 0x12
 1234 007b 06       		.uleb128 0x6
 1235 007c 40       		.uleb128 0x40
 1236 007d 18       		.uleb128 0x18
 1237 007e 9642     		.uleb128 0x2116
 1238 0080 19       		.uleb128 0x19
 1239 0081 01       		.uleb128 0x1
 1240 0082 13       		.uleb128 0x13
 1241 0083 00       		.byte	0
 1242 0084 00       		.byte	0
 1243 0085 0B       		.uleb128 0xb
 1244 0086 05       		.uleb128 0x5
 1245 0087 00       		.byte	0
 1246 0088 03       		.uleb128 0x3
 1247 0089 08       		.uleb128 0x8
 1248 008a 3A       		.uleb128 0x3a
 1249 008b 0B       		.uleb128 0xb
 1250 008c 3B       		.uleb128 0x3b
 1251 008d 0B       		.uleb128 0xb
 1252 008e 49       		.uleb128 0x49
 1253 008f 13       		.uleb128 0x13
 1254 0090 02       		.uleb128 0x2
 1255 0091 18       		.uleb128 0x18
 1256 0092 00       		.byte	0
 1257 0093 00       		.byte	0
 1258 0094 0C       		.uleb128 0xc
 1259 0095 05       		.uleb128 0x5
 1260 0096 00       		.byte	0
 1261 0097 03       		.uleb128 0x3
 1262 0098 0E       		.uleb128 0xe
 1263 0099 3A       		.uleb128 0x3a
 1264 009a 0B       		.uleb128 0xb
 1265 009b 3B       		.uleb128 0x3b
 1266 009c 0B       		.uleb128 0xb
 1267 009d 49       		.uleb128 0x49
 1268 009e 13       		.uleb128 0x13
 1269 009f 02       		.uleb128 0x2
 1270 00a0 18       		.uleb128 0x18
 1271 00a1 00       		.byte	0
 1272 00a2 00       		.byte	0
 1273 00a3 0D       		.uleb128 0xd
 1274 00a4 0F       		.uleb128 0xf
 1275 00a5 00       		.byte	0
 1276 00a6 0B       		.uleb128 0xb
 1277 00a7 0B       		.uleb128 0xb
 1278 00a8 49       		.uleb128 0x49
 1279 00a9 13       		.uleb128 0x13
ARM GAS  C:\Users\Arturo\AppData\Local\Temp\ccYR2wjg.s 			page 31


 1280 00aa 00       		.byte	0
 1281 00ab 00       		.byte	0
 1282 00ac 0E       		.uleb128 0xe
 1283 00ad 26       		.uleb128 0x26
 1284 00ae 00       		.byte	0
 1285 00af 00       		.byte	0
 1286 00b0 00       		.byte	0
 1287 00b1 0F       		.uleb128 0xf
 1288 00b2 2E       		.uleb128 0x2e
 1289 00b3 01       		.byte	0x1
 1290 00b4 03       		.uleb128 0x3
 1291 00b5 0E       		.uleb128 0xe
 1292 00b6 3A       		.uleb128 0x3a
 1293 00b7 0B       		.uleb128 0xb
 1294 00b8 3B       		.uleb128 0x3b
 1295 00b9 0B       		.uleb128 0xb
 1296 00ba 27       		.uleb128 0x27
 1297 00bb 19       		.uleb128 0x19
 1298 00bc 11       		.uleb128 0x11
 1299 00bd 01       		.uleb128 0x1
 1300 00be 12       		.uleb128 0x12
 1301 00bf 06       		.uleb128 0x6
 1302 00c0 40       		.uleb128 0x40
 1303 00c1 18       		.uleb128 0x18
 1304 00c2 9742     		.uleb128 0x2117
 1305 00c4 19       		.uleb128 0x19
 1306 00c5 01       		.uleb128 0x1
 1307 00c6 13       		.uleb128 0x13
 1308 00c7 00       		.byte	0
 1309 00c8 00       		.byte	0
 1310 00c9 10       		.uleb128 0x10
 1311 00ca 34       		.uleb128 0x34
 1312 00cb 00       		.byte	0
 1313 00cc 03       		.uleb128 0x3
 1314 00cd 08       		.uleb128 0x8
 1315 00ce 3A       		.uleb128 0x3a
 1316 00cf 0B       		.uleb128 0xb
 1317 00d0 3B       		.uleb128 0x3b
 1318 00d1 0B       		.uleb128 0xb
 1319 00d2 49       		.uleb128 0x49
 1320 00d3 13       		.uleb128 0x13
 1321 00d4 02       		.uleb128 0x2
 1322 00d5 18       		.uleb128 0x18
 1323 00d6 00       		.byte	0
 1324 00d7 00       		.byte	0
 1325 00d8 11       		.uleb128 0x11
 1326 00d9 0B       		.uleb128 0xb
 1327 00da 01       		.byte	0x1
 1328 00db 11       		.uleb128 0x11
 1329 00dc 01       		.uleb128 0x1
 1330 00dd 12       		.uleb128 0x12
 1331 00de 06       		.uleb128 0x6
 1332 00df 00       		.byte	0
 1333 00e0 00       		.byte	0
 1334 00e1 12       		.uleb128 0x12
 1335 00e2 34       		.uleb128 0x34
 1336 00e3 00       		.byte	0
ARM GAS  C:\Users\Arturo\AppData\Local\Temp\ccYR2wjg.s 			page 32


 1337 00e4 03       		.uleb128 0x3
 1338 00e5 0E       		.uleb128 0xe
 1339 00e6 3A       		.uleb128 0x3a
 1340 00e7 0B       		.uleb128 0xb
 1341 00e8 3B       		.uleb128 0x3b
 1342 00e9 0B       		.uleb128 0xb
 1343 00ea 49       		.uleb128 0x49
 1344 00eb 13       		.uleb128 0x13
 1345 00ec 02       		.uleb128 0x2
 1346 00ed 18       		.uleb128 0x18
 1347 00ee 00       		.byte	0
 1348 00ef 00       		.byte	0
 1349 00f0 13       		.uleb128 0x13
 1350 00f1 26       		.uleb128 0x26
 1351 00f2 00       		.byte	0
 1352 00f3 49       		.uleb128 0x49
 1353 00f4 13       		.uleb128 0x13
 1354 00f5 00       		.byte	0
 1355 00f6 00       		.byte	0
 1356 00f7 14       		.uleb128 0x14
 1357 00f8 2E       		.uleb128 0x2e
 1358 00f9 00       		.byte	0
 1359 00fa 03       		.uleb128 0x3
 1360 00fb 0E       		.uleb128 0xe
 1361 00fc 3A       		.uleb128 0x3a
 1362 00fd 0B       		.uleb128 0xb
 1363 00fe 3B       		.uleb128 0x3b
 1364 00ff 0B       		.uleb128 0xb
 1365 0100 27       		.uleb128 0x27
 1366 0101 19       		.uleb128 0x19
 1367 0102 11       		.uleb128 0x11
 1368 0103 01       		.uleb128 0x1
 1369 0104 12       		.uleb128 0x12
 1370 0105 06       		.uleb128 0x6
 1371 0106 40       		.uleb128 0x40
 1372 0107 18       		.uleb128 0x18
 1373 0108 9642     		.uleb128 0x2116
 1374 010a 19       		.uleb128 0x19
 1375 010b 00       		.byte	0
 1376 010c 00       		.byte	0
 1377 010d 15       		.uleb128 0x15
 1378 010e 2E       		.uleb128 0x2e
 1379 010f 00       		.byte	0
 1380 0110 03       		.uleb128 0x3
 1381 0111 0E       		.uleb128 0xe
 1382 0112 3A       		.uleb128 0x3a
 1383 0113 0B       		.uleb128 0xb
 1384 0114 3B       		.uleb128 0x3b
 1385 0115 05       		.uleb128 0x5
 1386 0116 27       		.uleb128 0x27
 1387 0117 19       		.uleb128 0x19
 1388 0118 11       		.uleb128 0x11
 1389 0119 01       		.uleb128 0x1
 1390 011a 12       		.uleb128 0x12
 1391 011b 06       		.uleb128 0x6
 1392 011c 40       		.uleb128 0x40
 1393 011d 18       		.uleb128 0x18
ARM GAS  C:\Users\Arturo\AppData\Local\Temp\ccYR2wjg.s 			page 33


 1394 011e 9742     		.uleb128 0x2117
 1395 0120 19       		.uleb128 0x19
 1396 0121 00       		.byte	0
 1397 0122 00       		.byte	0
 1398 0123 16       		.uleb128 0x16
 1399 0124 2E       		.uleb128 0x2e
 1400 0125 01       		.byte	0x1
 1401 0126 3F       		.uleb128 0x3f
 1402 0127 19       		.uleb128 0x19
 1403 0128 03       		.uleb128 0x3
 1404 0129 0E       		.uleb128 0xe
 1405 012a 3A       		.uleb128 0x3a
 1406 012b 0B       		.uleb128 0xb
 1407 012c 3B       		.uleb128 0x3b
 1408 012d 05       		.uleb128 0x5
 1409 012e 27       		.uleb128 0x27
 1410 012f 19       		.uleb128 0x19
 1411 0130 11       		.uleb128 0x11
 1412 0131 01       		.uleb128 0x1
 1413 0132 12       		.uleb128 0x12
 1414 0133 06       		.uleb128 0x6
 1415 0134 40       		.uleb128 0x40
 1416 0135 18       		.uleb128 0x18
 1417 0136 9642     		.uleb128 0x2116
 1418 0138 19       		.uleb128 0x19
 1419 0139 01       		.uleb128 0x1
 1420 013a 13       		.uleb128 0x13
 1421 013b 00       		.byte	0
 1422 013c 00       		.byte	0
 1423 013d 17       		.uleb128 0x17
 1424 013e 34       		.uleb128 0x34
 1425 013f 00       		.byte	0
 1426 0140 03       		.uleb128 0x3
 1427 0141 0E       		.uleb128 0xe
 1428 0142 3A       		.uleb128 0x3a
 1429 0143 0B       		.uleb128 0xb
 1430 0144 3B       		.uleb128 0x3b
 1431 0145 05       		.uleb128 0x5
 1432 0146 49       		.uleb128 0x49
 1433 0147 13       		.uleb128 0x13
 1434 0148 02       		.uleb128 0x2
 1435 0149 18       		.uleb128 0x18
 1436 014a 00       		.byte	0
 1437 014b 00       		.byte	0
 1438 014c 18       		.uleb128 0x18
 1439 014d 13       		.uleb128 0x13
 1440 014e 01       		.byte	0x1
 1441 014f 0B       		.uleb128 0xb
 1442 0150 0B       		.uleb128 0xb
 1443 0151 3A       		.uleb128 0x3a
 1444 0152 0B       		.uleb128 0xb
 1445 0153 3B       		.uleb128 0x3b
 1446 0154 05       		.uleb128 0x5
 1447 0155 01       		.uleb128 0x1
 1448 0156 13       		.uleb128 0x13
 1449 0157 00       		.byte	0
 1450 0158 00       		.byte	0
ARM GAS  C:\Users\Arturo\AppData\Local\Temp\ccYR2wjg.s 			page 34


 1451 0159 19       		.uleb128 0x19
 1452 015a 0D       		.uleb128 0xd
 1453 015b 00       		.byte	0
 1454 015c 03       		.uleb128 0x3
 1455 015d 0E       		.uleb128 0xe
 1456 015e 3A       		.uleb128 0x3a
 1457 015f 0B       		.uleb128 0xb
 1458 0160 3B       		.uleb128 0x3b
 1459 0161 05       		.uleb128 0x5
 1460 0162 49       		.uleb128 0x49
 1461 0163 13       		.uleb128 0x13
 1462 0164 38       		.uleb128 0x38
 1463 0165 0B       		.uleb128 0xb
 1464 0166 00       		.byte	0
 1465 0167 00       		.byte	0
 1466 0168 1A       		.uleb128 0x1a
 1467 0169 01       		.uleb128 0x1
 1468 016a 01       		.byte	0x1
 1469 016b 49       		.uleb128 0x49
 1470 016c 13       		.uleb128 0x13
 1471 016d 01       		.uleb128 0x1
 1472 016e 13       		.uleb128 0x13
 1473 016f 00       		.byte	0
 1474 0170 00       		.byte	0
 1475 0171 1B       		.uleb128 0x1b
 1476 0172 21       		.uleb128 0x21
 1477 0173 00       		.byte	0
 1478 0174 49       		.uleb128 0x49
 1479 0175 13       		.uleb128 0x13
 1480 0176 2F       		.uleb128 0x2f
 1481 0177 0B       		.uleb128 0xb
 1482 0178 00       		.byte	0
 1483 0179 00       		.byte	0
 1484 017a 1C       		.uleb128 0x1c
 1485 017b 34       		.uleb128 0x34
 1486 017c 00       		.byte	0
 1487 017d 03       		.uleb128 0x3
 1488 017e 08       		.uleb128 0x8
 1489 017f 3A       		.uleb128 0x3a
 1490 0180 0B       		.uleb128 0xb
 1491 0181 3B       		.uleb128 0x3b
 1492 0182 05       		.uleb128 0x5
 1493 0183 49       		.uleb128 0x49
 1494 0184 13       		.uleb128 0x13
 1495 0185 02       		.uleb128 0x2
 1496 0186 18       		.uleb128 0x18
 1497 0187 00       		.byte	0
 1498 0188 00       		.byte	0
 1499 0189 00       		.byte	0
 1500              		.section	.debug_aranges,"",%progbits
 1501 0000 4C000000 		.4byte	0x4c
 1502 0004 0200     		.2byte	0x2
 1503 0006 00000000 		.4byte	.Ldebug_info0
 1504 000a 04       		.byte	0x4
 1505 000b 00       		.byte	0
 1506 000c 0000     		.2byte	0
 1507 000e 0000     		.2byte	0
ARM GAS  C:\Users\Arturo\AppData\Local\Temp\ccYR2wjg.s 			page 35


 1508 0010 00000000 		.4byte	.LFB0
 1509 0014 1E000000 		.4byte	.LFE0-.LFB0
 1510 0018 00000000 		.4byte	.LFB1
 1511 001c 20000000 		.4byte	.LFE1-.LFB1
 1512 0020 00000000 		.4byte	.LFB2
 1513 0024 20000000 		.4byte	.LFE2-.LFB2
 1514 0028 00000000 		.4byte	.LFB3
 1515 002c 82000000 		.4byte	.LFE3-.LFB3
 1516 0030 00000000 		.4byte	.LFB4
 1517 0034 84000000 		.4byte	.LFE4-.LFB4
 1518 0038 00000000 		.4byte	.LFB5
 1519 003c 0A000000 		.4byte	.LFE5-.LFB5
 1520 0040 84000000 		.4byte	.LFB6
 1521 0044 F4000000 		.4byte	.LFE6-.LFB6
 1522 0048 00000000 		.4byte	0
 1523 004c 00000000 		.4byte	0
 1524              		.section	.debug_ranges,"",%progbits
 1525              	.Ldebug_ranges0:
 1526 0000 00000000 		.4byte	.LFB0
 1527 0004 1E000000 		.4byte	.LFE0
 1528 0008 00000000 		.4byte	.LFB1
 1529 000c 20000000 		.4byte	.LFE1
 1530 0010 00000000 		.4byte	.LFB2
 1531 0014 20000000 		.4byte	.LFE2
 1532 0018 00000000 		.4byte	.LFB3
 1533 001c 82000000 		.4byte	.LFE3
 1534 0020 00000000 		.4byte	.LFB4
 1535 0024 84000000 		.4byte	.LFE4
 1536 0028 00000000 		.4byte	.LFB5
 1537 002c 0A000000 		.4byte	.LFE5
 1538 0030 84000000 		.4byte	.LFB6
 1539 0034 78010000 		.4byte	.LFE6
 1540 0038 00000000 		.4byte	0
 1541 003c 00000000 		.4byte	0
 1542              		.section	.debug_line,"",%progbits
 1543              	.Ldebug_line0:
 1544 0000 87010000 		.section	.debug_str,"MS",%progbits,1
 1544      0200CB00 
 1544      00000201 
 1544      FB0E0D00 
 1544      01010101 
 1545              	.LASF19:
 1546 0000 72656733 		.ascii	"reg32\000"
 1546      3200
 1547              	.LASF12:
 1548 0006 73697A65 		.ascii	"size_t\000"
 1548      5F7400
 1549              	.LASF33:
 1550 000d 416E616C 		.ascii	"AnalogSetDefault\000"
 1550      6F675365 
 1550      74446566 
 1550      61756C74 
 1550      00
 1551              	.LASF21:
 1552 001e 76616C75 		.ascii	"value\000"
 1552      6500
 1553              	.LASF31:
ARM GAS  C:\Users\Arturo\AppData\Local\Temp\ccYR2wjg.s 			page 36


 1554 0024 636F756E 		.ascii	"count\000"
 1554      7400
 1555              	.LASF32:
 1556 002a 436C6F63 		.ascii	"ClockSetup\000"
 1556      6B536574 
 1556      757000
 1557              	.LASF34:
 1558 0035 63795F63 		.ascii	"cy_cfg_addr_table\000"
 1558      66675F61 
 1558      6464725F 
 1558      7461626C 
 1558      6500
 1559              	.LASF35:
 1560 0047 63795F63 		.ascii	"cy_cfg_data_table\000"
 1560      66675F64 
 1560      6174615F 
 1560      7461626C 
 1560      6500
 1561              	.LASF16:
 1562 0059 666C6F61 		.ascii	"float\000"
 1562      7400
 1563              	.LASF25:
 1564 005f 64657374 		.ascii	"dest\000"
 1564      00
 1565              	.LASF39:
 1566 0064 6366675F 		.ascii	"cfg_memset_list\000"
 1566      6D656D73 
 1566      65745F6C 
 1566      69737400 
 1567              	.LASF37:
 1568 0074 73697A65 		.ascii	"size\000"
 1568      00
 1569              	.LASF18:
 1570 0079 72656738 		.ascii	"reg8\000"
 1570      00
 1571              	.LASF8:
 1572 007e 6C6F6E67 		.ascii	"long unsigned int\000"
 1572      20756E73 
 1572      69676E65 
 1572      6420696E 
 1572      7400
 1573              	.LASF13:
 1574 0090 75696E74 		.ascii	"uint8\000"
 1574      3800
 1575              	.LASF23:
 1576 0096 43594D45 		.ascii	"CYMEMZERO\000"
 1576      4D5A4552 
 1576      4F00
 1577              	.LASF40:
 1578 00a0 474E5520 		.ascii	"GNU C11 5.4.1 20160609 (release) [ARM/embedded-5-br"
 1578      43313120 
 1578      352E342E 
 1578      31203230 
 1578      31363036 
 1579 00d3 616E6368 		.ascii	"anch revision 237715] -mcpu=cortex-m0 -mthumb -g -O"
 1579      20726576 
 1579      6973696F 
ARM GAS  C:\Users\Arturo\AppData\Local\Temp\ccYR2wjg.s 			page 37


 1579      6E203233 
 1579      37373135 
 1580 0106 30202D66 		.ascii	"0 -ffunction-sections -ffat-lto-objects\000"
 1580      66756E63 
 1580      74696F6E 
 1580      2D736563 
 1580      74696F6E 
 1581              	.LASF4:
 1582 012e 756E7369 		.ascii	"unsigned char\000"
 1582      676E6564 
 1582      20636861 
 1582      7200
 1583              	.LASF17:
 1584 013c 646F7562 		.ascii	"double\000"
 1584      6C6500
 1585              	.LASF27:
 1586 0143 6366675F 		.ascii	"cfg_write_bytes32\000"
 1586      77726974 
 1586      655F6279 
 1586      74657333 
 1586      3200
 1587              	.LASF43:
 1588 0155 63796669 		.ascii	"cyfitter_cfg\000"
 1588      74746572 
 1588      5F636667 
 1588      00
 1589              	.LASF28:
 1590 0162 61646472 		.ascii	"addr_table\000"
 1590      5F746162 
 1590      6C6500
 1591              	.LASF14:
 1592 016d 75696E74 		.ascii	"uint16\000"
 1592      313600
 1593              	.LASF29:
 1594 0174 64617461 		.ascii	"data_table\000"
 1594      5F746162 
 1594      6C6500
 1595              	.LASF15:
 1596 017f 75696E74 		.ascii	"uint32\000"
 1596      333200
 1597              	.LASF0:
 1598 0186 756E7369 		.ascii	"unsigned int\000"
 1598      676E6564 
 1598      20696E74 
 1598      00
 1599              	.LASF36:
 1600 0193 61646472 		.ascii	"address\000"
 1600      65737300 
 1601              	.LASF9:
 1602 019b 6C6F6E67 		.ascii	"long long unsigned int\000"
 1602      206C6F6E 
 1602      6720756E 
 1602      7369676E 
 1602      65642069 
 1603              	.LASF38:
 1604 01b2 6366675F 		.ascii	"cfg_memset_t\000"
 1604      6D656D73 
ARM GAS  C:\Users\Arturo\AppData\Local\Temp\ccYR2wjg.s 			page 38


 1604      65745F74 
 1604      00
 1605              	.LASF30:
 1606 01bf 62617365 		.ascii	"baseAddr\000"
 1606      41646472 
 1606      00
 1607              	.LASF10:
 1608 01c8 73697A65 		.ascii	"sizetype\000"
 1608      74797065 
 1608      00
 1609              	.LASF6:
 1610 01d1 73686F72 		.ascii	"short unsigned int\000"
 1610      7420756E 
 1610      7369676E 
 1610      65642069 
 1610      6E7400
 1611              	.LASF1:
 1612 01e4 6C6F6E67 		.ascii	"long long int\000"
 1612      206C6F6E 
 1612      6720696E 
 1612      7400
 1613              	.LASF11:
 1614 01f2 63686172 		.ascii	"char\000"
 1614      00
 1615              	.LASF22:
 1616 01f7 63795F63 		.ascii	"cy_cfg_addrvalue_t\000"
 1616      66675F61 
 1616      64647276 
 1616      616C7565 
 1616      5F7400
 1617              	.LASF20:
 1618 020a 6F666673 		.ascii	"offset\000"
 1618      657400
 1619              	.LASF5:
 1620 0211 73686F72 		.ascii	"short int\000"
 1620      7420696E 
 1620      7400
 1621              	.LASF7:
 1622 021b 6C6F6E67 		.ascii	"long int\000"
 1622      20696E74 
 1622      00
 1623              	.LASF2:
 1624 0224 6C6F6E67 		.ascii	"long double\000"
 1624      20646F75 
 1624      626C6500 
 1625              	.LASF42:
 1626 0230 433A5C55 		.ascii	"C:\\Users\\Arturo\\Documents\\MSC\\Subjects\\MDiscr"
 1626      73657273 
 1626      5C417274 
 1626      75726F5C 
 1626      446F6375 
 1627 025d 65746173 		.ascii	"etas\\Test\\Liquid Crystal Display.cydsn\000"
 1627      5C546573 
 1627      745C4C69 
 1627      71756964 
 1627      20437279 
 1628              	.LASF3:
ARM GAS  C:\Users\Arturo\AppData\Local\Temp\ccYR2wjg.s 			page 39


 1629 0284 7369676E 		.ascii	"signed char\000"
 1629      65642063 
 1629      68617200 
 1630              	.LASF41:
 1631 0290 47656E65 		.ascii	"Generated_Source\\PSoC4\\cyfitter_cfg.c\000"
 1631      72617465 
 1631      645F536F 
 1631      75726365 
 1631      5C50536F 
 1632              	.LASF26:
 1633 02b6 4359434F 		.ascii	"CYCONFIGCPYCODE\000"
 1633      4E464947 
 1633      43505943 
 1633      4F444500 
 1634              	.LASF24:
 1635 02c6 4359434F 		.ascii	"CYCONFIGCPY\000"
 1635      4E464947 
 1635      43505900 
 1636              		.ident	"GCC: (GNU Tools for ARM Embedded Processors) 5.4.1 20160609 (release) [ARM/embedded-5-bran
